PE 0: MPICH processor detected:
PE 0:   AuthenticAMD (21:1:2) (family:model:stepping)
MPI VERSION : CRAY MPICH version 6.3.0 (ANL base 3.0.3)
BUILD INFO  : Built Mon Mar 10 21:36:48 2014 (svn rev 10018) RT-G CPR-R
PE 0: MPICH environment settings:
PE 0:   MPICH_ENV_DISPLAY          = 1
PE 0:   MPICH_VERSION_DISPLAY      = 1
PE 0:   MPICH_ABORT_ON_ERROR       = 1
PE 0:   MPICH_CPUMASK_DISPLAY      = 0
PE 0:   MPICH_RANK_REORDER_METHOD  = 1
PE 0:   MPICH_RANK_REORDER_DISPLAY = 0
PE 0:   MPICH_MEMCPY_MEM_CHECK     = 0
PE 0:   MPICH_USE_SYSTEM_MEMCPY    = 1
PE 0:   MPICH_NO_BUFFER_ALIAS_CHECK= 0
PE 0:   MPICH_COLL_SYNC            = 0
PE 0:   MPICH_MSG_QUEUE_DBG        = 0
PE 0: MPICH/GPU environment settings:
PE 0:   MPICH_RDMA_ENABLED_CUDA    = 0
PE 0:   MPICH_G2G_PIPELINE         = 0
PE 0:   MPICH_NO_GPU_DIRECT        = 0
PE 0: MPICH/MPMD environment settings:
PE 0:   MPICH_DMAPP_APP_IS_WORLD   = 0
PE 0: MPICH/SMP environment settings:
PE 0:   MPICH_SMP_SINGLE_COPY_OFF  = 0
PE 0:   MPICH_SMP_SINGLE_COPY_SIZE = 8192
PE 0: MPICH/GNI environment settings:
PE 0:           MPICH_GNI_RECV_CQ_SIZE = 40960
PE 0:          MPICH_GNI_LOCAL_CQ_SIZE = 8192
PE 0:            MPICH_GNI_DEBUG_LEVEL = 0
PE 0:    MPICH_GNI_MAX_VSHORT_MSG_SIZE = 2000
PE 0:     MPICH_GNI_MAX_EAGER_MSG_SIZE = 8192
PE 0:               MPICH_GNI_NUM_BUFS = 64
PE 0:             MPICH_GNI_NUM_MBOXES = -1
PE 0:       MPICH_GNI_MBOXES_PER_BLOCK = 4096
PE 0:         MPICH_GNI_RDMA_THRESHOLD = 1024
PE 0:          MPICH_GNI_RCVCQ_PROCNUM = 1
PE 0:    MPICH_GNI_NDREG_ENTRIES(req.) = 999
PE 0:          MPICH_GNI_NDREG_MAXSIZE = 524288
PE 0:        MPICH_GNI_MALLOC_FALLBACK = 0
PE 0:          MPICH_GNI_NDREG_LAZYMEM = LAZY_ALL
PE 0:          MPICH_GNI_DMAPP_INTEROP = 1
PE 0:           MPICH_GNI_DYNAMIC_CONN = 1
PE 0:        MPICH_GNI_MAX_NUM_RETRIES = 16
PE 0:              MPICH_GNI_FORK_MODE = PARTCOPY
PE 0:         MPICH_GNI_MBOX_PLACEMENT = DEFAULT
PE 0:        MPICH_GNI_VC_MSG_PROTOCOL = MBOX
PE 0:      MPICH_GNI_BTE_MULTI_CHANNEL = 1
PE 0:           MPICH_GNI_LMT_GET_PATH = 1
PE 0:               MPICH_GNI_LMT_PATH = 1
PE 0:     MPICH_NEMESIS_ASYNC_PROGRESS = 0
PE 0: MPICH_GNI_ASYNC_PROGRESS_TIMEOUT = -1
PE 0:       MPICH_GNI_DATAGRAM_TIMEOUT = -1
PE 0:            MPICH_GNI_FMA_SHARING = 0
PE 0:          MPICH_GNI_USE_PCI_IOMMU = 0
PE 0:            MPICH_GNI_CQE_BACKOFF = 0
PE 0:    MPICH_GNI_USE_UNASSIGNED_CPUS = 1
PE 0:        MPICH_GNI_MEM_DEBUG_FNAME = 
PE 0: MPICH/COLLECTIVE environment settings:
PE 0:   MPICH_COLL_OPT_OFF         = 0
PE 0:   MPICH_COLL_BAL_INJECTION   = auto
PE 0:   MPICH_USE_DMAPP_COLL       = 0
PE 0:   MPICH_DMAPP_COLL_RADIX     = 64
PE 0:   MPICH_DMAPP_A2A_SHORT_MSG  = 4096
PE 0:   MPICH_DMAPP_A2A_USE_PUTS   = 0
PE 0:   MPICH_DMAPP_A2A_SYMBUF_SIZE= 262144
PE 0:   MPICH_BCAST_ONLY_TREE      = 1
PE 0:   MPICH_ALLTOALL_SHORT_MSG   = 32-2048
PE 0:   MPICH_ALLTOALLV_THROTTLE   = 1
PE 0:   MPICH_ALLGATHER_VSHORT_MSG = 1024-8192
PE 0:   MPICH_ALLGATHERV_VSHORT_MSG= 1024-8192
PE 0:   MPICH_GATHERV_SHORT_MSG    = 16384
PE 0:   MPICH_SCATTERV_SHORT_MSG   = 2048-8192
PE 0:   MPICH_SCATTERV_SYNCHRONOUS = 0
PE 0:   MPICH_ALLREDUCE_NO_SMP     = 0
PE 0:   MPICH_REDUCE_NO_SMP        = 0
PE 0: MPICH/MPIIO environment settings:
PE 0:   MPICH_MPIIO_HINTS_DISPLAY  = 0
PE 0:   MPICH_MPIIO_HINTS          = NULL
PE 0:   MPICH_MPIIO_ABORT_ON_RW_ERROR = disable
PE 0:   MPICH_MPIIO_CB_ALIGN       = 2
PE 0: MPICH Thread Safety settings:
PE 0:   MPICH_MAX_THREAD_SAFETY    = multiple
PE 0:   rank 0 required = multiple, was provided = multiple
Parallel: 1024 processors (using MPI)
Parallel: 16 threads per MPI process
Parallel: MPI Level Required: 3, provided: 3

WARNING: You have turned OFF .ups file validation... this may cause many unforeseen problems
         with your simulation run.  It is strongly suggested that you leave validation on!

Date:    Thu Oct 16 23:43:53 2014
Machine: nid06123
SVN: $Revision: 51394 $
SVN: $Date: 2013-12-17 17:36:21 -0500 (Tue, 17 Dec 2013) $
Assertion level: 0
CFLAGS: -fPIC  -fopenmp -Wall -g -O2 -DNDEBUG 
Implicit Solver: 	CGSolver
Simulation Component: 	'RMCRT_Test'
__________________________________ USING DOUBLE VERSION OF RMCRT
Load Balancer: 		SimpleLoadBalancer
Scheduler: 		UnifiedScheduler
	Using "MostMessages" Algorithm
	WARNING: Multi-threaded Unified scheduler is EXPERIMENTAL, not all tasks are thread safe yet.
	Creating 15 thread(s) for task execution.
Next checkpoint time is 0
Patch layout: 		(4,4,4)
Patch layout: 		(32,32,16)
Grid statistics:
Number of levels:		2
Level 0:
  Number of patches:		64
  Total number of cells:	287496 (4492.12 avg. per patch)
Level 1:
  Number of patches:		16384
  Total number of cells:	17173512 (1048.19 avg. per patch)
Total patches in grid:		16448
Total cells in grid:		17461008 (1061.59 avg. per patch)

__________________________________ USING DOUBLE VERSION OF RMCRT
__________________________________ Reading in RMCRT section of ups file
sigmaScat: 0
RMCRT: WARNING: You have specified only 1 ray to compute radiative fluxes.
For better accuracy and stability, specify nFluxRays greater than 2.
Compiling initialization taskgraph...
done taskgraph compile (0.01299 seconds)
Compiling taskgraph...
DONE TASKGRAPH RE-COMPILE (3.83991 seconds)
Time=0 (timestep 0), delT=0.00390625, elap T = 3.86, Memory Use = 91.96 MBs (avg), 95.49 MBs (max on rank:16)
  Recompile         avg: 3.68683    max: 3.86001    maxloc:16 LIB%: 4.48657
  TaskExec          avg: 0.0816686  max: 0.082337   maxloc:740 LIB%: 0.811837
  TaskLocalComm     avg: 5.39551e-06 max: 1.4e-05    maxloc:128 LIB%: 61.4607

 RMCRT REPORT: Patch 64
 Used 32590 milliseconds of CPU time. 

 Size: 8988474
 Efficiency: 275805 steps per sec

Time=0.00390625 (timestep 1), delT=0.00390625, elap T = 10.05, Memory Use = 131.54 MBs (avg), 249.66 MBs (max on rank:96)
  TaskExec          avg: 43.8914    max: 47.5174    maxloc:657 LIB%: 7.63096
  TaskLocalComm     avg: 1.126      max: 2.70177    maxloc:784 LIB%: 58.3234
  TaskWaitCommTime  avg: 0.928448   max: 3.28014    maxloc:23 LIB%: 71.6948
  TaskWaitThreadTime avg: 0.000354244 max: 0.00044    maxloc:102 LIB%: 19.49

 RMCRT REPORT: Patch 64
 Used 34270 milliseconds of CPU time. 

 Size: 8988779
 Efficiency: 262293 steps per sec

Time=0.0078125 (timestep 2), delT=0.00390625, elap T = 16.46, Memory Use = 136.31 MBs (avg), 320.14 MBs (max on rank:960)
  TaskExec          avg: 43.8402    max: 46.8733    maxloc:524 LIB%: 6.47095
  TaskLocalComm     avg: 0.253811   max: 2.04269    maxloc:0 LIB%: 87.5747
  TaskWaitCommTime  avg: 1.25997    max: 3.34034    maxloc:0 LIB%: 62.2803
  TaskWaitThreadTime avg: 0.000274682 max: 0.00087    maxloc:0 LIB%: 68.4274

 RMCRT REPORT: Patch 64
 Used 33590 milliseconds of CPU time. 

 Size: 8938840
 Efficiency: 266116 steps per sec

Time=0.0117188 (timestep 3), delT=0.00390625, elap T = 21.95, Memory Use = 142.62 MBs (avg), 393.18 MBs (max on rank:0)
  TaskExec          avg: 43.1589    max: 47.1416    maxloc:464 LIB%: 8.44836
  TaskLocalComm     avg: 0.216285   max: 0.985427   maxloc:272 LIB%: 78.0517
  TaskWaitCommTime  avg: 1.24452    max: 3.53622    maxloc:0 LIB%: 64.8066
  TaskWaitThreadTime avg: 0.000290862 max: 0.00038    maxloc:814 LIB%: 23.4573
  Percent Time in overhead:0

 RMCRT REPORT: Patch 64
 Used 32680 milliseconds of CPU time. 

 Size: 9012533
 Efficiency: 275781 steps per sec

Time=0.015625 (timestep 4), delT=0.00390625, elap T = 27.59, mean: 5.59, Memory Use = 148.59 MBs (avg), 450.99 MBs (max on rank:512)
  TaskExec          avg: 44.0363    max: 47.233     maxloc:464 LIB%: 6.76806
  TaskLocalComm     avg: 0.218842   max: 1.77024    maxloc:288 LIB%: 87.6377
  TaskWaitCommTime  avg: 0.654332   max: 3.38019    maxloc:96 LIB%: 80.6421
  TaskWaitThreadTime avg: 0.000289128 max: 0.000358   maxloc:16 LIB%: 19.238
  Percent Time in overhead:0

 RMCRT REPORT: Patch 64
 Used 32130 milliseconds of CPU time. 

 Size: 8943143
 Efficiency: 278342 steps per sec

Time=0.0195312 (timestep 5), delT=0.00390625, elap T = 33.42, mean: 5.71, Memory Use = 151.82 MBs (avg), 457.76 MBs (max on rank:16)
  TaskExec          avg: 44.0293    max: 47.597     maxloc:560 LIB%: 7.4956
  TaskLocalComm     avg: 0.207605   max: 0.926942   maxloc:64 LIB%: 77.6033
  TaskWaitCommTime  avg: 0.666989   max: 3.46662    maxloc:96 LIB%: 80.7597
  TaskWaitThreadTime avg: 0.000290221 max: 0.000361   maxloc:776 LIB%: 19.6065
  Percent Time in overhead:0

 RMCRT REPORT: Patch 64
 Used 32590 milliseconds of CPU time. 

 Size: 8948665
 Efficiency: 274583 steps per sec

Time=0.0234375 (timestep 6), delT=0.00390625, elap T = 39.35, mean: 5.80, Memory Use = 155.61 MBs (avg), 514.57 MBs (max on rank:96)
  TaskExec          avg: 44.0716    max: 47.8902    maxloc:624 LIB%: 7.97382
  TaskLocalComm     avg: 0.210364   max: 1.70186    maxloc:32 LIB%: 87.6392
  TaskWaitCommTime  avg: 0.865251   max: 2.76668    maxloc:240 LIB%: 68.726
  TaskWaitThreadTime avg: 0.000287081 max: 0.000449   maxloc:628 LIB%: 36.0621
  Percent Time in overhead:0

 RMCRT REPORT: Patch 64
 Used 31940 milliseconds of CPU time. 

 Size: 8962249
 Efficiency: 280596 steps per sec

Time=0.0273438 (timestep 7), delT=0.00390625, elap T = 45.11, mean: 5.79, Memory Use = 158.89 MBs (avg), 533.27 MBs (max on rank:592)
  TaskExec          avg: 42.8351    max: 48.0092    maxloc:368 LIB%: 10.7773
  TaskLocalComm     avg: 0.205355   max: 0.889541   maxloc:240 LIB%: 76.9145
  TaskWaitCommTime  avg: 1.78911    max: 3.61726    maxloc:384 LIB%: 50.5397
  TaskWaitThreadTime avg: 0.000287695 max: 0.000368   maxloc:656 LIB%: 21.8219
  Percent Time in overhead:0

 RMCRT REPORT: Patch 64
 Used 31920 milliseconds of CPU time. 

 Size: 8949065
 Efficiency: 280359 steps per sec

Time=0.03125 (timestep 8), delT=0.00390625, elap T = 50.81, mean: 5.76, Memory Use = 161.71 MBs (avg), 566.42 MBs (max on rank:800)
  TaskExec          avg: 42.7024    max: 48.0062    maxloc:592 LIB%: 11.0482
  TaskLocalComm     avg: 0.204856   max: 0.949568   maxloc:208 LIB%: 78.4264
  TaskWaitCommTime  avg: 1.83132    max: 3.66792    maxloc:0 LIB%: 50.0719
  TaskWaitThreadTime avg: 0.000284496 max: 0.000363   maxloc:892 LIB%: 21.6264
  Percent Time in overhead:0

 RMCRT REPORT: Patch 64
 Used 32390 milliseconds of CPU time. 

 Size: 8993465
 Efficiency: 277662 steps per sec

Time=0.0351562 (timestep 9), delT=0.00390625, elap T = 56.76, mean: 5.81, Memory Use = 164.32 MBs (avg), 624.10 MBs (max on rank:32)
  TaskExec          avg: 44.3501    max: 47.6386    maxloc:400 LIB%: 6.90303
  TaskLocalComm     avg: 0.206448   max: 1.37793    maxloc:384 LIB%: 85.0175
  TaskWaitCommTime  avg: 0.580923   max: 3.20626    maxloc:0 LIB%: 81.8816
  TaskWaitThreadTime avg: 0.000291918 max: 0.000381   maxloc:130 LIB%: 23.3811
  Percent Time in overhead:0

 RMCRT REPORT: Patch 64
 Used 33570 milliseconds of CPU time. 

 Size: 8949832
 Efficiency: 266602 steps per sec

Time=0.0390625 (timestep 10), delT=0.00390625, elap T = 62.45, mean: 5.78, Memory Use = 165.85 MBs (avg), 646.31 MBs (max on rank:592)
  TaskExec          avg: 44.1472    max: 47.3561    maxloc:464 LIB%: 6.776
  TaskLocalComm     avg: 0.205174   max: 1.3931     maxloc:592 LIB%: 85.2721
  TaskWaitCommTime  avg: 0.549604   max: 3.43109    maxloc:320 LIB%: 83.9816
  TaskWaitThreadTime avg: 0.000286122 max: 0.000369   maxloc:499 LIB%: 22.4601
  Percent Time in overhead:0
Sus: going down successfully
Application 7858303 resources: utime ~451083s, stime ~23334s, Rss ~657824, inblocks ~62755637, outblocks ~154702027
