PE 0: MPICH processor detected:
PE 0:   AuthenticAMD (21:1:2) (family:model:stepping)
MPI VERSION : CRAY MPICH version 6.3.0 (ANL base 3.0.3)
BUILD INFO  : Built Mon Mar 10 21:36:48 2014 (svn rev 10018) RT-G CPR-R
PE 0: MPICH environment settings:
PE 0:   MPICH_ENV_DISPLAY          = 1
PE 0:   MPICH_VERSION_DISPLAY      = 1
PE 0:   MPICH_ABORT_ON_ERROR       = 1
PE 0:   MPICH_CPUMASK_DISPLAY      = 0
PE 0:   MPICH_RANK_REORDER_METHOD  = 1
PE 0:   MPICH_RANK_REORDER_DISPLAY = 0
PE 0:   MPICH_MEMCPY_MEM_CHECK     = 0
PE 0:   MPICH_USE_SYSTEM_MEMCPY    = 1
PE 0:   MPICH_NO_BUFFER_ALIAS_CHECK= 0
PE 0:   MPICH_COLL_SYNC            = 0
PE 0:   MPICH_MSG_QUEUE_DBG        = 0
PE 0: MPICH/GPU environment settings:
PE 0:   MPICH_RDMA_ENABLED_CUDA    = 0
PE 0:   MPICH_G2G_PIPELINE         = 0
PE 0:   MPICH_NO_GPU_DIRECT        = 0
PE 0: MPICH/MPMD environment settings:
PE 0:   MPICH_DMAPP_APP_IS_WORLD   = 0
PE 0: MPICH/SMP environment settings:
PE 0:   MPICH_SMP_SINGLE_COPY_OFF  = 0
PE 0:   MPICH_SMP_SINGLE_COPY_SIZE = 8192
PE 0: MPICH/GNI environment settings:
PE 0:           MPICH_GNI_RECV_CQ_SIZE = 40960
PE 0:          MPICH_GNI_LOCAL_CQ_SIZE = 8192
PE 0:            MPICH_GNI_DEBUG_LEVEL = 0
PE 0:    MPICH_GNI_MAX_VSHORT_MSG_SIZE = 464
PE 0:     MPICH_GNI_MAX_EAGER_MSG_SIZE = 8192
PE 0:               MPICH_GNI_NUM_BUFS = 64
PE 0:             MPICH_GNI_NUM_MBOXES = -1
PE 0:       MPICH_GNI_MBOXES_PER_BLOCK = 4096
PE 0:         MPICH_GNI_RDMA_THRESHOLD = 1024
PE 0:          MPICH_GNI_RCVCQ_PROCNUM = 1
PE 0:    MPICH_GNI_NDREG_ENTRIES(req.) = 999
PE 0:          MPICH_GNI_NDREG_MAXSIZE = 524288
PE 0:        MPICH_GNI_MALLOC_FALLBACK = 0
PE 0:          MPICH_GNI_NDREG_LAZYMEM = LAZY_ALL
PE 0:          MPICH_GNI_DMAPP_INTEROP = 1
PE 0:           MPICH_GNI_DYNAMIC_CONN = 1
PE 0:        MPICH_GNI_MAX_NUM_RETRIES = 16
PE 0:              MPICH_GNI_FORK_MODE = PARTCOPY
PE 0:         MPICH_GNI_MBOX_PLACEMENT = DEFAULT
PE 0:        MPICH_GNI_VC_MSG_PROTOCOL = MBOX
PE 0:      MPICH_GNI_BTE_MULTI_CHANNEL = 1
PE 0:           MPICH_GNI_LMT_GET_PATH = 1
PE 0:               MPICH_GNI_LMT_PATH = 1
PE 0:     MPICH_NEMESIS_ASYNC_PROGRESS = 0
PE 0: MPICH_GNI_ASYNC_PROGRESS_TIMEOUT = -1
PE 0:       MPICH_GNI_DATAGRAM_TIMEOUT = -1
PE 0:            MPICH_GNI_FMA_SHARING = 0
PE 0:          MPICH_GNI_USE_PCI_IOMMU = 0
PE 0:            MPICH_GNI_CQE_BACKOFF = 0
PE 0:    MPICH_GNI_USE_UNASSIGNED_CPUS = 1
PE 0:        MPICH_GNI_MEM_DEBUG_FNAME = 
PE 0: MPICH/COLLECTIVE environment settings:
PE 0:   MPICH_COLL_OPT_OFF         = 0
PE 0:   MPICH_COLL_BAL_INJECTION   = auto
PE 0:   MPICH_USE_DMAPP_COLL       = 0
PE 0:   MPICH_DMAPP_COLL_RADIX     = 64
PE 0:   MPICH_DMAPP_A2A_SHORT_MSG  = 4096
PE 0:   MPICH_DMAPP_A2A_USE_PUTS   = 0
PE 0:   MPICH_DMAPP_A2A_SYMBUF_SIZE= 524288
PE 0:   MPICH_BCAST_ONLY_TREE      = 1
PE 0:   MPICH_ALLTOALL_SHORT_MSG   = 32-2048
PE 0:   MPICH_ALLTOALLV_THROTTLE   = 1
PE 0:   MPICH_ALLGATHER_VSHORT_MSG = 1024-8192
PE 0:   MPICH_ALLGATHERV_VSHORT_MSG= 1024-8192
PE 0:   MPICH_GATHERV_SHORT_MSG    = 16384
PE 0:   MPICH_SCATTERV_SHORT_MSG   = 2048-8192
PE 0:   MPICH_SCATTERV_SYNCHRONOUS = 0
PE 0:   MPICH_ALLREDUCE_NO_SMP     = 0
PE 0:   MPICH_REDUCE_NO_SMP        = 0
PE 0: MPICH/MPIIO environment settings:
PE 0:   MPICH_MPIIO_HINTS_DISPLAY  = 0
PE 0:   MPICH_MPIIO_HINTS          = NULL
PE 0:   MPICH_MPIIO_ABORT_ON_RW_ERROR = disable
PE 0:   MPICH_MPIIO_CB_ALIGN       = 2
PE 0: MPICH Thread Safety settings:
PE 0:   MPICH_MAX_THREAD_SAFETY    = multiple
PE 0:   rank 0 required = multiple, was provided = multiple
Parallel: 2048 processors (using MPI)
Parallel: 16 threads per MPI process
Parallel: MPI Level Required: 3, provided: 3

WARNING: You have turned OFF .ups file validation... this may cause many unforeseen problems
         with your simulation run.  It is strongly suggested that you leave validation on!

Date:    Fri Oct 17 10:18:49 2014
Machine: nid00092
SVN: $Revision: 51394 $
SVN: $Date: 2013-12-17 17:36:21 -0500 (Tue, 17 Dec 2013) $
Assertion level: 0
CFLAGS: -fPIC  -fopenmp -Wall -g -O2 -DNDEBUG 
Implicit Solver: 	CGSolver
Simulation Component: 	'RMCRT_Test'
__________________________________ USING DOUBLE VERSION OF RMCRT
Load Balancer: 		SimpleLoadBalancer
Scheduler: 		UnifiedScheduler
	Using "MostMessages" Algorithm
	WARNING: Multi-threaded Unified scheduler is EXPERIMENTAL, not all tasks are thread safe yet.
	Creating 15 thread(s) for task execution.
Next checkpoint time is 0
Patch layout: 		(8,8,8)
Patch layout: 		(32,32,32)
Grid statistics:
Number of levels:		2
Level 0:
  Number of patches:		512
  Total number of cells:	2197000 (4291.02 avg. per patch)
Level 1:
  Number of patches:		32768
  Total number of cells:	135796744 (4144.19 avg. per patch)
Total patches in grid:		33280
Total cells in grid:		137993744 (4146.45 avg. per patch)

__________________________________ USING DOUBLE VERSION OF RMCRT
__________________________________ Reading in RMCRT section of ups file
sigmaScat: 0
RMCRT: WARNING: You have specified only 1 ray to compute radiative fluxes.
For better accuracy and stability, specify nFluxRays greater than 2.
Compiling initialization taskgraph...
done taskgraph compile (0.019973 seconds)
Compiling taskgraph...
DONE TASKGRAPH RE-COMPILE (37.8465 seconds)
Time=0 (timestep 0), delT=0.00195312, elap T = 37.87, Memory Use = 354.83 MBs (avg), 360.87 MBs (max on rank:0)
  Recompile         avg: 37.9445    max: 39.9664    maxloc:17 LIB%: 5.05894
  TaskExec          avg: 0.147852   max: 0.148924   maxloc:754 LIB%: 0.720028
  TaskLocalComm     avg: 5.50049e-06 max: 2.1e-05    maxloc:127 LIB%: 73.8072

 RMCRT REPORT: Patch 512
 Used 278050 milliseconds of CPU time. 

 Size: 67700382
 Efficiency: 243483 steps per sec

Time=0.00195312 (timestep 1), delT=0.00195312, elap T = 86.24, Memory Use = 474.72 MBs (avg), 629.09 MBs (max on rank:60)
  TaskExec          avg: 372.466    max: 412.397    maxloc:980 LIB%: 9.68271
  TaskLocalComm     avg: 1.74329    max: 11.7629    maxloc:1952 LIB%: 85.1797
  TaskWaitCommTime  avg: 16.9551    max: 31.1097    maxloc:447 LIB%: 45.4988
  TaskWaitThreadTime avg: 0.000374152 max: 0.000479   maxloc:159 LIB%: 21.8889

 RMCRT REPORT: Patch 512
 Used 277250 milliseconds of CPU time. 

 Size: 67825702
 Efficiency: 244637 steps per sec

Time=0.00390625 (timestep 2), delT=0.00195312, elap T = 137.65, Memory Use = 644.95 MBs (avg), 1031.72 MBs (max on rank:2016)
  TaskExec          avg: 385.377    max: 421.253    maxloc:1256 LIB%: 8.51653
  TaskLocalComm     avg: 1.55811    max: 9.55231    maxloc:1176 LIB%: 83.6886
  TaskWaitCommTime  avg: 4.56824    max: 26.1948    maxloc:780 LIB%: 82.5605
  TaskWaitThreadTime avg: 0.000334171 max: 0.021205   maxloc:1508 LIB%: 98.4241

 RMCRT REPORT: Patch 512
 Used 275880 milliseconds of CPU time. 

 Size: 67711470
 Efficiency: 245438 steps per sec

Time=0.00585938 (timestep 3), delT=0.00195312, elap T = 186.75, Memory Use = 697.01 MBs (avg), 1191.01 MBs (max on rank:2016)
  TaskExec          avg: 390.587    max: 426.682    maxloc:1248 LIB%: 8.45962
  TaskLocalComm     avg: 0.569013   max: 8.4657     maxloc:1064 LIB%: 93.2786
  TaskWaitCommTime  avg: 2.74059    max: 19.8787    maxloc:388 LIB%: 86.2134
  TaskWaitThreadTime avg: 0.000320985 max: 0.000447   maxloc:1198 LIB%: 28.1913
  Percent Time in overhead:0

 RMCRT REPORT: Patch 512
 Used 274810 milliseconds of CPU time. 

 Size: 67754423
 Efficiency: 246550 steps per sec

Time=0.0078125 (timestep 4), delT=0.00195312, elap T = 237.04, mean: 49.90, Memory Use = 738.88 MBs (avg), 1305.06 MBs (max on rank:0)
  TaskExec          avg: 390.748    max: 440.356    maxloc:1256 LIB%: 11.2654
  TaskLocalComm     avg: 0.537603   max: 8.40715    maxloc:1100 LIB%: 93.6054
  TaskWaitCommTime  avg: 3.69793    max: 20.7722    maxloc:804 LIB%: 82.1977
  TaskWaitThreadTime avg: 0.000319753 max: 0.000414   maxloc:2012 LIB%: 22.7649
  Percent Time in overhead:0

 RMCRT REPORT: Patch 512
 Used 303610 milliseconds of CPU time. 

 Size: 67765697
 Efficiency: 223200 steps per sec

Time=0.00976562 (timestep 5), delT=0.00195312, elap T = 287.31, mean: 50.08, Memory Use = 771.21 MBs (avg), 1450.19 MBs (max on rank:0)
  TaskExec          avg: 392.493    max: 431.083    maxloc:1256 LIB%: 8.95188
  TaskLocalComm     avg: 0.52027    max: 8.59955    maxloc:652 LIB%: 93.95
  TaskWaitCommTime  avg: 3.64662    max: 19.3512    maxloc:1448 LIB%: 81.1555
  TaskWaitThreadTime avg: 0.000340218 max: 0.023527   maxloc:457 LIB%: 98.5539
  Percent Time in overhead:0

 RMCRT REPORT: Patch 512
 Used 313140 milliseconds of CPU time. 

 Size: 67839028
 Efficiency: 216641 steps per sec

Time=0.0117188 (timestep 6), delT=0.00195312, elap T = 338.45, mean: 50.51, Memory Use = 798.67 MBs (avg), 1537.96 MBs (max on rank:0)
  TaskExec          avg: 393.504    max: 431.876    maxloc:988 LIB%: 8.88483
  TaskLocalComm     avg: 0.486193   max: 6.01438    maxloc:1420 LIB%: 91.9162
  TaskWaitCommTime  avg: 3.78132    max: 19.9598    maxloc:1280 LIB%: 81.0553
  TaskWaitThreadTime avg: 0.000323534 max: 0.000408   maxloc:415 LIB%: 20.7024
  Percent Time in overhead:0

 RMCRT REPORT: Patch 512
 Used 314210 milliseconds of CPU time. 

 Size: 67750921
 Efficiency: 215623 steps per sec

Time=0.0136719 (timestep 7), delT=0.00195312, elap T = 388.99, mean: 50.52, Memory Use = 820.98 MBs (avg), 1653.54 MBs (max on rank:0)
  TaskExec          avg: 394.451    max: 439.503    maxloc:1256 LIB%: 10.2506
  TaskLocalComm     avg: 0.484959   max: 5.64099    maxloc:936 LIB%: 91.4029
  TaskWaitCommTime  avg: 3.27348    max: 18.2052    maxloc:4 LIB%: 82.019
  TaskWaitThreadTime avg: 0.000320147 max: 0.000405   maxloc:748 LIB%: 20.9512
  Percent Time in overhead:0

 RMCRT REPORT: Patch 512
 Used 275060 milliseconds of CPU time. 

 Size: 67669566
 Efficiency: 246017 steps per sec

Time=0.015625 (timestep 8), delT=0.00195312, elap T = 441.16, mean: 50.99, Memory Use = 835.82 MBs (avg), 1608.94 MBs (max on rank:0)
  TaskExec          avg: 395.929    max: 437.368    maxloc:1312 LIB%: 9.47444
  TaskLocalComm     avg: 0.465539   max: 5.27758    maxloc:1188 LIB%: 91.1789
  TaskWaitCommTime  avg: 3.63081    max: 19.3477    maxloc:8 LIB%: 81.2339
  TaskWaitThreadTime avg: 0.000325767 max: 0.000433   maxloc:775 LIB%: 24.7651
  Percent Time in overhead:0

 RMCRT REPORT: Patch 512
 Used 279220 milliseconds of CPU time. 

 Size: 67762079
 Efficiency: 242683 steps per sec

Time=0.0175781 (timestep 9), delT=0.00195312, elap T = 492.81, mean: 51.15, Memory Use = 851.40 MBs (avg), 1722.13 MBs (max on rank:0)
  TaskExec          avg: 396.111    max: 437.603    maxloc:668 LIB%: 9.48156
  TaskLocalComm     avg: 0.460595   max: 8.72371    maxloc:1132 LIB%: 94.7202
  TaskWaitCommTime  avg: 3.59677    max: 18.7805    maxloc:4 LIB%: 80.8484
  TaskWaitThreadTime avg: 0.000323519 max: 0.000433   maxloc:837 LIB%: 25.2843
  Percent Time in overhead:0

 RMCRT REPORT: Patch 512
 Used 324930 milliseconds of CPU time. 

 Size: 67881814
 Efficiency: 208912 steps per sec

Time=0.0195312 (timestep 10), delT=0.00195312, elap T = 544.45, mean: 51.26, Memory Use = 864.90 MBs (avg), 1831.03 MBs (max on rank:0)
  TaskExec          avg: 395.337    max: 439.3      maxloc:792 LIB%: 10.0075
  TaskLocalComm     avg: 0.460201   max: 8.10182    maxloc:4 LIB%: 94.3198
  TaskWaitCommTime  avg: 4.33549    max: 19.973     maxloc:4 LIB%: 78.2933
  TaskWaitThreadTime avg: 0.000318484 max: 0.000405   maxloc:1786 LIB%: 21.3619
  Percent Time in overhead:0
Sus: going down successfully
Application 7860458 resources: utime ~8035970s, stime ~242436s, Rss ~1977440, inblocks ~147991329, outblocks ~311695473
