PE 0: MPICH processor detected:
PE 0:   AuthenticAMD (21:1:2) (family:model:stepping)
MPI VERSION : CRAY MPICH version 6.3.0 (ANL base 3.0.3)
BUILD INFO  : Built Mon Mar 10 21:36:48 2014 (svn rev 10018) RT-G CPR-R
PE 0: MPICH environment settings:
PE 0:   MPICH_ENV_DISPLAY          = 1
PE 0:   MPICH_VERSION_DISPLAY      = 1
PE 0:   MPICH_ABORT_ON_ERROR       = 1
PE 0:   MPICH_CPUMASK_DISPLAY      = 0
PE 0:   MPICH_RANK_REORDER_METHOD  = 1
PE 0:   MPICH_RANK_REORDER_DISPLAY = 0
PE 0:   MPICH_MEMCPY_MEM_CHECK     = 0
PE 0:   MPICH_USE_SYSTEM_MEMCPY    = 1
PE 0:   MPICH_NO_BUFFER_ALIAS_CHECK= 0
PE 0:   MPICH_COLL_SYNC            = 0
PE 0:   MPICH_MSG_QUEUE_DBG        = 0
PE 0: MPICH/GPU environment settings:
PE 0:   MPICH_RDMA_ENABLED_CUDA    = 0
PE 0:   MPICH_G2G_PIPELINE         = 0
PE 0:   MPICH_NO_GPU_DIRECT        = 0
PE 0: MPICH/MPMD environment settings:
PE 0:   MPICH_DMAPP_APP_IS_WORLD   = 0
PE 0: MPICH/SMP environment settings:
PE 0:   MPICH_SMP_SINGLE_COPY_OFF  = 0
PE 0:   MPICH_SMP_SINGLE_COPY_SIZE = 8192
PE 0: MPICH/GNI environment settings:
PE 0:           MPICH_GNI_RECV_CQ_SIZE = 40960
PE 0:          MPICH_GNI_LOCAL_CQ_SIZE = 8192
PE 0:            MPICH_GNI_DEBUG_LEVEL = 0
PE 0:    MPICH_GNI_MAX_VSHORT_MSG_SIZE = 2000
PE 0:     MPICH_GNI_MAX_EAGER_MSG_SIZE = 8192
PE 0:               MPICH_GNI_NUM_BUFS = 64
PE 0:             MPICH_GNI_NUM_MBOXES = -1
PE 0:       MPICH_GNI_MBOXES_PER_BLOCK = 4096
PE 0:         MPICH_GNI_RDMA_THRESHOLD = 1024
PE 0:          MPICH_GNI_RCVCQ_PROCNUM = 1
PE 0:    MPICH_GNI_NDREG_ENTRIES(req.) = 999
PE 0:          MPICH_GNI_NDREG_MAXSIZE = 524288
PE 0:        MPICH_GNI_MALLOC_FALLBACK = 0
PE 0:          MPICH_GNI_NDREG_LAZYMEM = LAZY_ALL
PE 0:          MPICH_GNI_DMAPP_INTEROP = 1
PE 0:           MPICH_GNI_DYNAMIC_CONN = 1
PE 0:        MPICH_GNI_MAX_NUM_RETRIES = 16
PE 0:              MPICH_GNI_FORK_MODE = PARTCOPY
PE 0:         MPICH_GNI_MBOX_PLACEMENT = DEFAULT
PE 0:        MPICH_GNI_VC_MSG_PROTOCOL = MBOX
PE 0:      MPICH_GNI_BTE_MULTI_CHANNEL = 1
PE 0:           MPICH_GNI_LMT_GET_PATH = 1
PE 0:               MPICH_GNI_LMT_PATH = 1
PE 0:     MPICH_NEMESIS_ASYNC_PROGRESS = 0
PE 0: MPICH_GNI_ASYNC_PROGRESS_TIMEOUT = -1
PE 0:       MPICH_GNI_DATAGRAM_TIMEOUT = -1
PE 0:            MPICH_GNI_FMA_SHARING = 0
PE 0:          MPICH_GNI_USE_PCI_IOMMU = 0
PE 0:            MPICH_GNI_CQE_BACKOFF = 0
PE 0:    MPICH_GNI_USE_UNASSIGNED_CPUS = 1
PE 0:        MPICH_GNI_MEM_DEBUG_FNAME = 
PE 0: MPICH/COLLECTIVE environment settings:
PE 0:   MPICH_COLL_OPT_OFF         = 0
PE 0:   MPICH_COLL_BAL_INJECTION   = auto
PE 0:   MPICH_USE_DMAPP_COLL       = 0
PE 0:   MPICH_DMAPP_COLL_RADIX     = 64
PE 0:   MPICH_DMAPP_A2A_SHORT_MSG  = 4096
PE 0:   MPICH_DMAPP_A2A_USE_PUTS   = 0
PE 0:   MPICH_DMAPP_A2A_SYMBUF_SIZE= 262144
PE 0:   MPICH_BCAST_ONLY_TREE      = 1
PE 0:   MPICH_ALLTOALL_SHORT_MSG   = 32-2048
PE 0:   MPICH_ALLTOALLV_THROTTLE   = 1
PE 0:   MPICH_ALLGATHER_VSHORT_MSG = 1024-8192
PE 0:   MPICH_ALLGATHERV_VSHORT_MSG= 1024-8192
PE 0:   MPICH_GATHERV_SHORT_MSG    = 16384
PE 0:   MPICH_SCATTERV_SHORT_MSG   = 2048-8192
PE 0:   MPICH_SCATTERV_SYNCHRONOUS = 0
PE 0:   MPICH_ALLREDUCE_NO_SMP     = 0
PE 0:   MPICH_REDUCE_NO_SMP        = 0
PE 0: MPICH/MPIIO environment settings:
PE 0:   MPICH_MPIIO_HINTS_DISPLAY  = 0
PE 0:   MPICH_MPIIO_HINTS          = NULL
PE 0:   MPICH_MPIIO_ABORT_ON_RW_ERROR = disable
PE 0:   MPICH_MPIIO_CB_ALIGN       = 2
PE 0: MPICH Thread Safety settings:
PE 0:   MPICH_MAX_THREAD_SAFETY    = multiple
PE 0:   rank 0 required = multiple, was provided = multiple
Parallel: 1024 processors (using MPI)
Parallel: 16 threads per MPI process
Parallel: MPI Level Required: 3, provided: 3

WARNING: You have turned OFF .ups file validation... this may cause many unforeseen problems
         with your simulation run.  It is strongly suggested that you leave validation on!

Date:    Fri Oct 17 11:38:06 2014
Machine: nid10041
SVN: $Revision: 51394 $
SVN: $Date: 2013-12-17 17:36:21 -0500 (Tue, 17 Dec 2013) $
Assertion level: 0
CFLAGS: -fPIC  -fopenmp -Wall -g -O2 -DNDEBUG 
Implicit Solver: 	CGSolver
Simulation Component: 	'RMCRT_Test'
__________________________________ USING DOUBLE VERSION OF RMCRT
Load Balancer: 		SimpleLoadBalancer
Scheduler: 		UnifiedScheduler
	Using "MostMessages" Algorithm
	WARNING: Multi-threaded Unified scheduler is EXPERIMENTAL, not all tasks are thread safe yet.
	Creating 15 thread(s) for task execution.
Next checkpoint time is 0
Patch layout: 		(8,8,8)
Patch layout: 		(32,32,16)
Grid statistics:
Number of levels:		2
Level 0:
  Number of patches:		512
  Total number of cells:	2197000 (4291.02 avg. per patch)
Level 1:
  Number of patches:		16384
  Total number of cells:	135796744 (8288.38 avg. per patch)
Total patches in grid:		16896
Total cells in grid:		137993744 (8167.24 avg. per patch)

__________________________________ USING DOUBLE VERSION OF RMCRT
__________________________________ Reading in RMCRT section of ups file
sigmaScat: 0
RMCRT: WARNING: You have specified only 1 ray to compute radiative fluxes.
For better accuracy and stability, specify nFluxRays greater than 2.
Compiling initialization taskgraph...
done taskgraph compile (0.014948 seconds)
Compiling taskgraph...
DONE TASKGRAPH RE-COMPILE (18.8042 seconds)
Time=0 (timestep 0), delT=0.00195312, elap T = 18.83, Memory Use = 187.18 MBs (avg), 190.18 MBs (max on rank:994)
  Recompile         avg: 18.6434    max: 19.576     maxloc:971 LIB%: 4.76414
  TaskExec          avg: 0.0858519  max: 0.086753   maxloc:835 LIB%: 1.03869
  TaskLocalComm     avg: 5.875e-06  max: 1.6e-05    maxloc:146 LIB%: 63.2813

 RMCRT REPORT: Patch 512
 Used 572070 milliseconds of CPU time. 

 Size: 139715344
 Efficiency: 244228 steps per sec

Time=0.00195312 (timestep 1), delT=0.00195312, elap T = 110.11, Memory Use = 319.23 MBs (avg), 399.29 MBs (max on rank:994)
  TaskExec          avg: 750.584    max: 830.367    maxloc:490 LIB%: 9.60824
  TaskLocalComm     avg: 2.68653    max: 9.5867     maxloc:968 LIB%: 71.9765
  TaskWaitCommTime  avg: 24.4837    max: 44.299     maxloc:879 LIB%: 44.7307
  TaskWaitThreadTime avg: 0.000385863 max: 0.016678   maxloc:887 LIB%: 97.6864

 RMCRT REPORT: Patch 512
 Used 574420 milliseconds of CPU time. 

 Size: 140043698
 Efficiency: 243800 steps per sec

Time=0.00390625 (timestep 2), delT=0.00195312, elap T = 213.38, Memory Use = 488.27 MBs (avg), 801.60 MBs (max on rank:376)
  TaskExec          avg: 778.183    max: 831.523    maxloc:528 LIB%: 6.41474
  TaskLocalComm     avg: 2.9558     max: 12.0557    maxloc:710 LIB%: 75.482
  TaskWaitCommTime  avg: 8.35725    max: 42.7642    maxloc:710 LIB%: 80.4573
  TaskWaitThreadTime avg: 0.000323659 max: 0.00042    maxloc:306 LIB%: 22.9383

 RMCRT REPORT: Patch 512
 Used 569610 milliseconds of CPU time. 

 Size: 139775236
 Efficiency: 245388 steps per sec

Time=0.00585938 (timestep 3), delT=0.00195312, elap T = 311.86, Memory Use = 518.00 MBs (avg), 787.91 MBs (max on rank:904)
  TaskExec          avg: 785.483    max: 850.87     maxloc:368 LIB%: 7.68475
  TaskLocalComm     avg: 1.03162    max: 9.53254    maxloc:702 LIB%: 89.1779
  TaskWaitCommTime  avg: 6.63471    max: 38.418     maxloc:136 LIB%: 82.7302
  TaskWaitThreadTime avg: 0.000329746 max: 0.000418   maxloc:92 LIB%: 21.1134
  Percent Time in overhead:0

 RMCRT REPORT: Patch 512
 Used 572360 milliseconds of CPU time. 

 Size: 139741982
 Efficiency: 244151 steps per sec

Time=0.0078125 (timestep 4), delT=0.00195312, elap T = 414.84, mean: 101.48, Memory Use = 545.68 MBs (avg), 871.46 MBs (max on rank:952)
  TaskExec          avg: 789.798    max: 853.411    maxloc:460 LIB%: 7.45396
  TaskLocalComm     avg: 0.924015   max: 8.66475    maxloc:358 LIB%: 89.3359
  TaskWaitCommTime  avg: 7.47236    max: 79.633     maxloc:422 LIB%: 90.6165
  TaskWaitThreadTime avg: 0.000333015 max: 0.000754   maxloc:0 LIB%: 55.8336
  Percent Time in overhead:0

 RMCRT REPORT: Patch 512
 Used 572850 milliseconds of CPU time. 

 Size: 139864058
 Efficiency: 244155 steps per sec

Time=0.00976562 (timestep 5), delT=0.00195312, elap T = 516.82, mean: 101.73, Memory Use = 565.94 MBs (avg), 890.44 MBs (max on rank:558)
  TaskExec          avg: 788.745    max: 848.846    maxloc:588 LIB%: 7.08029
  TaskLocalComm     avg: 0.832067   max: 8.56531    maxloc:350 LIB%: 90.2856
  TaskWaitCommTime  avg: 8.73808    max: 69.1184    maxloc:364 LIB%: 87.3578
  TaskWaitThreadTime avg: 0.000325231 max: 0.000469   maxloc:511 LIB%: 30.6543
  Percent Time in overhead:0

 RMCRT REPORT: Patch 512
 Used 573020 milliseconds of CPU time. 

 Size: 139821903
 Efficiency: 244009 steps per sec

Time=0.0117188 (timestep 6), delT=0.00195312, elap T = 621.62, mean: 102.96, Memory Use = 583.38 MBs (avg), 908.48 MBs (max on rank:880)
  TaskExec          avg: 792.337    max: 857.5      maxloc:622 LIB%: 7.59922
  TaskLocalComm     avg: 0.775637   max: 8.47005    maxloc:290 LIB%: 90.8426
  TaskWaitCommTime  avg: 8.24428    max: 41.5631    maxloc:452 LIB%: 80.1644
  TaskWaitThreadTime avg: 0.000327417 max: 0.000413   maxloc:672 LIB%: 20.7223
  Percent Time in overhead:0

 RMCRT REPORT: Patch 512
 Used 614170 milliseconds of CPU time. 

 Size: 139850202
 Efficiency: 227706 steps per sec

Time=0.0136719 (timestep 7), delT=0.00195312, elap T = 719.99, mean: 101.43, Memory Use = 603.54 MBs (avg), 954.92 MBs (max on rank:828)
  TaskExec          avg: 791.486    max: 855.071    maxloc:464 LIB%: 7.43623
  TaskLocalComm     avg: 0.756731   max: 8.6791     maxloc:314 LIB%: 91.281
  TaskWaitCommTime  avg: 5.50589    max: 62.0501    maxloc:386 LIB%: 91.1267
  TaskWaitThreadTime avg: 0.000330815 max: 0.000415   maxloc:120 LIB%: 20.2854
  Percent Time in overhead:0

 RMCRT REPORT: Patch 512
 Used 567780 milliseconds of CPU time. 

 Size: 139648892
 Efficiency: 245956 steps per sec

Time=0.015625 (timestep 8), delT=0.00195312, elap T = 823.52, mean: 102.03, Memory Use = 611.15 MBs (avg), 983.37 MBs (max on rank:728)
  TaskExec          avg: 792.404    max: 856.515    maxloc:404 LIB%: 7.48516
  TaskLocalComm     avg: 0.774214   max: 8.62107    maxloc:342 LIB%: 91.0195
  TaskWaitCommTime  avg: 8.82543    max: 43.8085    maxloc:258 LIB%: 79.8546
  TaskWaitThreadTime avg: 0.000325818 max: 0.000421   maxloc:755 LIB%: 22.6085
  Percent Time in overhead:0

 RMCRT REPORT: Patch 512
 Used 574080 milliseconds of CPU time. 

 Size: 139810102
 Efficiency: 243538 steps per sec

Time=0.0175781 (timestep 9), delT=0.00195312, elap T = 928.23, mean: 102.70, Memory Use = 618.31 MBs (avg), 960.00 MBs (max on rank:828)
  TaskExec          avg: 792.131    max: 866.248    maxloc:398 LIB%: 8.55607
  TaskLocalComm     avg: 0.727682   max: 8.50273    maxloc:280 LIB%: 91.4418
  TaskWaitCommTime  avg: 10.0432    max: 43.1986    maxloc:138 LIB%: 76.7512
  TaskWaitThreadTime avg: 0.000325375 max: 0.000424   maxloc:220 LIB%: 23.2606
  Percent Time in overhead:0

 RMCRT REPORT: Patch 512
 Used 570500 milliseconds of CPU time. 

 Size: 139729372
 Efficiency: 244924 steps per sec

Time=0.0195312 (timestep 10), delT=0.00195312, elap T = 1027.70, mean: 101.98, Memory Use = 625.97 MBs (avg), 959.85 MBs (max on rank:828)
  TaskExec          avg: 792.262    max: 857.331    maxloc:366 LIB%: 7.58966
  TaskLocalComm     avg: 0.734333   max: 8.67878    maxloc:180 LIB%: 91.5388
  TaskWaitCommTime  avg: 7.09394    max: 40.7188    maxloc:290 LIB%: 82.5782
  TaskWaitThreadTime avg: 0.000330229 max: 0.000411   maxloc:926 LIB%: 19.6522
  Percent Time in overhead:0
Sus: going down successfully
Application 7860704 resources: utime ~8024602s, stime ~220390s, Rss ~1333044, inblocks ~90824398, outblocks ~155947032
