PE 0: MPICH processor detected:
PE 0:   AuthenticAMD (21:1:2) (family:model:stepping)
MPI VERSION : CRAY MPICH version 6.3.0 (ANL base 3.0.3)
BUILD INFO  : Built Mon Mar 10 21:36:48 2014 (svn rev 10018) RT-G CPR-R
PE 0: MPICH environment settings:
PE 0:   MPICH_ENV_DISPLAY          = 1
PE 0:   MPICH_VERSION_DISPLAY      = 1
PE 0:   MPICH_ABORT_ON_ERROR       = 1
PE 0:   MPICH_CPUMASK_DISPLAY      = 0
PE 0:   MPICH_RANK_REORDER_METHOD  = 1
PE 0:   MPICH_RANK_REORDER_DISPLAY = 0
PE 0:   MPICH_MEMCPY_MEM_CHECK     = 0
PE 0:   MPICH_USE_SYSTEM_MEMCPY    = 1
PE 0:   MPICH_NO_BUFFER_ALIAS_CHECK= 0
PE 0:   MPICH_COLL_SYNC            = 0
PE 0:   MPICH_MSG_QUEUE_DBG        = 0
PE 0: MPICH/GPU environment settings:
PE 0:   MPICH_RDMA_ENABLED_CUDA    = 0
PE 0:   MPICH_G2G_PIPELINE         = 0
PE 0:   MPICH_NO_GPU_DIRECT        = 0
PE 0: MPICH/MPMD environment settings:
PE 0:   MPICH_DMAPP_APP_IS_WORLD   = 0
PE 0: MPICH/SMP environment settings:
PE 0:   MPICH_SMP_SINGLE_COPY_OFF  = 0
PE 0:   MPICH_SMP_SINGLE_COPY_SIZE = 8192
PE 0: MPICH/GNI environment settings:
PE 0:           MPICH_GNI_RECV_CQ_SIZE = 40960
PE 0:          MPICH_GNI_LOCAL_CQ_SIZE = 8192
PE 0:            MPICH_GNI_DEBUG_LEVEL = 0
PE 0:    MPICH_GNI_MAX_VSHORT_MSG_SIZE = 8144
PE 0:     MPICH_GNI_MAX_EAGER_MSG_SIZE = 8192
PE 0:               MPICH_GNI_NUM_BUFS = 64
PE 0:             MPICH_GNI_NUM_MBOXES = -1
PE 0:       MPICH_GNI_MBOXES_PER_BLOCK = 4096
PE 0:         MPICH_GNI_RDMA_THRESHOLD = 1024
PE 0:          MPICH_GNI_RCVCQ_PROCNUM = 1
PE 0:    MPICH_GNI_NDREG_ENTRIES(req.) = 999
PE 0:          MPICH_GNI_NDREG_MAXSIZE = 524288
PE 0:        MPICH_GNI_MALLOC_FALLBACK = 0
PE 0:          MPICH_GNI_NDREG_LAZYMEM = LAZY_ALL
PE 0:          MPICH_GNI_DMAPP_INTEROP = 1
PE 0:           MPICH_GNI_DYNAMIC_CONN = 1
PE 0:        MPICH_GNI_MAX_NUM_RETRIES = 16
PE 0:              MPICH_GNI_FORK_MODE = PARTCOPY
PE 0:         MPICH_GNI_MBOX_PLACEMENT = DEFAULT
PE 0:        MPICH_GNI_VC_MSG_PROTOCOL = MBOX
PE 0:      MPICH_GNI_BTE_MULTI_CHANNEL = 1
PE 0:           MPICH_GNI_LMT_GET_PATH = 1
PE 0:               MPICH_GNI_LMT_PATH = 1
PE 0:     MPICH_NEMESIS_ASYNC_PROGRESS = 0
PE 0: MPICH_GNI_ASYNC_PROGRESS_TIMEOUT = -1
PE 0:       MPICH_GNI_DATAGRAM_TIMEOUT = -1
PE 0:            MPICH_GNI_FMA_SHARING = 0
PE 0:          MPICH_GNI_USE_PCI_IOMMU = 0
PE 0:            MPICH_GNI_CQE_BACKOFF = 0
PE 0:    MPICH_GNI_USE_UNASSIGNED_CPUS = 1
PE 0:        MPICH_GNI_MEM_DEBUG_FNAME = 
PE 0: MPICH/COLLECTIVE environment settings:
PE 0:   MPICH_COLL_OPT_OFF         = 0
PE 0:   MPICH_COLL_BAL_INJECTION   = auto
PE 0:   MPICH_USE_DMAPP_COLL       = 0
PE 0:   MPICH_DMAPP_COLL_RADIX     = 64
PE 0:   MPICH_DMAPP_A2A_SHORT_MSG  = 4096
PE 0:   MPICH_DMAPP_A2A_USE_PUTS   = 0
PE 0:   MPICH_DMAPP_A2A_SYMBUF_SIZE= 131072
PE 0:   MPICH_BCAST_ONLY_TREE      = 1
PE 0:   MPICH_ALLTOALL_SHORT_MSG   = 32-2048
PE 0:   MPICH_ALLTOALLV_THROTTLE   = 1
PE 0:   MPICH_ALLGATHER_VSHORT_MSG = 1024-8192
PE 0:   MPICH_ALLGATHERV_VSHORT_MSG= 1024-8192
PE 0:   MPICH_GATHERV_SHORT_MSG    = 16384
PE 0:   MPICH_SCATTERV_SHORT_MSG   = 2048-8192
PE 0:   MPICH_SCATTERV_SYNCHRONOUS = 0
PE 0:   MPICH_ALLREDUCE_NO_SMP     = 0
PE 0:   MPICH_REDUCE_NO_SMP        = 0
PE 0: MPICH/MPIIO environment settings:
PE 0:   MPICH_MPIIO_HINTS_DISPLAY  = 0
PE 0:   MPICH_MPIIO_HINTS          = NULL
PE 0:   MPICH_MPIIO_ABORT_ON_RW_ERROR = disable
PE 0:   MPICH_MPIIO_CB_ALIGN       = 2
PE 0: MPICH Thread Safety settings:
PE 0:   MPICH_MAX_THREAD_SAFETY    = multiple
PE 0:   rank 0 required = multiple, was provided = multiple
Parallel: 512 processors (using MPI)
Parallel: 16 threads per MPI process
Parallel: MPI Level Required: 3, provided: 3

WARNING: You have turned OFF .ups file validation... this may cause many unforeseen problems
         with your simulation run.  It is strongly suggested that you leave validation on!

Date:    Fri Oct 17 04:17:25 2014
Machine: nid07535
SVN: $Revision: 51394 $
SVN: $Date: 2013-12-17 17:36:21 -0500 (Tue, 17 Dec 2013) $
Assertion level: 0
CFLAGS: -fPIC  -fopenmp -Wall -g -O2 -DNDEBUG 
Implicit Solver: 	CGSolver
Simulation Component: 	'RMCRT_Test'
__________________________________ USING DOUBLE VERSION OF RMCRT
Load Balancer: 		SimpleLoadBalancer
Scheduler: 		UnifiedScheduler
	Using "MostMessages" Algorithm
	WARNING: Multi-threaded Unified scheduler is EXPERIMENTAL, not all tasks are thread safe yet.
	Creating 15 thread(s) for task execution.
Next checkpoint time is 0
Patch layout: 		(8,8,8)
Patch layout: 		(32,16,16)
Grid statistics:
Number of levels:		2
Level 0:
  Number of patches:		512
  Total number of cells:	2197000 (4291.02 avg. per patch)
Level 1:
  Number of patches:		8192
  Total number of cells:	135796744 (16576.8 avg. per patch)
Total patches in grid:		8704
Total cells in grid:		137993744 (15854.1 avg. per patch)

__________________________________ USING DOUBLE VERSION OF RMCRT
__________________________________ Reading in RMCRT section of ups file
sigmaScat: 0
RMCRT: WARNING: You have specified only 1 ray to compute radiative fluxes.
For better accuracy and stability, specify nFluxRays greater than 2.
Compiling initialization taskgraph...
done taskgraph compile (0.014097 seconds)
Compiling taskgraph...
DONE TASKGRAPH RE-COMPILE (8.65847 seconds)
Time=0 (timestep 0), delT=0.00195312, elap T = 8.69, Memory Use = 105.65 MBs (avg), 107.33 MBs (max on rank:510)
  Recompile         avg: 8.57917    max: 8.96515    maxloc:458 LIB%: 4.30537
  TaskExec          avg: 0.0583839  max: 0.059246   maxloc:356 LIB%: 1.45518
  TaskLocalComm     avg: 6.57422e-06 max: 1.5e-05    maxloc:104 LIB%: 56.1719

 RMCRT REPORT: Patch 512
 Used 1.20189e+06 milliseconds of CPU time. 

 Size: 290668156
 Efficiency: 241843 steps per sec

Time=0.00195312 (timestep 1), delT=0.00195312, elap T = 201.65, Memory Use = 259.14 MBs (avg), 293.66 MBs (max on rank:486)
  TaskExec          avg: 1580.19    max: 1675.3     maxloc:264 LIB%: 5.67708
  TaskLocalComm     avg: 3.25622    max: 5.93504    maxloc:458 LIB%: 45.1357
  TaskWaitCommTime  avg: 5.12879    max: 105.966    maxloc:199 LIB%: 95.16
  TaskWaitThreadTime avg: 0.000355307 max: 0.00043    maxloc:456 LIB%: 17.3705

 RMCRT REPORT: Patch 512
 Used 1.19438e+06 milliseconds of CPU time. 

 Size: 290178276
 Efficiency: 242953 steps per sec

Time=0.00390625 (timestep 2), delT=0.00195312, elap T = 401.80, Memory Use = 432.64 MBs (avg), 661.57 MBs (max on rank:280)
  TaskExec          avg: 1580.19    max: 1679.68    maxloc:216 LIB%: 5.92327
  TaskLocalComm     avg: 3.7013     max: 11.8613    maxloc:206 LIB%: 68.795
  TaskWaitCommTime  avg: 13.265     max: 88.1575    maxloc:214 LIB%: 84.953
  TaskWaitThreadTime avg: 0.000340613 max: 0.000415   maxloc:441 LIB%: 17.9245

 RMCRT REPORT: Patch 512
 Used 1.29076e+06 milliseconds of CPU time. 

 Size: 290135808
 Efficiency: 224779 steps per sec

Time=0.00585938 (timestep 3), delT=0.00195312, elap T = 607.91, Memory Use = 452.81 MBs (avg), 641.40 MBs (max on rank:305)
  TaskExec          avg: 1598.12    max: 1748.23    maxloc:230 LIB%: 8.58653
  TaskLocalComm     avg: 1.77024    max: 9.28995    maxloc:67 LIB%: 80.9445
  TaskWaitCommTime  avg: 18.3604    max: 109.187    maxloc:153 LIB%: 83.1845
  TaskWaitThreadTime avg: 0.000342492 max: 0.000427   maxloc:467 LIB%: 19.7911
  Percent Time in overhead:0

 RMCRT REPORT: Patch 512
 Used 1.19178e+06 milliseconds of CPU time. 

 Size: 290049042
 Efficiency: 243375 steps per sec

Time=0.0078125 (timestep 4), delT=0.00195312, elap T = 812.74, mean: 205.25, Memory Use = 474.79 MBs (avg), 694.20 MBs (max on rank:58)
  TaskExec          avg: 1601.19    max: 1745.81    maxloc:183 LIB%: 8.28378
  TaskLocalComm     avg: 1.59199    max: 8.39158    maxloc:203 LIB%: 81.0287
  TaskWaitCommTime  avg: 15.3515    max: 81.4912    maxloc:197 LIB%: 81.1618
  TaskWaitThreadTime avg: 0.000331643 max: 0.00043    maxloc:440 LIB%: 22.8738
  Percent Time in overhead:0

 RMCRT REPORT: Patch 512
 Used 1.19177e+06 milliseconds of CPU time. 

 Size: 290194020
 Efficiency: 243498 steps per sec

Time=0.00976562 (timestep 5), delT=0.00195312, elap T = 1017.50, mean: 205.01, Memory Use = 494.17 MBs (avg), 700.64 MBs (max on rank:196)
  TaskExec          avg: 1595.93    max: 1730.11    maxloc:314 LIB%: 7.75543
  TaskLocalComm     avg: 1.52822    max: 10.0368    maxloc:219 LIB%: 84.7738
  TaskWaitCommTime  avg: 22.1883    max: 129.674    maxloc:7 LIB%: 82.8891
  TaskWaitThreadTime avg: 0.000341141 max: 0.000424   maxloc:175 LIB%: 19.5423
  Percent Time in overhead:0

 RMCRT REPORT: Patch 512
 Used 1.19575e+06 milliseconds of CPU time. 

 Size: 290013691
 Efficiency: 242537 steps per sec

Time=0.0117188 (timestep 6), delT=0.00195312, elap T = 1223.93, mean: 205.58, Memory Use = 509.49 MBs (avg), 747.33 MBs (max on rank:134)
  TaskExec          avg: 1605.84    max: 1723.37    maxloc:264 LIB%: 6.81977
  TaskLocalComm     avg: 1.39754    max: 7.83948    maxloc:0 LIB%: 82.173
  TaskWaitCommTime  avg: 15.8288    max: 94.201     maxloc:215 LIB%: 83.1968
  TaskWaitThreadTime avg: 0.000335082 max: 0.000407   maxloc:88 LIB%: 17.6703
  Percent Time in overhead:0

 RMCRT REPORT: Patch 512
 Used 1.21379e+06 milliseconds of CPU time. 

 Size: 290210154
 Efficiency: 239094 steps per sec

Time=0.0136719 (timestep 7), delT=0.00195312, elap T = 1428.98, mean: 205.40, Memory Use = 520.50 MBs (avg), 768.23 MBs (max on rank:386)
  TaskExec          avg: 1607.33    max: 1742.84    maxloc:329 LIB%: 7.77528
  TaskLocalComm     avg: 1.41495    max: 8.98147    maxloc:199 LIB%: 84.2459
  TaskWaitCommTime  avg: 15.5083    max: 80.7608    maxloc:70 LIB%: 80.7973
  TaskWaitThreadTime avg: 0.000336949 max: 0.000449   maxloc:369 LIB%: 24.9556
  Percent Time in overhead:0

 RMCRT REPORT: Patch 512
 Used 1.19988e+06 milliseconds of CPU time. 

 Size: 290004917
 Efficiency: 241695 steps per sec

Time=0.015625 (timestep 8), delT=0.00195312, elap T = 1638.51, mean: 206.58, Memory Use = 530.47 MBs (avg), 770.49 MBs (max on rank:405)
  TaskExec          avg: 1609.23    max: 1751.53    maxloc:263 LIB%: 8.12424
  TaskLocalComm     avg: 1.51311    max: 9.53127    maxloc:225 LIB%: 84.1248
  TaskWaitCommTime  avg: 18.3799    max: 83.9861    maxloc:227 LIB%: 78.1156
  TaskWaitThreadTime avg: 0.000342238 max: 0.000425   maxloc:425 LIB%: 19.4733
  Percent Time in overhead:0

 RMCRT REPORT: Patch 512
 Used 1.19273e+06 milliseconds of CPU time. 

 Size: 290272713
 Efficiency: 243368 steps per sec

Time=0.0175781 (timestep 9), delT=0.00195312, elap T = 1846.87, mean: 207.03, Memory Use = 539.48 MBs (avg), 804.08 MBs (max on rank:386)
  TaskExec          avg: 1609.18    max: 1732.79    maxloc:248 LIB%: 7.13355
  TaskLocalComm     avg: 1.43031    max: 9.91707    maxloc:224 LIB%: 85.5773
  TaskWaitCommTime  avg: 17.4328    max: 84.7203    maxloc:210 LIB%: 79.4231
  TaskWaitThreadTime avg: 0.000334258 max: 0.000415   maxloc:128 LIB%: 19.4559
  Percent Time in overhead:0

 RMCRT REPORT: Patch 512
 Used 1.21067e+06 milliseconds of CPU time. 

 Size: 290240891
 Efficiency: 239736 steps per sec

Time=0.0195312 (timestep 10), delT=0.00195312, elap T = 2057.02, mean: 207.72, Memory Use = 546.24 MBs (avg), 795.25 MBs (max on rank:28)
  TaskExec          avg: 1604.22    max: 1751.2     maxloc:263 LIB%: 8.39339
  TaskLocalComm     avg: 1.35882    max: 7.62705    maxloc:67 LIB%: 82.1841
  TaskWaitCommTime  avg: 22.7876    max: 84.9627    maxloc:168 LIB%: 73.1792
  TaskWaitThreadTime avg: 0.000335842 max: 0.000413   maxloc:259 LIB%: 18.6824
  Percent Time in overhead:0
Sus: going down successfully
Application 7859276 resources: utime ~8149269s, stime ~201506s, Rss ~1151448, inblocks ~54864573, outblocks ~77960034
