PE 0: MPICH processor detected:
PE 0:   AuthenticAMD (21:1:2) (family:model:stepping)
MPI VERSION : CRAY MPICH version 6.3.0 (ANL base 3.0.3)
BUILD INFO  : Built Mon Mar 10 21:36:48 2014 (svn rev 10018) RT-G CPR-R
PE 0: MPICH environment settings:
PE 0:   MPICH_ENV_DISPLAY          = 1
PE 0:   MPICH_VERSION_DISPLAY      = 1
PE 0:   MPICH_ABORT_ON_ERROR       = 1
PE 0:   MPICH_CPUMASK_DISPLAY      = 0
PE 0:   MPICH_RANK_REORDER_METHOD  = 1
PE 0:   MPICH_RANK_REORDER_DISPLAY = 0
PE 0:   MPICH_MEMCPY_MEM_CHECK     = 0
PE 0:   MPICH_USE_SYSTEM_MEMCPY    = 1
PE 0:   MPICH_NO_BUFFER_ALIAS_CHECK= 0
PE 0:   MPICH_COLL_SYNC            = 0
PE 0:   MPICH_MSG_QUEUE_DBG        = 0
PE 0: MPICH/GPU environment settings:
PE 0:   MPICH_RDMA_ENABLED_CUDA    = 0
PE 0:   MPICH_G2G_PIPELINE         = 0
PE 0:   MPICH_NO_GPU_DIRECT        = 0
PE 0: MPICH/MPMD environment settings:
PE 0:   MPICH_DMAPP_APP_IS_WORLD   = 0
PE 0: MPICH/SMP environment settings:
PE 0:   MPICH_SMP_SINGLE_COPY_OFF  = 0
PE 0:   MPICH_SMP_SINGLE_COPY_SIZE = 8192
PE 0: MPICH/GNI environment settings:
PE 0:           MPICH_GNI_RECV_CQ_SIZE = 40960
PE 0:          MPICH_GNI_LOCAL_CQ_SIZE = 8192
PE 0:            MPICH_GNI_DEBUG_LEVEL = 0
PE 0:    MPICH_GNI_MAX_VSHORT_MSG_SIZE = 8144
PE 0:     MPICH_GNI_MAX_EAGER_MSG_SIZE = 8192
PE 0:               MPICH_GNI_NUM_BUFS = 64
PE 0:             MPICH_GNI_NUM_MBOXES = -1
PE 0:       MPICH_GNI_MBOXES_PER_BLOCK = 4096
PE 0:         MPICH_GNI_RDMA_THRESHOLD = 1024
PE 0:          MPICH_GNI_RCVCQ_PROCNUM = 1
PE 0:    MPICH_GNI_NDREG_ENTRIES(req.) = 999
PE 0:          MPICH_GNI_NDREG_MAXSIZE = 524288
PE 0:        MPICH_GNI_MALLOC_FALLBACK = 0
PE 0:          MPICH_GNI_NDREG_LAZYMEM = LAZY_ALL
PE 0:          MPICH_GNI_DMAPP_INTEROP = 1
PE 0:           MPICH_GNI_DYNAMIC_CONN = 1
PE 0:        MPICH_GNI_MAX_NUM_RETRIES = 16
PE 0:              MPICH_GNI_FORK_MODE = PARTCOPY
PE 0:         MPICH_GNI_MBOX_PLACEMENT = DEFAULT
PE 0:        MPICH_GNI_VC_MSG_PROTOCOL = MBOX
PE 0:      MPICH_GNI_BTE_MULTI_CHANNEL = 1
PE 0:           MPICH_GNI_LMT_GET_PATH = 1
PE 0:               MPICH_GNI_LMT_PATH = 1
PE 0:     MPICH_NEMESIS_ASYNC_PROGRESS = 0
PE 0: MPICH_GNI_ASYNC_PROGRESS_TIMEOUT = -1
PE 0:       MPICH_GNI_DATAGRAM_TIMEOUT = -1
PE 0:            MPICH_GNI_FMA_SHARING = 0
PE 0:          MPICH_GNI_USE_PCI_IOMMU = 0
PE 0:            MPICH_GNI_CQE_BACKOFF = 0
PE 0:    MPICH_GNI_USE_UNASSIGNED_CPUS = 1
PE 0:        MPICH_GNI_MEM_DEBUG_FNAME = 
PE 0: MPICH/COLLECTIVE environment settings:
PE 0:   MPICH_COLL_OPT_OFF         = 0
PE 0:   MPICH_COLL_BAL_INJECTION   = auto
PE 0:   MPICH_USE_DMAPP_COLL       = 0
PE 0:   MPICH_DMAPP_COLL_RADIX     = 64
PE 0:   MPICH_DMAPP_A2A_SHORT_MSG  = 4096
PE 0:   MPICH_DMAPP_A2A_USE_PUTS   = 0
PE 0:   MPICH_DMAPP_A2A_SYMBUF_SIZE= 65536
PE 0:   MPICH_BCAST_ONLY_TREE      = 1
PE 0:   MPICH_ALLTOALL_SHORT_MSG   = 32-2048
PE 0:   MPICH_ALLTOALLV_THROTTLE   = 1
PE 0:   MPICH_ALLGATHER_VSHORT_MSG = 1024-8192
PE 0:   MPICH_ALLGATHERV_VSHORT_MSG= 1024-8192
PE 0:   MPICH_GATHERV_SHORT_MSG    = 16384
PE 0:   MPICH_SCATTERV_SHORT_MSG   = 2048-8192
PE 0:   MPICH_SCATTERV_SYNCHRONOUS = 0
PE 0:   MPICH_ALLREDUCE_NO_SMP     = 0
PE 0:   MPICH_REDUCE_NO_SMP        = 0
PE 0: MPICH/MPIIO environment settings:
PE 0:   MPICH_MPIIO_HINTS_DISPLAY  = 0
PE 0:   MPICH_MPIIO_HINTS          = NULL
PE 0:   MPICH_MPIIO_ABORT_ON_RW_ERROR = disable
PE 0:   MPICH_MPIIO_CB_ALIGN       = 2
PE 0: MPICH Thread Safety settings:
PE 0:   MPICH_MAX_THREAD_SAFETY    = multiple
PE 0:   rank 0 required = multiple, was provided = multiple
Parallel: 256 processors (using MPI)
Parallel: 16 threads per MPI process
Parallel: MPI Level Required: 3, provided: 3

WARNING: You have turned OFF .ups file validation... this may cause many unforeseen problems
         with your simulation run.  It is strongly suggested that you leave validation on!

Date:    Thu Oct 16 21:13:07 2014
Machine: nid05720
SVN: $Revision: 51394 $
SVN: $Date: 2013-12-17 17:36:21 -0500 (Tue, 17 Dec 2013) $
Assertion level: 0
CFLAGS: -fPIC  -fopenmp -Wall -g -O2 -DNDEBUG 
Implicit Solver: 	CGSolver
Simulation Component: 	'RMCRT_Test'
__________________________________ USING DOUBLE VERSION OF RMCRT
Load Balancer: 		SimpleLoadBalancer
Scheduler: 		UnifiedScheduler
	Using "MostMessages" Algorithm
	WARNING: Multi-threaded Unified scheduler is EXPERIMENTAL, not all tasks are thread safe yet.
	Creating 15 thread(s) for task execution.
Next checkpoint time is 0
Patch layout: 		(2,2,2)
Patch layout: 		(16,16,16)
Grid statistics:
Number of levels:		2
Level 0:
  Number of patches:		8
  Total number of cells:	39304 (4913 avg. per patch)
Level 1:
  Number of patches:		4096
  Total number of cells:	2197000 (536.377 avg. per patch)
Total patches in grid:		4104
Total cells in grid:		2236304 (544.908 avg. per patch)

__________________________________ USING DOUBLE VERSION OF RMCRT
__________________________________ Reading in RMCRT section of ups file
sigmaScat: 0
RMCRT: WARNING: You have specified only 1 ray to compute radiative fluxes.
For better accuracy and stability, specify nFluxRays greater than 2.
Compiling initialization taskgraph...
done taskgraph compile (0.008661 seconds)
Compiling taskgraph...
DONE TASKGRAPH RE-COMPILE (0.390709 seconds)
Time=0 (timestep 0), delT=0.0078125, elap T = 0.40, Memory Use = 28.17 MBs (avg), 29.62 MBs (max on rank:64)
  Recompile         avg: 0.364449   max: 0.390709   maxloc:0 LIB%: 6.72111
  TaskExec          avg: 0.0241655  max: 0.02456    maxloc:90 LIB%: 1.60627
  TaskLocalComm     avg: 5.30859e-06 max: 1.2e-05    maxloc:48 LIB%: 55.7617

 RMCRT REPORT: Patch 8
 Used 8800 milliseconds of CPU time. 

 Size: 2520925
 Efficiency: 286469 steps per sec

Time=0.0078125 (timestep 1), delT=0.0078125, elap T = 2.50, Memory Use = 35.52 MBs (avg), 71.75 MBs (max on rank:0)
  TaskExec          avg: 10.6908    max: 11.758     maxloc:135 LIB%: 9.07672
  TaskLocalComm     avg: 0.324232   max: 0.777229   maxloc:32 LIB%: 58.2836
  TaskWaitCommTime  avg: 1.08913    max: 1.54168    maxloc:67 LIB%: 29.3548
  TaskWaitThreadTime avg: 0.000348992 max: 0.000409   maxloc:34 LIB%: 14.6718

 RMCRT REPORT: Patch 8
 Used 8260 milliseconds of CPU time. 

 Size: 2513849
 Efficiency: 304340 steps per sec

Time=0.015625 (timestep 2), delT=0.0078125, elap T = 4.29, Memory Use = 36.82 MBs (avg), 104.80 MBs (max on rank:0)
  TaskExec          avg: 10.54      max: 11.0228    maxloc:135 LIB%: 4.37962
  TaskLocalComm     avg: 0.210988   max: 2.02137    maxloc:64 LIB%: 89.5622
  TaskWaitCommTime  avg: 0.906496   max: 1.23714    maxloc:67 LIB%: 26.7265
  TaskWaitThreadTime avg: 0.000273254 max: 0.000738   maxloc:0 LIB%: 62.9737

 RMCRT REPORT: Patch 8
 Used 8290 milliseconds of CPU time. 

 Size: 2533523
 Efficiency: 305612 steps per sec

Time=0.0234375 (timestep 3), delT=0.0078125, elap T = 5.74, Memory Use = 37.71 MBs (avg), 116.27 MBs (max on rank:32)
  TaskExec          avg: 10.519     max: 11.01      maxloc:119 LIB%: 4.45894
  TaskLocalComm     avg: 0.182472   max: 1.40601    maxloc:32 LIB%: 87.022
  TaskWaitCommTime  avg: 0.58063    max: 0.975576   maxloc:16 LIB%: 40.4834
  TaskWaitThreadTime avg: 0.000285008 max: 0.000352   maxloc:205 LIB%: 19.0319
  Percent Time in overhead:0

 RMCRT REPORT: Patch 8
 Used 8270 milliseconds of CPU time. 

 Size: 2522570
 Efficiency: 305027 steps per sec

Time=0.03125 (timestep 4), delT=0.0078125, elap T = 7.08, mean: 1.37, Memory Use = 38.38 MBs (avg), 124.34 MBs (max on rank:32)
  TaskExec          avg: 10.416     max: 10.8512    maxloc:106 LIB%: 4.0108
  TaskLocalComm     avg: 0.177453   max: 1.35943    maxloc:32 LIB%: 86.9466
  TaskWaitCommTime  avg: 0.547503   max: 0.708766   maxloc:67 LIB%: 22.7527
  TaskWaitThreadTime avg: 0.000284309 max: 0.000374   maxloc:122 LIB%: 23.9817
  Percent Time in overhead:0

 RMCRT REPORT: Patch 8
 Used 8360 milliseconds of CPU time. 

 Size: 2526444
 Efficiency: 302206 steps per sec

Time=0.0390625 (timestep 5), delT=0.0078125, elap T = 8.70, mean: 1.50, Memory Use = 38.63 MBs (avg), 134.81 MBs (max on rank:128)
  TaskExec          avg: 10.5089    max: 10.9412    maxloc:133 LIB%: 3.95179
  TaskLocalComm     avg: 0.187727   max: 1.75736    maxloc:128 LIB%: 89.3177
  TaskWaitCommTime  avg: 0.718618   max: 0.984747   maxloc:67 LIB%: 27.0251
  TaskWaitThreadTime avg: 0.00028416 max: 0.000345   maxloc:73 LIB%: 17.6347
  Percent Time in overhead:0

 RMCRT REPORT: Patch 8
 Used 8380 milliseconds of CPU time. 

 Size: 2523269
 Efficiency: 301106 steps per sec

Time=0.046875 (timestep 6), delT=0.0078125, elap T = 10.22, mean: 1.51, Memory Use = 38.81 MBs (avg), 149.09 MBs (max on rank:0)
  TaskExec          avg: 10.4068    max: 10.8965    maxloc:136 LIB%: 4.49405
  TaskLocalComm     avg: 0.177857   max: 1.64647    maxloc:0 LIB%: 89.1977
  TaskWaitCommTime  avg: 0.69929    max: 0.915616   maxloc:67 LIB%: 23.6263
  TaskWaitThreadTime avg: 0.000285426 max: 0.000338   maxloc:32 LIB%: 15.5545
  Percent Time in overhead:0

 RMCRT REPORT: Patch 8
 Used 8180 milliseconds of CPU time. 

 Size: 2518464
 Efficiency: 307881 steps per sec

Time=0.0546875 (timestep 7), delT=0.0078125, elap T = 11.24, mean: 1.34, Memory Use = 39.02 MBs (avg), 164.21 MBs (max on rank:0)
  TaskExec          avg: 10.4223    max: 10.9169    maxloc:133 LIB%: 4.53084
  TaskLocalComm     avg: 0.17228    max: 0.680613   maxloc:128 LIB%: 74.6875
  TaskWaitCommTime  avg: 0.265978   max: 0.380097   maxloc:1 LIB%: 30.0236
  TaskWaitThreadTime avg: 0.000286176 max: 0.000664   maxloc:0 LIB%: 56.9012
  Percent Time in overhead:0

 RMCRT REPORT: Patch 8
 Used 8340 milliseconds of CPU time. 

 Size: 2526934
 Efficiency: 302990 steps per sec

Time=0.0625 (timestep 8), delT=0.0078125, elap T = 12.73, mean: 1.39, Memory Use = 39.24 MBs (avg), 143.48 MBs (max on rank:0)
  TaskExec          avg: 10.4978    max: 10.9442    maxloc:137 LIB%: 4.07908
  TaskLocalComm     avg: 0.172421   max: 1.59605    maxloc:64 LIB%: 89.197
  TaskWaitCommTime  avg: 0.588693   max: 0.961105   maxloc:48 LIB%: 38.7483
  TaskWaitThreadTime avg: 0.00028266 max: 0.000341   maxloc:27 LIB%: 17.1085
  Percent Time in overhead:0

 RMCRT REPORT: Patch 8
 Used 8190 milliseconds of CPU time. 

 Size: 2516185
 Efficiency: 307226 steps per sec

Time=0.0703125 (timestep 9), delT=0.0078125, elap T = 13.76, mean: 1.30, Memory Use = 39.45 MBs (avg), 146.03 MBs (max on rank:0)
  TaskExec          avg: 10.4945    max: 11.0115    maxloc:151 LIB%: 4.6952
  TaskLocalComm     avg: 0.168609   max: 0.530862   maxloc:64 LIB%: 68.2386
  TaskWaitCommTime  avg: 0.227538   max: 0.382313   maxloc:67 LIB%: 40.4839
  TaskWaitThreadTime avg: 0.000282266 max: 0.000373   maxloc:116 LIB%: 24.3256
  Percent Time in overhead:0

 RMCRT REPORT: Patch 8
 Used 8230 milliseconds of CPU time. 

 Size: 2516182
 Efficiency: 305733 steps per sec

Time=0.078125 (timestep 10), delT=0.0078125, elap T = 15.12, mean: 1.31, Memory Use = 39.55 MBs (avg), 135.17 MBs (max on rank:0)
  TaskExec          avg: 10.3918    max: 10.8102    maxloc:119 LIB%: 3.87043
  TaskLocalComm     avg: 0.169938   max: 1.4225     maxloc:64 LIB%: 88.0535
  TaskWaitCommTime  avg: 0.56171    max: 0.945946   maxloc:48 LIB%: 40.6192
  TaskWaitThreadTime avg: 0.000293215 max: 0.002848   maxloc:65 LIB%: 89.7045
  Percent Time in overhead:0
Sus: going down successfully
Application 7857689 resources: utime ~27462s, stime ~3274s, Rss ~166116, inblocks ~15096648, outblocks ~38624598
