PE 0: MPICH processor detected:
PE 0:   AuthenticAMD (21:1:2) (family:model:stepping)
MPI VERSION : CRAY MPICH version 6.3.0 (ANL base 3.0.3)
BUILD INFO  : Built Mon Mar 10 21:36:48 2014 (svn rev 10018) RT-G CPR-R
PE 0: MPICH environment settings:
PE 0:   MPICH_ENV_DISPLAY          = 1
PE 0:   MPICH_VERSION_DISPLAY      = 1
PE 0:   MPICH_ABORT_ON_ERROR       = 1
PE 0:   MPICH_CPUMASK_DISPLAY      = 0
PE 0:   MPICH_RANK_REORDER_METHOD  = 1
PE 0:   MPICH_RANK_REORDER_DISPLAY = 0
PE 0:   MPICH_MEMCPY_MEM_CHECK     = 0
PE 0:   MPICH_USE_SYSTEM_MEMCPY    = 1
PE 0:   MPICH_NO_BUFFER_ALIAS_CHECK= 0
PE 0:   MPICH_COLL_SYNC            = 0
PE 0:   MPICH_MSG_QUEUE_DBG        = 0
PE 0: MPICH/GPU environment settings:
PE 0:   MPICH_RDMA_ENABLED_CUDA    = 0
PE 0:   MPICH_G2G_PIPELINE         = 0
PE 0:   MPICH_NO_GPU_DIRECT        = 0
PE 0: MPICH/MPMD environment settings:
PE 0:   MPICH_DMAPP_APP_IS_WORLD   = 0
PE 0: MPICH/SMP environment settings:
PE 0:   MPICH_SMP_SINGLE_COPY_OFF  = 0
PE 0:   MPICH_SMP_SINGLE_COPY_SIZE = 8192
PE 0: MPICH/GNI environment settings:
PE 0:           MPICH_GNI_RECV_CQ_SIZE = 40960
PE 0:          MPICH_GNI_LOCAL_CQ_SIZE = 8192
PE 0:            MPICH_GNI_DEBUG_LEVEL = 0
PE 0:    MPICH_GNI_MAX_VSHORT_MSG_SIZE = 8144
PE 0:     MPICH_GNI_MAX_EAGER_MSG_SIZE = 8192
PE 0:               MPICH_GNI_NUM_BUFS = 64
PE 0:             MPICH_GNI_NUM_MBOXES = -1
PE 0:       MPICH_GNI_MBOXES_PER_BLOCK = 4096
PE 0:         MPICH_GNI_RDMA_THRESHOLD = 1024
PE 0:          MPICH_GNI_RCVCQ_PROCNUM = 1
PE 0:    MPICH_GNI_NDREG_ENTRIES(req.) = 999
PE 0:          MPICH_GNI_NDREG_MAXSIZE = 524288
PE 0:        MPICH_GNI_MALLOC_FALLBACK = 0
PE 0:          MPICH_GNI_NDREG_LAZYMEM = LAZY_ALL
PE 0:          MPICH_GNI_DMAPP_INTEROP = 1
PE 0:           MPICH_GNI_DYNAMIC_CONN = 1
PE 0:        MPICH_GNI_MAX_NUM_RETRIES = 16
PE 0:              MPICH_GNI_FORK_MODE = PARTCOPY
PE 0:         MPICH_GNI_MBOX_PLACEMENT = DEFAULT
PE 0:        MPICH_GNI_VC_MSG_PROTOCOL = MBOX
PE 0:      MPICH_GNI_BTE_MULTI_CHANNEL = 1
PE 0:           MPICH_GNI_LMT_GET_PATH = 1
PE 0:               MPICH_GNI_LMT_PATH = 1
PE 0:     MPICH_NEMESIS_ASYNC_PROGRESS = 0
PE 0: MPICH_GNI_ASYNC_PROGRESS_TIMEOUT = -1
PE 0:       MPICH_GNI_DATAGRAM_TIMEOUT = -1
PE 0:            MPICH_GNI_FMA_SHARING = 0
PE 0:          MPICH_GNI_USE_PCI_IOMMU = 0
PE 0:            MPICH_GNI_CQE_BACKOFF = 0
PE 0:    MPICH_GNI_USE_UNASSIGNED_CPUS = 1
PE 0:        MPICH_GNI_MEM_DEBUG_FNAME = 
PE 0: MPICH/COLLECTIVE environment settings:
PE 0:   MPICH_COLL_OPT_OFF         = 0
PE 0:   MPICH_COLL_BAL_INJECTION   = auto
PE 0:   MPICH_USE_DMAPP_COLL       = 0
PE 0:   MPICH_DMAPP_COLL_RADIX     = 64
PE 0:   MPICH_DMAPP_A2A_SHORT_MSG  = 4096
PE 0:   MPICH_DMAPP_A2A_USE_PUTS   = 0
PE 0:   MPICH_DMAPP_A2A_SYMBUF_SIZE= 8192
PE 0:   MPICH_BCAST_ONLY_TREE      = 1
PE 0:   MPICH_ALLTOALL_SHORT_MSG   = 32-2048
PE 0:   MPICH_ALLTOALLV_THROTTLE   = 1
PE 0:   MPICH_ALLGATHER_VSHORT_MSG = 1024-8192
PE 0:   MPICH_ALLGATHERV_VSHORT_MSG= 1024-8192
PE 0:   MPICH_GATHERV_SHORT_MSG    = 16384
PE 0:   MPICH_SCATTERV_SHORT_MSG   = 2048-8192
PE 0:   MPICH_SCATTERV_SYNCHRONOUS = 0
PE 0:   MPICH_ALLREDUCE_NO_SMP     = 0
PE 0:   MPICH_REDUCE_NO_SMP        = 0
PE 0: MPICH/MPIIO environment settings:
PE 0:   MPICH_MPIIO_HINTS_DISPLAY  = 0
PE 0:   MPICH_MPIIO_HINTS          = NULL
PE 0:   MPICH_MPIIO_ABORT_ON_RW_ERROR = disable
PE 0:   MPICH_MPIIO_CB_ALIGN       = 2
PE 0: MPICH Thread Safety settings:
PE 0:   MPICH_MAX_THREAD_SAFETY    = multiple
PE 0:   rank 0 required = multiple, was provided = multiple
Parallel: 32 processors (using MPI)
Parallel: 16 threads per MPI process
Parallel: MPI Level Required: 3, provided: 3

WARNING: You have turned OFF .ups file validation... this may cause many unforeseen problems
         with your simulation run.  It is strongly suggested that you leave validation on!

Date:    Fri Oct 17 04:17:32 2014
Machine: nid08043
SVN: $Revision: 51394 $
SVN: $Date: 2013-12-17 17:36:21 -0500 (Tue, 17 Dec 2013) $
Assertion level: 0
CFLAGS: -fPIC  -fopenmp -Wall -g -O2 -DNDEBUG 
Implicit Solver: 	CGSolver
Simulation Component: 	'RMCRT_Test'
__________________________________ USING DOUBLE VERSION OF RMCRT
Load Balancer: 		SimpleLoadBalancer
Scheduler: 		UnifiedScheduler
	Using "MostMessages" Algorithm
	WARNING: Multi-threaded Unified scheduler is EXPERIMENTAL, not all tasks are thread safe yet.
	Creating 15 thread(s) for task execution.
Next checkpoint time is 0
Patch layout: 		(2,2,2)
Patch layout: 		(8,8,8)
Grid statistics:
Number of levels:		2
Level 0:
  Number of patches:		8
  Total number of cells:	39304 (4913 avg. per patch)
Level 1:
  Number of patches:		512
  Total number of cells:	2197000 (4291.02 avg. per patch)
Total patches in grid:		520
Total cells in grid:		2236304 (4300.58 avg. per patch)

__________________________________ USING DOUBLE VERSION OF RMCRT
__________________________________ Reading in RMCRT section of ups file
sigmaScat: 0
RMCRT: WARNING: You have specified only 1 ray to compute radiative fluxes.
For better accuracy and stability, specify nFluxRays greater than 2.
Compiling initialization taskgraph...
done taskgraph compile (0.0057 seconds)
Compiling taskgraph...
DONE TASKGRAPH RE-COMPILE (0.041344 seconds)
Time=0 (timestep 0), delT=0.0078125, elap T = 0.05, Memory Use = 14.30 MBs (avg), 14.65 MBs (max on rank:28)
  Recompile         avg: 0.0406564  max: 0.042469   maxloc:4 LIB%: 4.26797
  TaskExec          avg: 0.00797744 max: 0.008876   maxloc:10 LIB%: 10.1235
  TaskLocalComm     avg: 5.6875e-06 max: 1.1e-05    maxloc:5 LIB%: 48.2955

 RMCRT REPORT: Patch 8
 Used 79180 milliseconds of CPU time. 

 Size: 24416048
 Efficiency: 308361 steps per sec

Time=0.0078125 (timestep 1), delT=0.0078125, elap T = 11.09, Memory Use = 27.44 MBs (avg), 38.46 MBs (max on rank:16)
  TaskExec          avg: 90.8941    max: 95.3938    maxloc:22 LIB%: 4.71696
  TaskLocalComm     avg: 0.712755   max: 1.00146    maxloc:18 LIB%: 28.8286
  TaskWaitCommTime  avg: 1.74467    max: 4.51404    maxloc:1 LIB%: 61.3502
  TaskWaitThreadTime avg: 0.000312906 max: 0.000387   maxloc:24 LIB%: 19.1457

 RMCRT REPORT: Patch 8
 Used 79960 milliseconds of CPU time. 

 Size: 24447472
 Efficiency: 305746 steps per sec

Time=0.015625 (timestep 2), delT=0.0078125, elap T = 16.98, Memory Use = 31.64 MBs (avg), 52.48 MBs (max on rank:4)
  TaskExec          avg: 87.3516    max: 90.8111    maxloc:17 LIB%: 3.80959
  TaskLocalComm     avg: 0.255719   max: 0.761823   maxloc:12 LIB%: 66.4333
  TaskWaitCommTime  avg: 0.235561   max: 0.442906   maxloc:22 LIB%: 46.8146
  TaskWaitThreadTime avg: 0.00027375 max: 0.000352   maxloc:16 LIB%: 22.2301

 RMCRT REPORT: Patch 8
 Used 79240 milliseconds of CPU time. 

 Size: 24402038
 Efficiency: 307951 steps per sec

Time=0.0234375 (timestep 3), delT=0.0078125, elap T = 22.85, Memory Use = 35.19 MBs (avg), 57.65 MBs (max on rank:0)
  TaskExec          avg: 87.3019    max: 90.7703    maxloc:17 LIB%: 3.82108
  TaskLocalComm     avg: 0.167182   max: 0.320769   maxloc:28 LIB%: 47.8808
  TaskWaitCommTime  avg: 0.172183   max: 0.324631   maxloc:7 LIB%: 46.9604
  TaskWaitThreadTime avg: 0.000282031 max: 0.000324   maxloc:11 LIB%: 12.9533
  Percent Time in overhead:0

 RMCRT REPORT: Patch 8
 Used 78940 milliseconds of CPU time. 

 Size: 24444017
 Efficiency: 309653 steps per sec

Time=0.03125 (timestep 4), delT=0.0078125, elap T = 28.70, mean: 5.86, Memory Use = 37.09 MBs (avg), 71.22 MBs (max on rank:0)
  TaskExec          avg: 87.2309    max: 90.5762    maxloc:17 LIB%: 3.69335
  TaskLocalComm     avg: 0.148039   max: 0.330896   maxloc:0 LIB%: 55.2612
  TaskWaitCommTime  avg: 0.190308   max: 0.343182   maxloc:7 LIB%: 44.5462
  TaskWaitThreadTime avg: 0.000279563 max: 0.000323   maxloc:22 LIB%: 13.4481
  Percent Time in overhead:0

 RMCRT REPORT: Patch 8
 Used 79150 milliseconds of CPU time. 

 Size: 24395991
 Efficiency: 308225 steps per sec

Time=0.0390625 (timestep 5), delT=0.0078125, elap T = 34.73, mean: 5.94, Memory Use = 38.80 MBs (avg), 86.70 MBs (max on rank:0)
  TaskExec          avg: 87.2877    max: 90.485     maxloc:17 LIB%: 3.53358
  TaskLocalComm     avg: 0.132002   max: 0.308637   maxloc:16 LIB%: 57.2305
  TaskWaitCommTime  avg: 0.31984    max: 0.542515   maxloc:15 LIB%: 41.045
  TaskWaitThreadTime avg: 0.000287125 max: 0.000334   maxloc:12 LIB%: 14.0344
  Percent Time in overhead:0

 RMCRT REPORT: Patch 8
 Used 79260 milliseconds of CPU time. 

 Size: 24441323
 Efficiency: 308369 steps per sec

Time=0.046875 (timestep 6), delT=0.0078125, elap T = 40.46, mean: 5.86, Memory Use = 40.40 MBs (avg), 88.25 MBs (max on rank:0)
  TaskExec          avg: 87.2144    max: 90.482     maxloc:17 LIB%: 3.61132
  TaskLocalComm     avg: 0.117294   max: 0.207379   maxloc:12 LIB%: 43.4399
  TaskWaitCommTime  avg: 0.0837073  max: 0.214644   maxloc:1 LIB%: 61.0018
  TaskWaitThreadTime avg: 0.000705562 max: 0.014081   maxloc:30 LIB%: 94.9893
  Percent Time in overhead:0

 RMCRT REPORT: Patch 8
 Used 79230 milliseconds of CPU time. 

 Size: 24436193
 Efficiency: 308421 steps per sec

Time=0.0546875 (timestep 7), delT=0.0078125, elap T = 46.29, mean: 5.85, Memory Use = 42.52 MBs (avg), 87.45 MBs (max on rank:0)
  TaskExec          avg: 87.1422    max: 90.2857    maxloc:17 LIB%: 3.48177
  TaskLocalComm     avg: 0.135639   max: 0.326753   maxloc:8 LIB%: 58.489
  TaskWaitCommTime  avg: 0.157634   max: 0.2961     maxloc:7 LIB%: 46.7632
  TaskWaitThreadTime avg: 0.000279125 max: 0.000328   maxloc:30 LIB%: 14.9009
  Percent Time in overhead:0

 RMCRT REPORT: Patch 8
 Used 78580 milliseconds of CPU time. 

 Size: 24400354
 Efficiency: 310516 steps per sec

Time=0.0625 (timestep 8), delT=0.0078125, elap T = 52.17, mean: 5.86, Memory Use = 43.52 MBs (avg), 96.17 MBs (max on rank:0)
  TaskExec          avg: 87.1329    max: 90.5443    maxloc:17 LIB%: 3.76762
  TaskLocalComm     avg: 0.117377   max: 0.303753   maxloc:0 LIB%: 61.3577
  TaskWaitCommTime  avg: 0.225808   max: 0.36659    maxloc:1 LIB%: 38.4031
  TaskWaitThreadTime avg: 0.000283125 max: 0.000331   maxloc:16 LIB%: 14.4637
  Percent Time in overhead:0

 RMCRT REPORT: Patch 8
 Used 78830 milliseconds of CPU time. 

 Size: 24428666
 Efficiency: 309890 steps per sec

Time=0.0703125 (timestep 9), delT=0.0078125, elap T = 57.97, mean: 5.84, Memory Use = 44.75 MBs (avg), 94.54 MBs (max on rank:0)
  TaskExec          avg: 87.0873    max: 90.3261    maxloc:17 LIB%: 3.58565
  TaskLocalComm     avg: 0.114955   max: 0.266965   maxloc:16 LIB%: 56.9399
  TaskWaitCommTime  avg: 0.184764   max: 0.324772   maxloc:1 LIB%: 43.1098
  TaskWaitThreadTime avg: 0.000281312 max: 0.000318   maxloc:21 LIB%: 11.5369
  Percent Time in overhead:0

 RMCRT REPORT: Patch 8
 Used 79060 milliseconds of CPU time. 

 Size: 24440341
 Efficiency: 309137 steps per sec

Time=0.078125 (timestep 10), delT=0.0078125, elap T = 63.83, mean: 5.85, Memory Use = 46.47 MBs (avg), 97.92 MBs (max on rank:16)
  TaskExec          avg: 87.1602    max: 90.5927    maxloc:9 LIB%: 3.78899
  TaskLocalComm     avg: 0.120928   max: 0.273699   maxloc:16 LIB%: 55.8171
  TaskWaitCommTime  avg: 0.156229   max: 0.301883   maxloc:7 LIB%: 48.2484
  TaskWaitThreadTime avg: 0.000277219 max: 0.00033    maxloc:1 LIB%: 15.9943
  Percent Time in overhead:0
Sus: going down successfully
Application 7859282 resources: utime ~27961s, stime ~389s, Rss ~107388, inblocks ~1980436, outblocks ~4829276
