PE 0: MPICH processor detected:
PE 0:   AuthenticAMD (21:1:2) (family:model:stepping)
MPI VERSION : CRAY MPICH version 6.3.0 (ANL base 3.0.3)
BUILD INFO  : Built Mon Mar 10 21:36:48 2014 (svn rev 10018) RT-G CPR-R
PE 0: MPICH environment settings:
PE 0:   MPICH_ENV_DISPLAY          = 1
PE 0:   MPICH_VERSION_DISPLAY      = 1
PE 0:   MPICH_ABORT_ON_ERROR       = 1
PE 0:   MPICH_CPUMASK_DISPLAY      = 0
PE 0:   MPICH_RANK_REORDER_METHOD  = 1
PE 0:   MPICH_RANK_REORDER_DISPLAY = 0
PE 0:   MPICH_MEMCPY_MEM_CHECK     = 0
PE 0:   MPICH_USE_SYSTEM_MEMCPY    = 1
PE 0:   MPICH_NO_BUFFER_ALIAS_CHECK= 0
PE 0:   MPICH_COLL_SYNC            = 0
PE 0:   MPICH_MSG_QUEUE_DBG        = 0
PE 0: MPICH/GPU environment settings:
PE 0:   MPICH_RDMA_ENABLED_CUDA    = 0
PE 0:   MPICH_G2G_PIPELINE         = 0
PE 0:   MPICH_NO_GPU_DIRECT        = 0
PE 0: MPICH/MPMD environment settings:
PE 0:   MPICH_DMAPP_APP_IS_WORLD   = 0
PE 0: MPICH/SMP environment settings:
PE 0:   MPICH_SMP_SINGLE_COPY_OFF  = 0
PE 0:   MPICH_SMP_SINGLE_COPY_SIZE = 8192
PE 0: MPICH/GNI environment settings:
PE 0:           MPICH_GNI_RECV_CQ_SIZE = 40960
PE 0:          MPICH_GNI_LOCAL_CQ_SIZE = 8192
PE 0:            MPICH_GNI_DEBUG_LEVEL = 0
PE 0:    MPICH_GNI_MAX_VSHORT_MSG_SIZE = 8144
PE 0:     MPICH_GNI_MAX_EAGER_MSG_SIZE = 8192
PE 0:               MPICH_GNI_NUM_BUFS = 64
PE 0:             MPICH_GNI_NUM_MBOXES = -1
PE 0:       MPICH_GNI_MBOXES_PER_BLOCK = 4096
PE 0:         MPICH_GNI_RDMA_THRESHOLD = 1024
PE 0:          MPICH_GNI_RCVCQ_PROCNUM = 1
PE 0:    MPICH_GNI_NDREG_ENTRIES(req.) = 999
PE 0:          MPICH_GNI_NDREG_MAXSIZE = 524288
PE 0:        MPICH_GNI_MALLOC_FALLBACK = 0
PE 0:          MPICH_GNI_NDREG_LAZYMEM = LAZY_ALL
PE 0:          MPICH_GNI_DMAPP_INTEROP = 1
PE 0:           MPICH_GNI_DYNAMIC_CONN = 1
PE 0:        MPICH_GNI_MAX_NUM_RETRIES = 16
PE 0:              MPICH_GNI_FORK_MODE = PARTCOPY
PE 0:         MPICH_GNI_MBOX_PLACEMENT = DEFAULT
PE 0:        MPICH_GNI_VC_MSG_PROTOCOL = MBOX
PE 0:      MPICH_GNI_BTE_MULTI_CHANNEL = 1
PE 0:           MPICH_GNI_LMT_GET_PATH = 1
PE 0:               MPICH_GNI_LMT_PATH = 1
PE 0:     MPICH_NEMESIS_ASYNC_PROGRESS = 0
PE 0: MPICH_GNI_ASYNC_PROGRESS_TIMEOUT = -1
PE 0:       MPICH_GNI_DATAGRAM_TIMEOUT = -1
PE 0:            MPICH_GNI_FMA_SHARING = 0
PE 0:          MPICH_GNI_USE_PCI_IOMMU = 0
PE 0:            MPICH_GNI_CQE_BACKOFF = 0
PE 0:    MPICH_GNI_USE_UNASSIGNED_CPUS = 1
PE 0:        MPICH_GNI_MEM_DEBUG_FNAME = 
PE 0: MPICH/COLLECTIVE environment settings:
PE 0:   MPICH_COLL_OPT_OFF         = 0
PE 0:   MPICH_COLL_BAL_INJECTION   = auto
PE 0:   MPICH_USE_DMAPP_COLL       = 0
PE 0:   MPICH_DMAPP_COLL_RADIX     = 64
PE 0:   MPICH_DMAPP_A2A_SHORT_MSG  = 4096
PE 0:   MPICH_DMAPP_A2A_USE_PUTS   = 0
PE 0:   MPICH_DMAPP_A2A_SYMBUF_SIZE= 2048
PE 0:   MPICH_BCAST_ONLY_TREE      = 1
PE 0:   MPICH_ALLTOALL_SHORT_MSG   = 32-2048
PE 0:   MPICH_ALLTOALLV_THROTTLE   = 1
PE 0:   MPICH_ALLGATHER_VSHORT_MSG = 1024-8192
PE 0:   MPICH_ALLGATHERV_VSHORT_MSG= 1024-8192
PE 0:   MPICH_GATHERV_SHORT_MSG    = 16384
PE 0:   MPICH_SCATTERV_SHORT_MSG   = 2048-8192
PE 0:   MPICH_SCATTERV_SYNCHRONOUS = 0
PE 0:   MPICH_ALLREDUCE_NO_SMP     = 0
PE 0:   MPICH_REDUCE_NO_SMP        = 0
PE 0: MPICH/MPIIO environment settings:
PE 0:   MPICH_MPIIO_HINTS_DISPLAY  = 0
PE 0:   MPICH_MPIIO_HINTS          = NULL
PE 0:   MPICH_MPIIO_ABORT_ON_RW_ERROR = disable
PE 0:   MPICH_MPIIO_CB_ALIGN       = 2
PE 0: MPICH Thread Safety settings:
PE 0:   MPICH_MAX_THREAD_SAFETY    = multiple
PE 0:   rank 0 required = multiple, was provided = multiple
Parallel: 8 processors (using MPI)
Parallel: 16 threads per MPI process
Parallel: MPI Level Required: 3, provided: 3

WARNING: You have turned OFF .ups file validation... this may cause many unforeseen problems
         with your simulation run.  It is strongly suggested that you leave validation on!

Date:    Thu Oct 16 21:11:46 2014
Machine: nid09940
SVN: $Revision: 51394 $
SVN: $Date: 2013-12-17 17:36:21 -0500 (Tue, 17 Dec 2013) $
Assertion level: 0
CFLAGS: -fPIC  -fopenmp -Wall -g -O2 -DNDEBUG 
Implicit Solver: 	CGSolver
Simulation Component: 	'RMCRT_Test'
__________________________________ USING DOUBLE VERSION OF RMCRT
Load Balancer: 		SimpleLoadBalancer
Scheduler: 		UnifiedScheduler
	Using "MostMessages" Algorithm
	WARNING: Multi-threaded Unified scheduler is EXPERIMENTAL, not all tasks are thread safe yet.
	Creating 15 thread(s) for task execution.
Next checkpoint time is 0
Patch layout: 		(2,2,2)
Patch layout: 		(8,4,4)
Grid statistics:
Number of levels:		2
Level 0:
  Number of patches:		8
  Total number of cells:	39304 (4913 avg. per patch)
Level 1:
  Number of patches:		128
  Total number of cells:	2197000 (17164.1 avg. per patch)
Total patches in grid:		136
Total cells in grid:		2236304 (16443.4 avg. per patch)

__________________________________ USING DOUBLE VERSION OF RMCRT
__________________________________ Reading in RMCRT section of ups file
sigmaScat: 0
RMCRT: WARNING: You have specified only 1 ray to compute radiative fluxes.
For better accuracy and stability, specify nFluxRays greater than 2.
Compiling initialization taskgraph...
done taskgraph compile (0.00966 seconds)
Compiling taskgraph...
DONE TASKGRAPH RE-COMPILE (0.010963 seconds)
Time=0 (timestep 0), delT=0.0078125, elap T = 0.03, Memory Use = 17.30 MBs (avg), 17.84 MBs (max on rank:7)
  Recompile         avg: 0.0111859  max: 0.011472   maxloc:4 LIB%: 2.49412
  TaskExec          avg: 0.0170901  max: 0.018282   maxloc:2 LIB%: 6.51939
  TaskLocalComm     avg: 7.5e-06    max: 1.2e-05    maxloc:3 LIB%: 37.5

 RMCRT REPORT: Patch 8
 Used 367960 milliseconds of CPU time. 

 Size: 113903078
 Efficiency: 309553 steps per sec

Time=0.0078125 (timestep 1), delT=0.0078125, elap T = 24.15, Memory Use = 40.18 MBs (avg), 46.86 MBs (max on rank:4)
  TaskExec          avg: 380.102    max: 385.517    maxloc:4 LIB%: 1.40444
  TaskLocalComm     avg: 0.60708    max: 0.839275   maxloc:4 LIB%: 27.6661
  TaskWaitCommTime  avg: 0.0601019  max: 0.079416   maxloc:1 LIB%: 24.3202
  TaskWaitThreadTime avg: 0.00032675 max: 0.000383   maxloc:0 LIB%: 14.6867

 RMCRT REPORT: Patch 8
 Used 367700 milliseconds of CPU time. 

 Size: 113965204
 Efficiency: 309941 steps per sec

Time=0.015625 (timestep 2), delT=0.0078125, elap T = 49.24, Memory Use = 56.49 MBs (avg), 69.37 MBs (max on rank:0)
  TaskExec          avg: 378.418    max: 383.285    maxloc:3 LIB%: 1.26985
  TaskLocalComm     avg: 0.383553   max: 0.546587   maxloc:3 LIB%: 29.8276
  TaskWaitCommTime  avg: 0.527876   max: 1.21598    maxloc:1 LIB%: 56.5885
  TaskWaitThreadTime avg: 0.000295875 max: 0.000308   maxloc:2 LIB%: 3.93669

 RMCRT REPORT: Patch 8
 Used 370770 milliseconds of CPU time. 

 Size: 113887272
 Efficiency: 307164 steps per sec

Time=0.0234375 (timestep 3), delT=0.0078125, elap T = 73.44, Memory Use = 63.82 MBs (avg), 90.03 MBs (max on rank:4)
  TaskExec          avg: 378.494    max: 383.36     maxloc:4 LIB%: 1.26936
  TaskLocalComm     avg: 0.175537   max: 0.233526   maxloc:4 LIB%: 24.8319
  TaskWaitCommTime  avg: 0.276912   max: 0.941242   maxloc:1 LIB%: 70.5802
  TaskWaitThreadTime avg: 0.000282375 max: 0.000332   maxloc:6 LIB%: 14.9473
  Percent Time in overhead:0

 RMCRT REPORT: Patch 8
 Used 367580 milliseconds of CPU time. 

 Size: 113867872
 Efficiency: 309777 steps per sec

Time=0.03125 (timestep 4), delT=0.0078125, elap T = 97.67, mean: 24.22, Memory Use = 66.19 MBs (avg), 109.40 MBs (max on rank:0)
  TaskExec          avg: 378.069    max: 382.666    maxloc:3 LIB%: 1.20116
  TaskLocalComm     avg: 0.126976   max: 0.217659   maxloc:4 LIB%: 41.6631
  TaskWaitCommTime  avg: 0.236201   max: 0.768046   maxloc:1 LIB%: 69.2466
  TaskWaitThreadTime avg: 0.000298125 max: 0.000328   maxloc:3 LIB%: 9.10823
  Percent Time in overhead:0

 RMCRT REPORT: Patch 8
 Used 366000 milliseconds of CPU time. 

 Size: 113931171
 Efficiency: 311287 steps per sec

Time=0.0390625 (timestep 5), delT=0.0078125, elap T = 122.00, mean: 24.27, Memory Use = 71.37 MBs (avg), 103.35 MBs (max on rank:0)
  TaskExec          avg: 378.069    max: 381.933    maxloc:3 LIB%: 1.01187
  TaskLocalComm     avg: 0.148879   max: 0.41898    maxloc:3 LIB%: 64.4663
  TaskWaitCommTime  avg: 0.199384   max: 0.661717   maxloc:1 LIB%: 69.8686
  TaskWaitThreadTime avg: 0.000297625 max: 0.00033    maxloc:5 LIB%: 9.81061
  Percent Time in overhead:0

 RMCRT REPORT: Patch 8
 Used 369200 milliseconds of CPU time. 

 Size: 113878612
 Efficiency: 308447 steps per sec

Time=0.046875 (timestep 6), delT=0.0078125, elap T = 146.15, mean: 24.22, Memory Use = 76.25 MBs (avg), 126.31 MBs (max on rank:0)
  TaskExec          avg: 378.329    max: 383.821    maxloc:3 LIB%: 1.4307
  TaskLocalComm     avg: 0.116088   max: 0.161401   maxloc:2 LIB%: 28.0749
  TaskWaitCommTime  avg: 0.294481   max: 0.668523   maxloc:1 LIB%: 55.9505
  TaskWaitThreadTime avg: 0.000303875 max: 0.000324   maxloc:2 LIB%: 6.21142
  Percent Time in overhead:0

 RMCRT REPORT: Patch 8
 Used 364680 milliseconds of CPU time. 

 Size: 113899530
 Efficiency: 312327 steps per sec

Time=0.0546875 (timestep 7), delT=0.0078125, elap T = 170.50, mean: 24.27, Memory Use = 81.25 MBs (avg), 130.56 MBs (max on rank:0)
  TaskExec          avg: 377.947    max: 383.318    maxloc:3 LIB%: 1.40136
  TaskLocalComm     avg: 0.106973   max: 0.147498   maxloc:6 LIB%: 27.475
  TaskWaitCommTime  avg: 0.224905   max: 0.824908   maxloc:1 LIB%: 72.7358
  TaskWaitThreadTime avg: 0.000280625 max: 0.000326   maxloc:7 LIB%: 13.9187
  Percent Time in overhead:0

 RMCRT REPORT: Patch 8
 Used 363420 milliseconds of CPU time. 

 Size: 113885236
 Efficiency: 313371 steps per sec

Time=0.0625 (timestep 8), delT=0.0078125, elap T = 194.59, mean: 24.22, Memory Use = 85.43 MBs (avg), 146.93 MBs (max on rank:0)
  TaskExec          avg: 377.728    max: 383.74     maxloc:3 LIB%: 1.56669
  TaskLocalComm     avg: 0.113285   max: 0.141329   maxloc:0 LIB%: 19.8431
  TaskWaitCommTime  avg: 0.251865   max: 0.76391    maxloc:1 LIB%: 67.0295
  TaskWaitThreadTime avg: 0.00027975 max: 0.000322   maxloc:0 LIB%: 13.1211
  Percent Time in overhead:0

 RMCRT REPORT: Patch 8
 Used 365330 milliseconds of CPU time. 

 Size: 113914894
 Efficiency: 311814 steps per sec

Time=0.0703125 (timestep 9), delT=0.0078125, elap T = 218.95, mean: 24.25, Memory Use = 83.02 MBs (avg), 144.44 MBs (max on rank:0)
  TaskExec          avg: 378.264    max: 382.508    maxloc:3 LIB%: 1.10955
  TaskLocalComm     avg: 0.102241   max: 0.181808   maxloc:2 LIB%: 43.7642
  TaskWaitCommTime  avg: 0.176867   max: 0.828305   maxloc:1 LIB%: 78.6472
  TaskWaitThreadTime avg: 0.000290625 max: 0.000322   maxloc:4 LIB%: 9.74379
  Percent Time in overhead:0

 RMCRT REPORT: Patch 8
 Used 369450 milliseconds of CPU time. 

 Size: 113946415
 Efficiency: 308422 steps per sec

Time=0.078125 (timestep 10), delT=0.0078125, elap T = 243.37, mean: 24.29, Memory Use = 85.22 MBs (avg), 143.75 MBs (max on rank:0)
  TaskExec          avg: 378.084    max: 384.327    maxloc:3 LIB%: 1.62435
  TaskLocalComm     avg: 0.100683   max: 0.122923   maxloc:4 LIB%: 18.0925
  TaskWaitCommTime  avg: 0.243671   max: 0.936617   maxloc:1 LIB%: 73.9839
  TaskWaitThreadTime avg: 0.000302625 max: 0.000333   maxloc:3 LIB%: 9.12162
  Percent Time in overhead:0
Sus: going down successfully
Application 7857681 resources: utime ~30197s, stime ~117s, Rss ~159520, inblocks ~489106, outblocks ~1207186
