PE 0: MPICH processor detected:
PE 0:   AuthenticAMD (21:1:2) (family:model:stepping)
MPI VERSION : CRAY MPICH version 6.3.0 (ANL base 3.0.3)
BUILD INFO  : Built Mon Mar 10 21:36:48 2014 (svn rev 10018) RT-G CPR-R
PE 0: MPICH environment settings:
PE 0:   MPICH_ENV_DISPLAY          = 1
PE 0:   MPICH_VERSION_DISPLAY      = 1
PE 0:   MPICH_ABORT_ON_ERROR       = 1
PE 0:   MPICH_CPUMASK_DISPLAY      = 0
PE 0:   MPICH_RANK_REORDER_METHOD  = 1
PE 0:   MPICH_RANK_REORDER_DISPLAY = 0
PE 0:   MPICH_MEMCPY_MEM_CHECK     = 0
PE 0:   MPICH_USE_SYSTEM_MEMCPY    = 1
PE 0:   MPICH_NO_BUFFER_ALIAS_CHECK= 0
PE 0:   MPICH_COLL_SYNC            = 0
PE 0:   MPICH_MSG_QUEUE_DBG        = 0
PE 0: MPICH/GPU environment settings:
PE 0:   MPICH_RDMA_ENABLED_CUDA    = 0
PE 0:   MPICH_G2G_PIPELINE         = 0
PE 0:   MPICH_NO_GPU_DIRECT        = 0
PE 0: MPICH/MPMD environment settings:
PE 0:   MPICH_DMAPP_APP_IS_WORLD   = 0
PE 0: MPICH/SMP environment settings:
PE 0:   MPICH_SMP_SINGLE_COPY_OFF  = 0
PE 0:   MPICH_SMP_SINGLE_COPY_SIZE = 8192
PE 0: MPICH/GNI environment settings:
PE 0:           MPICH_GNI_RECV_CQ_SIZE = 40960
PE 0:          MPICH_GNI_LOCAL_CQ_SIZE = 8192
PE 0:            MPICH_GNI_DEBUG_LEVEL = 0
PE 0:    MPICH_GNI_MAX_VSHORT_MSG_SIZE = 464
PE 0:     MPICH_GNI_MAX_EAGER_MSG_SIZE = 8192
PE 0:               MPICH_GNI_NUM_BUFS = 64
PE 0:             MPICH_GNI_NUM_MBOXES = -1
PE 0:       MPICH_GNI_MBOXES_PER_BLOCK = 4096
PE 0:         MPICH_GNI_RDMA_THRESHOLD = 1024
PE 0:          MPICH_GNI_RCVCQ_PROCNUM = 1
PE 0:    MPICH_GNI_NDREG_ENTRIES(req.) = 999
PE 0:          MPICH_GNI_NDREG_MAXSIZE = 524288
PE 0:        MPICH_GNI_MALLOC_FALLBACK = 0
PE 0:          MPICH_GNI_NDREG_LAZYMEM = LAZY_ALL
PE 0:          MPICH_GNI_DMAPP_INTEROP = 1
PE 0:           MPICH_GNI_DYNAMIC_CONN = 1
PE 0:        MPICH_GNI_MAX_NUM_RETRIES = 16
PE 0:              MPICH_GNI_FORK_MODE = PARTCOPY
PE 0:         MPICH_GNI_MBOX_PLACEMENT = DEFAULT
PE 0:        MPICH_GNI_VC_MSG_PROTOCOL = MBOX
PE 0:      MPICH_GNI_BTE_MULTI_CHANNEL = 1
PE 0:           MPICH_GNI_LMT_GET_PATH = 1
PE 0:               MPICH_GNI_LMT_PATH = 1
PE 0:     MPICH_NEMESIS_ASYNC_PROGRESS = 0
PE 0: MPICH_GNI_ASYNC_PROGRESS_TIMEOUT = -1
PE 0:       MPICH_GNI_DATAGRAM_TIMEOUT = -1
PE 0:            MPICH_GNI_FMA_SHARING = 0
PE 0:          MPICH_GNI_USE_PCI_IOMMU = 0
PE 0:            MPICH_GNI_CQE_BACKOFF = 0
PE 0:    MPICH_GNI_USE_UNASSIGNED_CPUS = 1
PE 0:        MPICH_GNI_MEM_DEBUG_FNAME = 
PE 0: MPICH/COLLECTIVE environment settings:
PE 0:   MPICH_COLL_OPT_OFF         = 0
PE 0:   MPICH_COLL_BAL_INJECTION   = auto
PE 0:   MPICH_USE_DMAPP_COLL       = 0
PE 0:   MPICH_DMAPP_COLL_RADIX     = 64
PE 0:   MPICH_DMAPP_A2A_SHORT_MSG  = 4096
PE 0:   MPICH_DMAPP_A2A_USE_PUTS   = 0
PE 0:   MPICH_DMAPP_A2A_SYMBUF_SIZE= 524288
PE 0:   MPICH_BCAST_ONLY_TREE      = 1
PE 0:   MPICH_ALLTOALL_SHORT_MSG   = 32-2048
PE 0:   MPICH_ALLTOALLV_THROTTLE   = 1
PE 0:   MPICH_ALLGATHER_VSHORT_MSG = 1024-8192
PE 0:   MPICH_ALLGATHERV_VSHORT_MSG= 1024-8192
PE 0:   MPICH_GATHERV_SHORT_MSG    = 16384
PE 0:   MPICH_SCATTERV_SHORT_MSG   = 2048-8192
PE 0:   MPICH_SCATTERV_SYNCHRONOUS = 0
PE 0:   MPICH_ALLREDUCE_NO_SMP     = 0
PE 0:   MPICH_REDUCE_NO_SMP        = 0
PE 0: MPICH/MPIIO environment settings:
PE 0:   MPICH_MPIIO_HINTS_DISPLAY  = 0
PE 0:   MPICH_MPIIO_HINTS          = NULL
PE 0:   MPICH_MPIIO_ABORT_ON_RW_ERROR = disable
PE 0:   MPICH_MPIIO_CB_ALIGN       = 2
PE 0: MPICH Thread Safety settings:
PE 0:   MPICH_MAX_THREAD_SAFETY    = multiple
PE 0:   rank 0 required = multiple, was provided = multiple
Parallel: 2048 processors (using MPI)
Parallel: 16 threads per MPI process
Parallel: MPI Level Required: 3, provided: 3

WARNING: You have turned OFF .ups file validation... this may cause many unforeseen problems
         with your simulation run.  It is strongly suggested that you leave validation on!

Date:    Thu Oct 16 23:56:30 2014
Machine: nid17581
SVN: $Revision: 51394 $
SVN: $Date: 2013-12-17 17:36:21 -0500 (Tue, 17 Dec 2013) $
Assertion level: 0
CFLAGS: -fPIC  -fopenmp -Wall -g -O2 -DNDEBUG 
Implicit Solver: 	CGSolver
Simulation Component: 	'RMCRT_Test'
__________________________________ USING DOUBLE VERSION OF RMCRT
Load Balancer: 		SimpleLoadBalancer
Scheduler: 		UnifiedScheduler
	Using "MostMessages" Algorithm
	WARNING: Multi-threaded Unified scheduler is EXPERIMENTAL, not all tasks are thread safe yet.
	Creating 15 thread(s) for task execution.
Next checkpoint time is 0
Patch layout: 		(4,4,4)
Patch layout: 		(32,32,32)
Grid statistics:
Number of levels:		2
Level 0:
  Number of patches:		64
  Total number of cells:	287496 (4492.12 avg. per patch)
Level 1:
  Number of patches:		32768
  Total number of cells:	17173512 (524.094 avg. per patch)
Total patches in grid:		32832
Total cells in grid:		17461008 (531.829 avg. per patch)

__________________________________ USING DOUBLE VERSION OF RMCRT
__________________________________ Reading in RMCRT section of ups file
sigmaScat: 0
RMCRT: WARNING: You have specified only 1 ray to compute radiative fluxes.
For better accuracy and stability, specify nFluxRays greater than 2.
Compiling initialization taskgraph...
done taskgraph compile (0.020903 seconds)
Compiling taskgraph...
DONE TASKGRAPH RE-COMPILE (8.79544 seconds)
Time=0 (timestep 0), delT=0.00390625, elap T = 8.82, Memory Use = 172.25 MBs (avg), 179.34 MBs (max on rank:1056)
  Recompile         avg: 8.52047    max: 9.89365    maxloc:352 LIB%: 13.8794
  TaskExec          avg: 0.150677   max: 0.151639   maxloc:426 LIB%: 0.63424
  TaskLocalComm     avg: 5.37109e-06 max: 2.2e-05    maxloc:463 LIB%: 75.5859

 RMCRT REPORT: Patch 64
 Used 15440 milliseconds of CPU time. 

 Size: 4306481
 Efficiency: 278917 steps per sec

Time=0.00390625 (timestep 1), delT=0.00390625, elap T = 14.31, Memory Use = 204.24 MBs (avg), 404.34 MBs (max on rank:1504)
  TaskExec          avg: 22.0173    max: 23.7655    maxloc:741 LIB%: 7.35593
  TaskLocalComm     avg: 0.390593   max: 3.73887    maxloc:1056 LIB%: 89.5532
  TaskWaitCommTime  avg: 2.60811    max: 3.20553    maxloc:753 LIB%: 18.637
  TaskWaitThreadTime avg: 0.000359024 max: 0.000759   maxloc:1784 LIB%: 52.6978

 RMCRT REPORT: Patch 64
 Used 15510 milliseconds of CPU time. 

 Size: 4296115
 Efficiency: 276990 steps per sec

Time=0.0078125 (timestep 2), delT=0.00390625, elap T = 17.56, Memory Use = 212.67 MBs (avg), 569.97 MBs (max on rank:1632)
  TaskExec          avg: 21.5393    max: 23.2679    maxloc:1440 LIB%: 7.42932
  TaskLocalComm     avg: 0.200226   max: 0.987332   maxloc:1120 LIB%: 79.7205
  TaskWaitCommTime  avg: 1.12583    max: 1.59546    maxloc:29 LIB%: 29.4356
  TaskWaitThreadTime avg: 0.00026824 max: 0.000364   maxloc:1265 LIB%: 26.3078

 RMCRT REPORT: Patch 64
 Used 15550 milliseconds of CPU time. 

 Size: 4295074
 Efficiency: 276211 steps per sec

Time=0.0117188 (timestep 3), delT=0.00390625, elap T = 21.29, Memory Use = 219.80 MBs (avg), 722.64 MBs (max on rank:1536)
  TaskExec          avg: 22.1846    max: 24.1039    maxloc:1056 LIB%: 7.96258
  TaskLocalComm     avg: 0.196744   max: 1.8943     maxloc:1024 LIB%: 89.6139
  TaskWaitCommTime  avg: 0.994348   max: 1.48051    maxloc:1024 LIB%: 32.8376
  TaskWaitThreadTime avg: 0.000289674 max: 0.000372   maxloc:1971 LIB%: 22.1307
  Percent Time in overhead:0

 RMCRT REPORT: Patch 64
 Used 15480 milliseconds of CPU time. 

 Size: 4315537
 Efficiency: 278781 steps per sec

Time=0.015625 (timestep 4), delT=0.00390625, elap T = 24.38, mean: 3.30, Memory Use = 226.01 MBs (avg), 878.83 MBs (max on rank:1536)
  TaskExec          avg: 21.6982    max: 23.5649    maxloc:926 LIB%: 7.92151
  TaskLocalComm     avg: 0.193917   max: 1.28445    maxloc:1056 LIB%: 84.9026
  TaskWaitCommTime  avg: 0.880345   max: 1.55863    maxloc:97 LIB%: 43.518
  TaskWaitThreadTime avg: 0.000290235 max: 0.000363   maxloc:1504 LIB%: 20.0455
  Percent Time in overhead:0

 RMCRT REPORT: Patch 64
 Used 15460 milliseconds of CPU time. 

 Size: 4314420
 Efficiency: 279070 steps per sec

Time=0.0195312 (timestep 5), delT=0.00390625, elap T = 27.67, mean: 3.30, Memory Use = 231.14 MBs (avg), 1031.49 MBs (max on rank:1536)
  TaskExec          avg: 21.6224    max: 23.728     maxloc:1312 LIB%: 8.87375
  TaskLocalComm     avg: 0.1922     max: 0.937597   maxloc:704 LIB%: 79.5008
  TaskWaitCommTime  avg: 1.10949    max: 1.48142    maxloc:707 LIB%: 25.1063
  TaskWaitThreadTime avg: 0.000290885 max: 0.000363   maxloc:2009 LIB%: 19.8665
  Percent Time in overhead:0

 RMCRT REPORT: Patch 64
 Used 16940 milliseconds of CPU time. 

 Size: 4293381
 Efficiency: 253446 steps per sec

Time=0.0234375 (timestep 6), delT=0.00390625, elap T = 31.09, mean: 3.35, Memory Use = 235.16 MBs (avg), 1041.67 MBs (max on rank:1536)
  TaskExec          avg: 22.1071    max: 23.8639    maxloc:928 LIB%: 7.36151
  TaskLocalComm     avg: 0.190211   max: 1.96559    maxloc:1536 LIB%: 90.323
  TaskWaitCommTime  avg: 0.853345   max: 1.39791    maxloc:1536 LIB%: 38.9556
  TaskWaitThreadTime avg: 0.000289522 max: 0.000475   maxloc:1110 LIB%: 39.0479
  Percent Time in overhead:0

 RMCRT REPORT: Patch 64
 Used 17140 milliseconds of CPU time. 

 Size: 4295529
 Efficiency: 250614 steps per sec

Time=0.0273438 (timestep 7), delT=0.00390625, elap T = 34.29, mean: 3.30, Memory Use = 239.37 MBs (avg), 1138.56 MBs (max on rank:1568)
  TaskExec          avg: 21.3227    max: 23.4351    maxloc:1312 LIB%: 9.01393
  TaskLocalComm     avg: 0.187052   max: 0.900318   maxloc:1856 LIB%: 79.2238
  TaskWaitCommTime  avg: 1.35818    max: 1.70178    maxloc:1271 LIB%: 20.1906
  TaskWaitThreadTime avg: 0.000287522 max: 0.000377   maxloc:1015 LIB%: 23.7341
  Percent Time in overhead:0

 RMCRT REPORT: Patch 64
 Used 15620 milliseconds of CPU time. 

 Size: 4315128
 Efficiency: 276257 steps per sec

Time=0.03125 (timestep 8), delT=0.00390625, elap T = 37.63, mean: 3.31, Memory Use = 242.84 MBs (avg), 1272.30 MBs (max on rank:1568)
  TaskExec          avg: 22.177     max: 24.0541    maxloc:1056 LIB%: 7.80362
  TaskLocalComm     avg: 0.189055   max: 1.71857    maxloc:1024 LIB%: 88.9993
  TaskWaitCommTime  avg: 0.663703   max: 1.50529    maxloc:1024 LIB%: 55.9087
  TaskWaitThreadTime avg: 0.000292797 max: 0.000416   maxloc:900 LIB%: 29.616
  Percent Time in overhead:0

 RMCRT REPORT: Patch 64
 Used 15270 milliseconds of CPU time. 

 Size: 4295090
 Efficiency: 281276 steps per sec

Time=0.0351562 (timestep 9), delT=0.00390625, elap T = 40.75, mean: 3.26, Memory Use = 246.33 MBs (avg), 1429.67 MBs (max on rank:1984)
  TaskExec          avg: 21.3266    max: 23.9912    maxloc:928 LIB%: 11.1069
  TaskLocalComm     avg: 0.184755   max: 1.04686    maxloc:1024 LIB%: 82.3515
  TaskWaitCommTime  avg: 1.2692     max: 1.59437    maxloc:1271 LIB%: 20.3954
  TaskWaitThreadTime avg: 0.000286336 max: 0.000643   maxloc:0 LIB%: 55.4687
  Percent Time in overhead:0

 RMCRT REPORT: Patch 64
 Used 15150 milliseconds of CPU time. 

 Size: 4273707
 Efficiency: 282093 steps per sec

Time=0.0390625 (timestep 10), delT=0.00390625, elap T = 43.81, mean: 3.22, Memory Use = 248.67 MBs (avg), 1427.37 MBs (max on rank:1984)
  TaskExec          avg: 22.0418    max: 23.6956    maxloc:1183 LIB%: 6.97919
  TaskLocalComm     avg: 0.185512   max: 1.03387    maxloc:672 LIB%: 82.0565
  TaskWaitCommTime  avg: 0.522377   max: 1.49858    maxloc:160 LIB%: 65.1419
  TaskWaitThreadTime avg: 0.000289275 max: 0.000361   maxloc:957 LIB%: 19.8683
  Percent Time in overhead:0
Sus: going down successfully
Application 7858348 resources: utime ~471878s, stime ~42531s, Rss ~1400608, inblocks ~116900045, outblocks ~309283613
