PE 0: MPICH processor detected:
PE 0:   AuthenticAMD (21:1:2) (family:model:stepping)
MPI VERSION : CRAY MPICH version 6.3.0 (ANL base 3.0.3)
BUILD INFO  : Built Mon Mar 10 21:36:48 2014 (svn rev 10018) RT-G CPR-R
PE 0: MPICH environment settings:
PE 0:   MPICH_ENV_DISPLAY          = 1
PE 0:   MPICH_VERSION_DISPLAY      = 1
PE 0:   MPICH_ABORT_ON_ERROR       = 1
PE 0:   MPICH_CPUMASK_DISPLAY      = 0
PE 0:   MPICH_RANK_REORDER_METHOD  = 1
PE 0:   MPICH_RANK_REORDER_DISPLAY = 0
PE 0:   MPICH_MEMCPY_MEM_CHECK     = 0
PE 0:   MPICH_USE_SYSTEM_MEMCPY    = 1
PE 0:   MPICH_NO_BUFFER_ALIAS_CHECK= 0
PE 0:   MPICH_COLL_SYNC            = 0
PE 0:   MPICH_MSG_QUEUE_DBG        = 0
PE 0: MPICH/GPU environment settings:
PE 0:   MPICH_RDMA_ENABLED_CUDA    = 0
PE 0:   MPICH_G2G_PIPELINE         = 0
PE 0:   MPICH_NO_GPU_DIRECT        = 0
PE 0: MPICH/MPMD environment settings:
PE 0:   MPICH_DMAPP_APP_IS_WORLD   = 0
PE 0: MPICH/SMP environment settings:
PE 0:   MPICH_SMP_SINGLE_COPY_OFF  = 0
PE 0:   MPICH_SMP_SINGLE_COPY_SIZE = 8192
PE 0: MPICH/GNI environment settings:
PE 0:           MPICH_GNI_RECV_CQ_SIZE = 40960
PE 0:          MPICH_GNI_LOCAL_CQ_SIZE = 8192
PE 0:            MPICH_GNI_DEBUG_LEVEL = 0
PE 0:    MPICH_GNI_MAX_VSHORT_MSG_SIZE = 8144
PE 0:     MPICH_GNI_MAX_EAGER_MSG_SIZE = 8192
PE 0:               MPICH_GNI_NUM_BUFS = 64
PE 0:             MPICH_GNI_NUM_MBOXES = -1
PE 0:       MPICH_GNI_MBOXES_PER_BLOCK = 4096
PE 0:         MPICH_GNI_RDMA_THRESHOLD = 1024
PE 0:          MPICH_GNI_RCVCQ_PROCNUM = 1
PE 0:    MPICH_GNI_NDREG_ENTRIES(req.) = 999
PE 0:          MPICH_GNI_NDREG_MAXSIZE = 524288
PE 0:        MPICH_GNI_MALLOC_FALLBACK = 0
PE 0:          MPICH_GNI_NDREG_LAZYMEM = LAZY_ALL
PE 0:          MPICH_GNI_DMAPP_INTEROP = 1
PE 0:           MPICH_GNI_DYNAMIC_CONN = 1
PE 0:        MPICH_GNI_MAX_NUM_RETRIES = 16
PE 0:              MPICH_GNI_FORK_MODE = PARTCOPY
PE 0:         MPICH_GNI_MBOX_PLACEMENT = DEFAULT
PE 0:        MPICH_GNI_VC_MSG_PROTOCOL = MBOX
PE 0:      MPICH_GNI_BTE_MULTI_CHANNEL = 1
PE 0:           MPICH_GNI_LMT_GET_PATH = 1
PE 0:               MPICH_GNI_LMT_PATH = 1
PE 0:     MPICH_NEMESIS_ASYNC_PROGRESS = 0
PE 0: MPICH_GNI_ASYNC_PROGRESS_TIMEOUT = -1
PE 0:       MPICH_GNI_DATAGRAM_TIMEOUT = -1
PE 0:            MPICH_GNI_FMA_SHARING = 0
PE 0:          MPICH_GNI_USE_PCI_IOMMU = 0
PE 0:            MPICH_GNI_CQE_BACKOFF = 0
PE 0:    MPICH_GNI_USE_UNASSIGNED_CPUS = 1
PE 0:        MPICH_GNI_MEM_DEBUG_FNAME = 
PE 0: MPICH/COLLECTIVE environment settings:
PE 0:   MPICH_COLL_OPT_OFF         = 0
PE 0:   MPICH_COLL_BAL_INJECTION   = auto
PE 0:   MPICH_USE_DMAPP_COLL       = 0
PE 0:   MPICH_DMAPP_COLL_RADIX     = 64
PE 0:   MPICH_DMAPP_A2A_SHORT_MSG  = 4096
PE 0:   MPICH_DMAPP_A2A_USE_PUTS   = 0
PE 0:   MPICH_DMAPP_A2A_SYMBUF_SIZE= 65536
PE 0:   MPICH_BCAST_ONLY_TREE      = 1
PE 0:   MPICH_ALLTOALL_SHORT_MSG   = 32-2048
PE 0:   MPICH_ALLTOALLV_THROTTLE   = 1
PE 0:   MPICH_ALLGATHER_VSHORT_MSG = 1024-8192
PE 0:   MPICH_ALLGATHERV_VSHORT_MSG= 1024-8192
PE 0:   MPICH_GATHERV_SHORT_MSG    = 16384
PE 0:   MPICH_SCATTERV_SHORT_MSG   = 2048-8192
PE 0:   MPICH_SCATTERV_SYNCHRONOUS = 0
PE 0:   MPICH_ALLREDUCE_NO_SMP     = 0
PE 0:   MPICH_REDUCE_NO_SMP        = 0
PE 0: MPICH/MPIIO environment settings:
PE 0:   MPICH_MPIIO_HINTS_DISPLAY  = 0
PE 0:   MPICH_MPIIO_HINTS          = NULL
PE 0:   MPICH_MPIIO_ABORT_ON_RW_ERROR = disable
PE 0:   MPICH_MPIIO_CB_ALIGN       = 2
PE 0: MPICH Thread Safety settings:
PE 0:   MPICH_MAX_THREAD_SAFETY    = multiple
PE 0:   rank 0 required = multiple, was provided = multiple
Parallel: 256 processors (using MPI)
Parallel: 16 threads per MPI process
Parallel: MPI Level Required: 3, provided: 3

WARNING: You have turned OFF .ups file validation... this may cause many unforeseen problems
         with your simulation run.  It is strongly suggested that you leave validation on!

Date:    Thu Oct 16 21:15:59 2014
Machine: nid03930
SVN: $Revision: 51394 $
SVN: $Date: 2013-12-17 17:36:21 -0500 (Tue, 17 Dec 2013) $
Assertion level: 0
CFLAGS: -fPIC  -fopenmp -Wall -g -O2 -DNDEBUG 
Implicit Solver: 	CGSolver
Simulation Component: 	'RMCRT_Test'
__________________________________ USING DOUBLE VERSION OF RMCRT
Load Balancer: 		SimpleLoadBalancer
Scheduler: 		UnifiedScheduler
	Using "MostMessages" Algorithm
	WARNING: Multi-threaded Unified scheduler is EXPERIMENTAL, not all tasks are thread safe yet.
	Creating 15 thread(s) for task execution.
Next checkpoint time is 0
Patch layout: 		(4,4,4)
Patch layout: 		(16,16,16)
Grid statistics:
Number of levels:		2
Level 0:
  Number of patches:		64
  Total number of cells:	287496 (4492.12 avg. per patch)
Level 1:
  Number of patches:		4096
  Total number of cells:	17173512 (4192.75 avg. per patch)
Total patches in grid:		4160
Total cells in grid:		17461008 (4197.36 avg. per patch)

__________________________________ USING DOUBLE VERSION OF RMCRT
__________________________________ Reading in RMCRT section of ups file
sigmaScat: 0
RMCRT: WARNING: You have specified only 1 ray to compute radiative fluxes.
For better accuracy and stability, specify nFluxRays greater than 2.
Compiling initialization taskgraph...
done taskgraph compile (0.007693 seconds)
Compiling taskgraph...
DONE TASKGRAPH RE-COMPILE (0.809237 seconds)
Time=0 (timestep 0), delT=0.00390625, elap T = 0.82, Memory Use = 32.77 MBs (avg), 33.78 MBs (max on rank:240)
  Recompile         avg: 0.7822     max: 0.810778   maxloc:196 LIB%: 3.52482
  TaskExec          avg: 0.0252501  max: 0.025891   maxloc:106 LIB%: 2.47528
  TaskLocalComm     avg: 5.86328e-06 max: 1.2e-05    maxloc:9 LIB%: 51.1393

 RMCRT REPORT: Patch 64
 Used 139570 milliseconds of CPU time. 

 Size: 39090421
 Efficiency: 280078 steps per sec

Time=0.00390625 (timestep 1), delT=0.00390625, elap T = 23.43, Memory Use = 58.49 MBs (avg), 88.24 MBs (max on rank:24)
  TaskExec          avg: 174.005    max: 190.385    maxloc:152 LIB%: 8.60347
  TaskLocalComm     avg: 1.2734     max: 2.74362    maxloc:72 LIB%: 53.587
  TaskWaitCommTime  avg: 6.33613    max: 10.9054    maxloc:121 LIB%: 41.8991
  TaskWaitThreadTime avg: 0.000349129 max: 0.000467   maxloc:84 LIB%: 25.2401

 RMCRT REPORT: Patch 64
 Used 139460 milliseconds of CPU time. 

 Size: 39136336
 Efficiency: 280628 steps per sec

Time=0.0078125 (timestep 2), delT=0.00390625, elap T = 35.87, Memory Use = 83.68 MBs (avg), 136.85 MBs (max on rank:144)
  TaskExec          avg: 169.922    max: 179.882    maxloc:135 LIB%: 5.5371
  TaskLocalComm     avg: 0.533744   max: 2.2812     maxloc:136 LIB%: 76.6025
  TaskWaitCommTime  avg: 0.844346   max: 1.46845    maxloc:184 LIB%: 42.5008
  TaskWaitThreadTime avg: 0.000287922 max: 0.000365   maxloc:112 LIB%: 21.1173

 RMCRT REPORT: Patch 64
 Used 139700 milliseconds of CPU time. 

 Size: 39081707
 Efficiency: 279755 steps per sec

Time=0.0117188 (timestep 3), delT=0.00390625, elap T = 48.26, Memory Use = 87.45 MBs (avg), 157.93 MBs (max on rank:60)
  TaskExec          avg: 170.981    max: 181.953    maxloc:119 LIB%: 6.03021
  TaskLocalComm     avg: 0.298708   max: 1.31294    maxloc:32 LIB%: 77.249
  TaskWaitCommTime  avg: 0.971237   max: 1.55395    maxloc:8 LIB%: 37.4988
  TaskWaitThreadTime avg: 0.000302164 max: 0.000357   maxloc:250 LIB%: 15.3602
  Percent Time in overhead:0

 RMCRT REPORT: Patch 64
 Used 139880 milliseconds of CPU time. 

 Size: 39150239
 Efficiency: 279884 steps per sec

Time=0.015625 (timestep 4), delT=0.00390625, elap T = 60.79, mean: 12.48, Memory Use = 91.75 MBs (avg), 172.39 MBs (max on rank:32)
  TaskExec          avg: 170.927    max: 181.175    maxloc:120 LIB%: 5.65621
  TaskLocalComm     avg: 0.261007   max: 1.39653    maxloc:64 LIB%: 81.3104
  TaskWaitCommTime  avg: 0.878884   max: 1.41623    maxloc:5 LIB%: 37.9418
  TaskWaitThreadTime avg: 0.000306199 max: 0.000574   maxloc:0 LIB%: 46.6552
  Percent Time in overhead:0

 RMCRT REPORT: Patch 64
 Used 140060 milliseconds of CPU time. 

 Size: 39142281
 Efficiency: 279468 steps per sec

Time=0.0195312 (timestep 5), delT=0.00390625, elap T = 83.53, mean: 17.61, Memory Use = 93.97 MBs (avg), 164.90 MBs (max on rank:84)
  TaskExec          avg: 181.337    max: 192.309    maxloc:120 LIB%: 5.70545
  TaskLocalComm     avg: 0.254474   max: 0.947087   maxloc:48 LIB%: 73.1309
  TaskWaitCommTime  avg: 0.966847   max: 12.6495    maxloc:184 LIB%: 92.3566
  TaskWaitThreadTime avg: 0.000303164 max: 0.00038    maxloc:124 LIB%: 20.22
  Percent Time in overhead:0

 RMCRT REPORT: Patch 64
 Used 145490 milliseconds of CPU time. 

 Size: 39072167
 Efficiency: 268556 steps per sec

Time=0.0234375 (timestep 6), delT=0.00390625, elap T = 96.26, mean: 15.66, Memory Use = 97.38 MBs (avg), 167.82 MBs (max on rank:84)
  TaskExec          avg: 171.168    max: 182.007    maxloc:135 LIB%: 5.95527
  TaskLocalComm     avg: 0.239287   max: 0.924486   maxloc:12 LIB%: 74.1168
  TaskWaitCommTime  avg: 2.29231    max: 2.81505    maxloc:55 LIB%: 18.5693
  TaskWaitThreadTime avg: 0.000303426 max: 0.000394   maxloc:63 LIB%: 22.9884
  Percent Time in overhead:0

 RMCRT REPORT: Patch 64
 Used 139330 milliseconds of CPU time. 

 Size: 39056020
 Efficiency: 280313 steps per sec

Time=0.0273438 (timestep 7), delT=0.00390625, elap T = 108.84, mean: 14.63, Memory Use = 100.92 MBs (avg), 171.32 MBs (max on rank:132)
  TaskExec          avg: 171.432    max: 182.444    maxloc:151 LIB%: 6.03591
  TaskLocalComm     avg: 0.240675   max: 0.86325    maxloc:72 LIB%: 72.1199
  TaskWaitCommTime  avg: 0.897906   max: 1.8158     maxloc:44 LIB%: 50.5503
  TaskWaitThreadTime avg: 0.00030166 max: 0.000386   maxloc:82 LIB%: 21.8497
  Percent Time in overhead:0

 RMCRT REPORT: Patch 64
 Used 141580 milliseconds of CPU time. 

 Size: 39123281
 Efficiency: 276333 steps per sec

Time=0.03125 (timestep 8), delT=0.00390625, elap T = 121.27, mean: 14.00, Memory Use = 103.31 MBs (avg), 177.04 MBs (max on rank:84)
  TaskExec          avg: 171.565    max: 184.334    maxloc:120 LIB%: 6.92712
  TaskLocalComm     avg: 0.244414   max: 0.878239   maxloc:144 LIB%: 72.17
  TaskWaitCommTime  avg: 0.754554   max: 1.37985    maxloc:29 LIB%: 45.3163
  TaskWaitThreadTime avg: 0.000303805 max: 0.000359   maxloc:150 LIB%: 15.3747
  Percent Time in overhead:0

 RMCRT REPORT: Patch 64
 Used 139950 milliseconds of CPU time. 

 Size: 39169001
 Efficiency: 279879 steps per sec

Time=0.0351562 (timestep 9), delT=0.00390625, elap T = 133.75, mean: 13.62, Memory Use = 105.42 MBs (avg), 184.73 MBs (max on rank:84)
  TaskExec          avg: 171.724    max: 183.577    maxloc:120 LIB%: 6.45693
  TaskLocalComm     avg: 0.241012   max: 0.979344   maxloc:16 LIB%: 75.3905
  TaskWaitCommTime  avg: 0.729372   max: 1.36807    maxloc:12 LIB%: 46.6862
  TaskWaitThreadTime avg: 0.000296852 max: 0.000377   maxloc:37 LIB%: 21.2595
  Percent Time in overhead:0

 RMCRT REPORT: Patch 64
 Used 147370 milliseconds of CPU time. 

 Size: 39186716
 Efficiency: 265907 steps per sec

Time=0.0390625 (timestep 10), delT=0.00390625, elap T = 157.23, mean: 15.81, Memory Use = 105.98 MBs (avg), 174.10 MBs (max on rank:84)
  TaskExec          avg: 182.625    max: 192.934    maxloc:89 LIB%: 5.34348
  TaskLocalComm     avg: 0.238998   max: 0.865976   maxloc:36 LIB%: 72.4013
  TaskWaitCommTime  avg: 1.01705    max: 17.9493    maxloc:120 LIB%: 94.3338
  TaskWaitThreadTime avg: 0.000298621 max: 0.000368   maxloc:188 LIB%: 18.853
  Percent Time in overhead:0
Sus: going down successfully
Application 7857702 resources: utime ~444774s, stime ~7982s, Rss ~235372, inblocks ~18405010, outblocks ~38668602
