PE 0: MPICH processor detected:
PE 0:   AuthenticAMD (21:1:2) (family:model:stepping)
MPI VERSION : CRAY MPICH version 6.3.0 (ANL base 3.0.3)
BUILD INFO  : Built Mon Mar 10 21:36:48 2014 (svn rev 10018) RT-G CPR-R
PE 0: MPICH environment settings:
PE 0:   MPICH_ENV_DISPLAY          = 1
PE 0:   MPICH_VERSION_DISPLAY      = 1
PE 0:   MPICH_ABORT_ON_ERROR       = 1
PE 0:   MPICH_CPUMASK_DISPLAY      = 0
PE 0:   MPICH_RANK_REORDER_METHOD  = 1
PE 0:   MPICH_RANK_REORDER_DISPLAY = 0
PE 0:   MPICH_MEMCPY_MEM_CHECK     = 0
PE 0:   MPICH_USE_SYSTEM_MEMCPY    = 1
PE 0:   MPICH_NO_BUFFER_ALIAS_CHECK= 0
PE 0:   MPICH_COLL_SYNC            = 0
PE 0:   MPICH_MSG_QUEUE_DBG        = 0
PE 0: MPICH/GPU environment settings:
PE 0:   MPICH_RDMA_ENABLED_CUDA    = 0
PE 0:   MPICH_G2G_PIPELINE         = 0
PE 0:   MPICH_NO_GPU_DIRECT        = 0
PE 0: MPICH/MPMD environment settings:
PE 0:   MPICH_DMAPP_APP_IS_WORLD   = 0
PE 0: MPICH/SMP environment settings:
PE 0:   MPICH_SMP_SINGLE_COPY_OFF  = 0
PE 0:   MPICH_SMP_SINGLE_COPY_SIZE = 8192
PE 0: MPICH/GNI environment settings:
PE 0:           MPICH_GNI_RECV_CQ_SIZE = 40960
PE 0:          MPICH_GNI_LOCAL_CQ_SIZE = 8192
PE 0:            MPICH_GNI_DEBUG_LEVEL = 0
PE 0:    MPICH_GNI_MAX_VSHORT_MSG_SIZE = 8144
PE 0:     MPICH_GNI_MAX_EAGER_MSG_SIZE = 8192
PE 0:               MPICH_GNI_NUM_BUFS = 64
PE 0:             MPICH_GNI_NUM_MBOXES = -1
PE 0:       MPICH_GNI_MBOXES_PER_BLOCK = 4096
PE 0:         MPICH_GNI_RDMA_THRESHOLD = 1024
PE 0:          MPICH_GNI_RCVCQ_PROCNUM = 1
PE 0:    MPICH_GNI_NDREG_ENTRIES(req.) = 999
PE 0:          MPICH_GNI_NDREG_MAXSIZE = 524288
PE 0:        MPICH_GNI_MALLOC_FALLBACK = 0
PE 0:          MPICH_GNI_NDREG_LAZYMEM = LAZY_ALL
PE 0:          MPICH_GNI_DMAPP_INTEROP = 1
PE 0:           MPICH_GNI_DYNAMIC_CONN = 1
PE 0:        MPICH_GNI_MAX_NUM_RETRIES = 16
PE 0:              MPICH_GNI_FORK_MODE = PARTCOPY
PE 0:         MPICH_GNI_MBOX_PLACEMENT = DEFAULT
PE 0:        MPICH_GNI_VC_MSG_PROTOCOL = MBOX
PE 0:      MPICH_GNI_BTE_MULTI_CHANNEL = 1
PE 0:           MPICH_GNI_LMT_GET_PATH = 1
PE 0:               MPICH_GNI_LMT_PATH = 1
PE 0:     MPICH_NEMESIS_ASYNC_PROGRESS = 0
PE 0: MPICH_GNI_ASYNC_PROGRESS_TIMEOUT = -1
PE 0:       MPICH_GNI_DATAGRAM_TIMEOUT = -1
PE 0:            MPICH_GNI_FMA_SHARING = 0
PE 0:          MPICH_GNI_USE_PCI_IOMMU = 0
PE 0:            MPICH_GNI_CQE_BACKOFF = 0
PE 0:    MPICH_GNI_USE_UNASSIGNED_CPUS = 1
PE 0:        MPICH_GNI_MEM_DEBUG_FNAME = 
PE 0: MPICH/COLLECTIVE environment settings:
PE 0:   MPICH_COLL_OPT_OFF         = 0
PE 0:   MPICH_COLL_BAL_INJECTION   = auto
PE 0:   MPICH_USE_DMAPP_COLL       = 0
PE 0:   MPICH_DMAPP_COLL_RADIX     = 64
PE 0:   MPICH_DMAPP_A2A_SHORT_MSG  = 4096
PE 0:   MPICH_DMAPP_A2A_USE_PUTS   = 0
PE 0:   MPICH_DMAPP_A2A_SYMBUF_SIZE= 32768
PE 0:   MPICH_BCAST_ONLY_TREE      = 1
PE 0:   MPICH_ALLTOALL_SHORT_MSG   = 32-2048
PE 0:   MPICH_ALLTOALLV_THROTTLE   = 1
PE 0:   MPICH_ALLGATHER_VSHORT_MSG = 1024-8192
PE 0:   MPICH_ALLGATHERV_VSHORT_MSG= 1024-8192
PE 0:   MPICH_GATHERV_SHORT_MSG    = 16384
PE 0:   MPICH_SCATTERV_SHORT_MSG   = 2048-8192
PE 0:   MPICH_SCATTERV_SYNCHRONOUS = 0
PE 0:   MPICH_ALLREDUCE_NO_SMP     = 0
PE 0:   MPICH_REDUCE_NO_SMP        = 0
PE 0: MPICH/MPIIO environment settings:
PE 0:   MPICH_MPIIO_HINTS_DISPLAY  = 0
PE 0:   MPICH_MPIIO_HINTS          = NULL
PE 0:   MPICH_MPIIO_ABORT_ON_RW_ERROR = disable
PE 0:   MPICH_MPIIO_CB_ALIGN       = 2
PE 0: MPICH Thread Safety settings:
PE 0:   MPICH_MAX_THREAD_SAFETY    = multiple
PE 0:   rank 0 required = multiple, was provided = multiple
Parallel: 128 processors (using MPI)
Parallel: 16 threads per MPI process
Parallel: MPI Level Required: 3, provided: 3

WARNING: You have turned OFF .ups file validation... this may cause many unforeseen problems
         with your simulation run.  It is strongly suggested that you leave validation on!

Date:    Thu Oct 16 21:15:41 2014
Machine: nid04577
SVN: $Revision: 51394 $
SVN: $Date: 2013-12-17 17:36:21 -0500 (Tue, 17 Dec 2013) $
Assertion level: 0
CFLAGS: -fPIC  -fopenmp -Wall -g -O2 -DNDEBUG 
Implicit Solver: 	CGSolver
Simulation Component: 	'RMCRT_Test'
__________________________________ USING DOUBLE VERSION OF RMCRT
Load Balancer: 		SimpleLoadBalancer
Scheduler: 		UnifiedScheduler
	Using "MostMessages" Algorithm
	WARNING: Multi-threaded Unified scheduler is EXPERIMENTAL, not all tasks are thread safe yet.
	Creating 15 thread(s) for task execution.
Next checkpoint time is 0
Patch layout: 		(4,4,4)
Patch layout: 		(16,16,8)
Grid statistics:
Number of levels:		2
Level 0:
  Number of patches:		64
  Total number of cells:	287496 (4492.12 avg. per patch)
Level 1:
  Number of patches:		2048
  Total number of cells:	17173512 (8385.5 avg. per patch)
Total patches in grid:		2112
Total cells in grid:		17461008 (8267.52 avg. per patch)

__________________________________ USING DOUBLE VERSION OF RMCRT
__________________________________ Reading in RMCRT section of ups file
sigmaScat: 0
RMCRT: WARNING: You have specified only 1 ray to compute radiative fluxes.
For better accuracy and stability, specify nFluxRays greater than 2.
Compiling initialization taskgraph...
done taskgraph compile (0.007815 seconds)
Compiling taskgraph...
DONE TASKGRAPH RE-COMPILE (0.397768 seconds)
Time=0 (timestep 0), delT=0.00390625, elap T = 0.41, Memory Use = 24.17 MBs (avg), 24.88 MBs (max on rank:120)
  Recompile         avg: 0.384829   max: 0.400137   maxloc:4 LIB%: 3.82565
  TaskExec          avg: 0.0200371  max: 0.020969   maxloc:73 LIB%: 4.44425
  TaskLocalComm     avg: 6.17969e-06 max: 1.5e-05    maxloc:118 LIB%: 58.8021

 RMCRT REPORT: Patch 64
 Used 294780 milliseconds of CPU time. 

 Size: 82312082
 Efficiency: 279232 steps per sec

Time=0.00390625 (timestep 1), delT=0.00390625, elap T = 45.48, Memory Use = 59.59 MBs (avg), 77.44 MBs (max on rank:76)
  TaskExec          avg: 364.893    max: 391.584    maxloc:52 LIB%: 6.8162
  TaskLocalComm     avg: 1.23509    max: 2.44868    maxloc:66 LIB%: 49.5608
  TaskWaitCommTime  avg: 4.73043    max: 20.1097    maxloc:7 LIB%: 76.4769
  TaskWaitThreadTime avg: 0.00033925 max: 0.000424   maxloc:113 LIB%: 19.9882

 RMCRT REPORT: Patch 64
 Used 294340 milliseconds of CPU time. 

 Size: 82298289
 Efficiency: 279603 steps per sec

Time=0.0078125 (timestep 2), delT=0.00390625, elap T = 69.94, Memory Use = 86.94 MBs (avg), 133.25 MBs (max on rank:32)
  TaskExec          avg: 348.26     max: 369.084    maxloc:52 LIB%: 5.64208
  TaskLocalComm     avg: 0.634723   max: 1.95446    maxloc:82 LIB%: 67.5243
  TaskWaitCommTime  avg: 1.32072    max: 2.21562    maxloc:84 LIB%: 40.3904
  TaskWaitThreadTime avg: 0.00029175 max: 0.000379   maxloc:76 LIB%: 23.0211

 RMCRT REPORT: Patch 64
 Used 295400 milliseconds of CPU time. 

 Size: 82260591
 Efficiency: 278472 steps per sec

Time=0.0117188 (timestep 3), delT=0.00390625, elap T = 94.57, Memory Use = 93.38 MBs (avg), 140.25 MBs (max on rank:32)
  TaskExec          avg: 350.875    max: 372.061    maxloc:52 LIB%: 5.69425
  TaskLocalComm     avg: 0.290336   max: 1.45744    maxloc:84 LIB%: 80.0791
  TaskWaitCommTime  avg: 1.65251    max: 2.57285    maxloc:22 LIB%: 35.771
  TaskWaitThreadTime avg: 0.000302797 max: 0.000363   maxloc:97 LIB%: 16.5849
  Percent Time in overhead:0

 RMCRT REPORT: Patch 64
 Used 293420 milliseconds of CPU time. 

 Size: 82284898
 Efficiency: 280434 steps per sec

Time=0.015625 (timestep 4), delT=0.00390625, elap T = 119.37, mean: 24.74, Memory Use = 97.98 MBs (avg), 148.44 MBs (max on rank:36)
  TaskExec          avg: 350.897    max: 375.207    maxloc:52 LIB%: 6.47916
  TaskLocalComm     avg: 0.215814   max: 0.671516   maxloc:92 LIB%: 67.8617
  TaskWaitCommTime  avg: 1.13875    max: 2.55346    maxloc:6 LIB%: 55.4035
  TaskWaitThreadTime avg: 0.000299813 max: 0.000368   maxloc:83 LIB%: 18.5292
  Percent Time in overhead:0

 RMCRT REPORT: Patch 64
 Used 294150 milliseconds of CPU time. 

 Size: 82221531
 Efficiency: 279522 steps per sec

Time=0.0195312 (timestep 5), delT=0.00390625, elap T = 144.59, mean: 24.98, Memory Use = 102.86 MBs (avg), 148.07 MBs (max on rank:42)
  TaskExec          avg: 351.297    max: 374.593    maxloc:36 LIB%: 6.21921
  TaskLocalComm     avg: 0.222287   max: 1.01914    maxloc:70 LIB%: 78.1887
  TaskWaitCommTime  avg: 1.19595    max: 2.62592    maxloc:118 LIB%: 54.4561
  TaskWaitThreadTime avg: 0.000304156 max: 0.000363   maxloc:114 LIB%: 16.2104
  Percent Time in overhead:0

 RMCRT REPORT: Patch 64
 Used 294200 milliseconds of CPU time. 

 Size: 82197763
 Efficiency: 279394 steps per sec

Time=0.0234375 (timestep 6), delT=0.00390625, elap T = 169.79, mean: 25.07, Memory Use = 105.86 MBs (avg), 153.44 MBs (max on rank:64)
  TaskExec          avg: 351.537    max: 377.684    maxloc:52 LIB%: 6.92314
  TaskLocalComm     avg: 0.20976    max: 0.877987   maxloc:16 LIB%: 76.109
  TaskWaitCommTime  avg: 1.40331    max: 3.28753    maxloc:22 LIB%: 57.3143
  TaskWaitThreadTime avg: 0.000298391 max: 0.000364   maxloc:12 LIB%: 18.0246
  Percent Time in overhead:0

 RMCRT REPORT: Patch 64
 Used 306530 milliseconds of CPU time. 

 Size: 82302660
 Efficiency: 268498 steps per sec

Time=0.0273438 (timestep 7), delT=0.00390625, elap T = 194.75, mean: 25.03, Memory Use = 108.46 MBs (avg), 155.28 MBs (max on rank:64)
  TaskExec          avg: 351.69     max: 374.65     maxloc:84 LIB%: 6.12839
  TaskLocalComm     avg: 0.200399   max: 0.470708   maxloc:104 LIB%: 57.426
  TaskWaitCommTime  avg: 1.1511     max: 2.85289    maxloc:6 LIB%: 59.6513
  TaskWaitThreadTime avg: 0.00030332 max: 0.000383   maxloc:100 LIB%: 20.8041
  Percent Time in overhead:0

 RMCRT REPORT: Patch 64
 Used 309760 milliseconds of CPU time. 

 Size: 82260677
 Efficiency: 265563 steps per sec

Time=0.03125 (timestep 8), delT=0.00390625, elap T = 219.80, mean: 25.04, Memory Use = 110.74 MBs (avg), 154.62 MBs (max on rank:64)
  TaskExec          avg: 351.803    max: 373.041    maxloc:52 LIB%: 5.69324
  TaskLocalComm     avg: 0.20833    max: 1.00823    maxloc:0 LIB%: 79.3371
  TaskWaitCommTime  avg: 1.16082    max: 2.47393    maxloc:22 LIB%: 53.0779
  TaskWaitThreadTime avg: 0.000301508 max: 0.000361   maxloc:116 LIB%: 16.4798
  Percent Time in overhead:0

 RMCRT REPORT: Patch 64
 Used 295090 milliseconds of CPU time. 

 Size: 82246183
 Efficiency: 278716 steps per sec

Time=0.0351562 (timestep 9), delT=0.00390625, elap T = 244.88, mean: 25.05, Memory Use = 112.08 MBs (avg), 156.31 MBs (max on rank:82)
  TaskExec          avg: 351.735    max: 374.024    maxloc:52 LIB%: 5.95929
  TaskLocalComm     avg: 0.212051   max: 1.21186    maxloc:4 LIB%: 82.502
  TaskWaitCommTime  avg: 1.46702    max: 3.04643    maxloc:6 LIB%: 51.8446
  TaskWaitThreadTime avg: 0.000298039 max: 0.000361   maxloc:99 LIB%: 17.4407
  Percent Time in overhead:0

 RMCRT REPORT: Patch 64
 Used 294020 milliseconds of CPU time. 

 Size: 82155797
 Efficiency: 279422 steps per sec

Time=0.0390625 (timestep 10), delT=0.00390625, elap T = 270.18, mean: 25.10, Memory Use = 112.20 MBs (avg), 154.10 MBs (max on rank:32)
  TaskExec          avg: 352.194    max: 375.355    maxloc:67 LIB%: 6.17053
  TaskLocalComm     avg: 0.220084   max: 1.50635    maxloc:2 LIB%: 85.3896
  TaskWaitCommTime  avg: 1.36235    max: 2.69602    maxloc:6 LIB%: 49.4679
  TaskWaitThreadTime avg: 0.000299703 max: 0.000378   maxloc:40 LIB%: 20.7135
  Percent Time in overhead:0
Sus: going down successfully
Application 7857699 resources: utime ~451634s, stime ~4554s, Rss ~221528, inblocks ~8693164, outblocks ~19333097
