PE 0: MPICH processor detected:
PE 0:   AuthenticAMD (21:1:2) (family:model:stepping)
MPI VERSION : CRAY MPICH version 6.3.0 (ANL base 3.0.3)
BUILD INFO  : Built Mon Mar 10 21:36:48 2014 (svn rev 10018) RT-G CPR-R
PE 0: MPICH environment settings:
PE 0:   MPICH_ENV_DISPLAY          = 1
PE 0:   MPICH_VERSION_DISPLAY      = 1
PE 0:   MPICH_ABORT_ON_ERROR       = 1
PE 0:   MPICH_CPUMASK_DISPLAY      = 0
PE 0:   MPICH_RANK_REORDER_METHOD  = 1
PE 0:   MPICH_RANK_REORDER_DISPLAY = 0
PE 0:   MPICH_MEMCPY_MEM_CHECK     = 0
PE 0:   MPICH_USE_SYSTEM_MEMCPY    = 1
PE 0:   MPICH_NO_BUFFER_ALIAS_CHECK= 0
PE 0:   MPICH_COLL_SYNC            = 0
PE 0:   MPICH_MSG_QUEUE_DBG        = 0
PE 0: MPICH/GPU environment settings:
PE 0:   MPICH_RDMA_ENABLED_CUDA    = 0
PE 0:   MPICH_G2G_PIPELINE         = 0
PE 0:   MPICH_NO_GPU_DIRECT        = 0
PE 0: MPICH/MPMD environment settings:
PE 0:   MPICH_DMAPP_APP_IS_WORLD   = 0
PE 0: MPICH/SMP environment settings:
PE 0:   MPICH_SMP_SINGLE_COPY_OFF  = 0
PE 0:   MPICH_SMP_SINGLE_COPY_SIZE = 8192
PE 0: MPICH/GNI environment settings:
PE 0:           MPICH_GNI_RECV_CQ_SIZE = 40960
PE 0:          MPICH_GNI_LOCAL_CQ_SIZE = 8192
PE 0:            MPICH_GNI_DEBUG_LEVEL = 0
PE 0:    MPICH_GNI_MAX_VSHORT_MSG_SIZE = 8144
PE 0:     MPICH_GNI_MAX_EAGER_MSG_SIZE = 8192
PE 0:               MPICH_GNI_NUM_BUFS = 64
PE 0:             MPICH_GNI_NUM_MBOXES = -1
PE 0:       MPICH_GNI_MBOXES_PER_BLOCK = 4096
PE 0:         MPICH_GNI_RDMA_THRESHOLD = 1024
PE 0:          MPICH_GNI_RCVCQ_PROCNUM = 1
PE 0:    MPICH_GNI_NDREG_ENTRIES(req.) = 999
PE 0:          MPICH_GNI_NDREG_MAXSIZE = 524288
PE 0:        MPICH_GNI_MALLOC_FALLBACK = 0
PE 0:          MPICH_GNI_NDREG_LAZYMEM = LAZY_ALL
PE 0:          MPICH_GNI_DMAPP_INTEROP = 1
PE 0:           MPICH_GNI_DYNAMIC_CONN = 1
PE 0:        MPICH_GNI_MAX_NUM_RETRIES = 16
PE 0:              MPICH_GNI_FORK_MODE = PARTCOPY
PE 0:         MPICH_GNI_MBOX_PLACEMENT = DEFAULT
PE 0:        MPICH_GNI_VC_MSG_PROTOCOL = MBOX
PE 0:      MPICH_GNI_BTE_MULTI_CHANNEL = 1
PE 0:           MPICH_GNI_LMT_GET_PATH = 1
PE 0:               MPICH_GNI_LMT_PATH = 1
PE 0:     MPICH_NEMESIS_ASYNC_PROGRESS = 0
PE 0: MPICH_GNI_ASYNC_PROGRESS_TIMEOUT = -1
PE 0:       MPICH_GNI_DATAGRAM_TIMEOUT = -1
PE 0:            MPICH_GNI_FMA_SHARING = 0
PE 0:          MPICH_GNI_USE_PCI_IOMMU = 0
PE 0:            MPICH_GNI_CQE_BACKOFF = 0
PE 0:    MPICH_GNI_USE_UNASSIGNED_CPUS = 1
PE 0:        MPICH_GNI_MEM_DEBUG_FNAME = 
PE 0: MPICH/COLLECTIVE environment settings:
PE 0:   MPICH_COLL_OPT_OFF         = 0
PE 0:   MPICH_COLL_BAL_INJECTION   = auto
PE 0:   MPICH_USE_DMAPP_COLL       = 0
PE 0:   MPICH_DMAPP_COLL_RADIX     = 64
PE 0:   MPICH_DMAPP_A2A_SHORT_MSG  = 4096
PE 0:   MPICH_DMAPP_A2A_USE_PUTS   = 0
PE 0:   MPICH_DMAPP_A2A_SYMBUF_SIZE= 131072
PE 0:   MPICH_BCAST_ONLY_TREE      = 1
PE 0:   MPICH_ALLTOALL_SHORT_MSG   = 32-2048
PE 0:   MPICH_ALLTOALLV_THROTTLE   = 1
PE 0:   MPICH_ALLGATHER_VSHORT_MSG = 1024-8192
PE 0:   MPICH_ALLGATHERV_VSHORT_MSG= 1024-8192
PE 0:   MPICH_GATHERV_SHORT_MSG    = 16384
PE 0:   MPICH_SCATTERV_SHORT_MSG   = 2048-8192
PE 0:   MPICH_SCATTERV_SYNCHRONOUS = 0
PE 0:   MPICH_ALLREDUCE_NO_SMP     = 0
PE 0:   MPICH_REDUCE_NO_SMP        = 0
PE 0: MPICH/MPIIO environment settings:
PE 0:   MPICH_MPIIO_HINTS_DISPLAY  = 0
PE 0:   MPICH_MPIIO_HINTS          = NULL
PE 0:   MPICH_MPIIO_ABORT_ON_RW_ERROR = disable
PE 0:   MPICH_MPIIO_CB_ALIGN       = 2
PE 0: MPICH Thread Safety settings:
PE 0:   MPICH_MAX_THREAD_SAFETY    = multiple
PE 0:   rank 0 required = multiple, was provided = multiple
Parallel: 512 processors (using MPI)
Parallel: 16 threads per MPI process
Parallel: MPI Level Required: 3, provided: 3

WARNING: You have turned OFF .ups file validation... this may cause many unforeseen problems
         with your simulation run.  It is strongly suggested that you leave validation on!

Date:    Thu Oct 16 21:38:59 2014
Machine: nid08410
SVN: $Revision: 51394 $
SVN: $Date: 2013-12-17 17:36:21 -0500 (Tue, 17 Dec 2013) $
Assertion level: 0
CFLAGS: -fPIC  -fopenmp -Wall -g -O2 -DNDEBUG 
Implicit Solver: 	CGSolver
Simulation Component: 	'RMCRT_Test'
__________________________________ USING DOUBLE VERSION OF RMCRT
Load Balancer: 		SimpleLoadBalancer
Scheduler: 		UnifiedScheduler
	Using "MostMessages" Algorithm
	WARNING: Multi-threaded Unified scheduler is EXPERIMENTAL, not all tasks are thread safe yet.
	Creating 15 thread(s) for task execution.
Next checkpoint time is 0
Patch layout: 		(4,4,4)
Patch layout: 		(32,16,16)
Grid statistics:
Number of levels:		2
Level 0:
  Number of patches:		64
  Total number of cells:	287496 (4492.12 avg. per patch)
Level 1:
  Number of patches:		8192
  Total number of cells:	17173512 (2096.38 avg. per patch)
Total patches in grid:		8256
Total cells in grid:		17461008 (2114.95 avg. per patch)

__________________________________ USING DOUBLE VERSION OF RMCRT
__________________________________ Reading in RMCRT section of ups file
sigmaScat: 0
RMCRT: WARNING: You have specified only 1 ray to compute radiative fluxes.
For better accuracy and stability, specify nFluxRays greater than 2.
Compiling initialization taskgraph...
done taskgraph compile (0.00914 seconds)
Compiling taskgraph...
DONE TASKGRAPH RE-COMPILE (1.67107 seconds)
Time=0 (timestep 0), delT=0.00390625, elap T = 1.68, Memory Use = 52.14 MBs (avg), 53.95 MBs (max on rank:496)
  Recompile         avg: 1.6267     max: 1.71111    maxloc:128 LIB%: 4.9334
  TaskExec          avg: 0.0433142  max: 0.043919   maxloc:482 LIB%: 1.37697
  TaskLocalComm     avg: 5.45898e-06 max: 1.2e-05    maxloc:334 LIB%: 54.5085

 RMCRT REPORT: Patch 64
 Used 67090 milliseconds of CPU time. 

 Size: 18742633
 Efficiency: 279366 steps per sec

Time=0.00390625 (timestep 1), delT=0.00390625, elap T = 13.41, Memory Use = 73.86 MBs (avg), 124.36 MBs (max on rank:0)
  TaskExec          avg: 88.8267    max: 94.1821    maxloc:296 LIB%: 5.68625
  TaskLocalComm     avg: 1.22252    max: 2.67399    maxloc:136 LIB%: 54.281
  TaskWaitCommTime  avg: 0.823524   max: 6.57576    maxloc:184 LIB%: 87.4764
  TaskWaitThreadTime avg: 0.000354395 max: 0.000415   maxloc:99 LIB%: 14.6037

 RMCRT REPORT: Patch 64
 Used 66700 milliseconds of CPU time. 

 Size: 18733036
 Efficiency: 280855 steps per sec

Time=0.0078125 (timestep 2), delT=0.00390625, elap T = 24.84, Memory Use = 96.19 MBs (avg), 191.60 MBs (max on rank:0)
  TaskExec          avg: 88.3457    max: 94.3834    maxloc:280 LIB%: 6.39704
  TaskLocalComm     avg: 0.446212   max: 2.2262     maxloc:40 LIB%: 79.9563
  TaskWaitCommTime  avg: 0.991355   max: 7.5626     maxloc:72 LIB%: 86.8913
  TaskWaitThreadTime avg: 0.000283035 max: 0.000369   maxloc:488 LIB%: 23.2967

 RMCRT REPORT: Patch 64
 Used 66420 milliseconds of CPU time. 

 Size: 18695642
 Efficiency: 281476 steps per sec

Time=0.0117188 (timestep 3), delT=0.00390625, elap T = 36.25, Memory Use = 100.22 MBs (avg), 229.83 MBs (max on rank:8)
  TaskExec          avg: 88.9564    max: 94.7236    maxloc:248 LIB%: 6.08847
  TaskLocalComm     avg: 0.268783   max: 1.17399    maxloc:128 LIB%: 77.1051
  TaskWaitCommTime  avg: 0.832825   max: 6.39425    maxloc:8 LIB%: 86.9754
  TaskWaitThreadTime avg: 0.000300781 max: 0.000371   maxloc:476 LIB%: 18.9269
  Percent Time in overhead:0

 RMCRT REPORT: Patch 64
 Used 72410 milliseconds of CPU time. 

 Size: 18702994
 Efficiency: 258293 steps per sec

Time=0.015625 (timestep 4), delT=0.00390625, elap T = 47.61, mean: 11.38, Memory Use = 104.91 MBs (avg), 225.78 MBs (max on rank:88)
  TaskExec          avg: 88.8109    max: 95.2081    maxloc:248 LIB%: 6.71917
  TaskLocalComm     avg: 0.243549   max: 1.45485    maxloc:40 LIB%: 83.2596
  TaskWaitCommTime  avg: 0.96779    max: 6.65009    maxloc:16 LIB%: 85.447
  TaskWaitThreadTime avg: 0.000300893 max: 0.000398   maxloc:219 LIB%: 24.3988
  Percent Time in overhead:0

 RMCRT REPORT: Patch 64
 Used 66920 milliseconds of CPU time. 

 Size: 18724065
 Efficiency: 279798 steps per sec

Time=0.0195312 (timestep 5), delT=0.00390625, elap T = 59.03, mean: 11.40, Memory Use = 110.52 MBs (avg), 255.70 MBs (max on rank:0)
  TaskExec          avg: 89.0396    max: 94.8042    maxloc:200 LIB%: 6.08046
  TaskLocalComm     avg: 0.239766   max: 1.23931    maxloc:80 LIB%: 80.6534
  TaskWaitCommTime  avg: 1.11826    max: 7.06763    maxloc:16 LIB%: 84.1777
  TaskWaitThreadTime avg: 0.000299709 max: 0.000369   maxloc:232 LIB%: 18.7781
  Percent Time in overhead:0

 RMCRT REPORT: Patch 64
 Used 66310 milliseconds of CPU time. 

 Size: 18685729
 Efficiency: 281794 steps per sec

Time=0.0234375 (timestep 6), delT=0.00390625, elap T = 70.63, mean: 11.48, Memory Use = 113.72 MBs (avg), 254.03 MBs (max on rank:0)
  TaskExec          avg: 89.2017    max: 95.9581    maxloc:184 LIB%: 7.04098
  TaskLocalComm     avg: 0.227455   max: 1.68869    maxloc:32 LIB%: 86.5307
  TaskWaitCommTime  avg: 1.23046    max: 7.81732    maxloc:8 LIB%: 84.2599
  TaskWaitThreadTime avg: 0.000320771 max: 0.012363   maxloc:486 LIB%: 97.4054
  Percent Time in overhead:0

 RMCRT REPORT: Patch 64
 Used 65930 milliseconds of CPU time. 

 Size: 18704046
 Efficiency: 283696 steps per sec

Time=0.0273438 (timestep 7), delT=0.00390625, elap T = 81.81, mean: 11.38, Memory Use = 117.17 MBs (avg), 283.46 MBs (max on rank:0)
  TaskExec          avg: 89.1482    max: 95.6452    maxloc:328 LIB%: 6.79281
  TaskLocalComm     avg: 0.224267   max: 1.62845    maxloc:48 LIB%: 86.2282
  TaskWaitCommTime  avg: 0.872657   max: 8.61195    maxloc:16 LIB%: 89.8669
  TaskWaitThreadTime avg: 0.000333971 max: 0.018455   maxloc:318 LIB%: 98.1904
  Percent Time in overhead:0

 RMCRT REPORT: Patch 64
 Used 70670 milliseconds of CPU time. 

 Size: 18669519
 Efficiency: 264179 steps per sec

Time=0.03125 (timestep 8), delT=0.00390625, elap T = 93.28, mean: 11.41, Memory Use = 119.27 MBs (avg), 281.91 MBs (max on rank:0)
  TaskExec          avg: 89.3414    max: 95.1561    maxloc:278 LIB%: 6.1107
  TaskLocalComm     avg: 0.22294    max: 0.777201   maxloc:288 LIB%: 71.3151
  TaskWaitCommTime  avg: 1.04447    max: 6.84919    maxloc:40 LIB%: 84.7504
  TaskWaitThreadTime avg: 0.000296953 max: 0.000384   maxloc:175 LIB%: 22.6685
  Percent Time in overhead:0

 RMCRT REPORT: Patch 64
 Used 68080 milliseconds of CPU time. 

 Size: 18697889
 Efficiency: 274646 steps per sec

Time=0.0351562 (timestep 9), delT=0.00390625, elap T = 105.10, mean: 11.51, Memory Use = 121.55 MBs (avg), 292.01 MBs (max on rank:0)
  TaskExec          avg: 89.3136    max: 95.6437    maxloc:184 LIB%: 6.61838
  TaskLocalComm     avg: 0.221163   max: 0.899491   maxloc:32 LIB%: 75.4124
  TaskWaitCommTime  avg: 1.5421     max: 8.53364    maxloc:24 LIB%: 81.9292
  TaskWaitThreadTime avg: 0.000326572 max: 0.016375   maxloc:55 LIB%: 98.0057
  Percent Time in overhead:0

 RMCRT REPORT: Patch 64
 Used 70680 milliseconds of CPU time. 

 Size: 18711475
 Efficiency: 264735 steps per sec

Time=0.0390625 (timestep 10), delT=0.00390625, elap T = 116.27, mean: 11.43, Memory Use = 123.16 MBs (avg), 277.97 MBs (max on rank:128)
  TaskExec          avg: 89.1694    max: 95.6502    maxloc:278 LIB%: 6.77553
  TaskLocalComm     avg: 0.221127   max: 0.726      maxloc:96 LIB%: 69.5418
  TaskWaitCommTime  avg: 0.979294   max: 7.62688    maxloc:56 LIB%: 87.16
  TaskWaitThreadTime avg: 0.000293129 max: 0.000387   maxloc:44 LIB%: 24.2561
  Percent Time in overhead:0
Sus: going down successfully
Application 7857771 resources: utime ~452008s, stime ~15137s, Rss ~334200, inblocks ~34619109, outblocks ~77346357
