This is pdfTeXk, Version 3.141592-1.40.3 (Web2C 7.5.6) (format=latex 2009.3.31)  14 APR 2009 14:17
entering extended mode
 %&-line parsing enabled.
**uintah.tex
(./uintah.tex
LaTeX2e <2005/12/01>
Babel <v3.8h> and hyphenation patterns for english, usenglishmax, dumylang, noh
yphenation, loaded.
(/usr/share/texmf-texlive/tex/latex/base/article.cls
Document Class: article 2005/09/16 v1.4f Standard LaTeX document class
(/usr/share/texmf-texlive/tex/latex/base/size12.clo
File: size12.clo 2005/09/16 v1.4f Standard LaTeX file (size option)
)
\c@part=\count79
\c@section=\count80
\c@subsection=\count81
\c@subsubsection=\count82
\c@paragraph=\count83
\c@subparagraph=\count84
\c@figure=\count85
\c@table=\count86
\abovecaptionskip=\skip41
\belowcaptionskip=\skip42
\bibindent=\dimen102
)
(/usr/share/texmf-texlive/tex/latex/listings/listings.sty
(/usr/share/texmf-texlive/tex/latex/graphics/keyval.sty
Package: keyval 1999/03/16 v1.13 key=value parser (DPC)
\KV@toks@=\toks14
)
\lst@mode=\count87
\lst@gtempboxa=\box26
\lst@token=\toks15
\lst@length=\count88
\lst@currlwidth=\dimen103
\lst@column=\count89
\lst@pos=\count90
\lst@lostspace=\dimen104
\lst@width=\dimen105
\lst@newlines=\count91
\lst@lineno=\count92
\c@lstlisting=\count93
\lst@maxwidth=\dimen106

(/usr/share/texmf-texlive/tex/latex/listings/lstpatch.sty
File: lstpatch.sty 2004/10/17 1.3b (Carsten Heinz)
)
(/usr/share/texmf-texlive/tex/latex/listings/lstmisc.sty
File: lstmisc.sty 2004/09/07 1.3 (Carsten Heinz)
\c@lstnumber=\count94
\lst@skipnumbers=\count95
\lst@framebox=\box27
)
(/usr/share/texmf-texlive/tex/latex/listings/listings.cfg
File: listings.cfg 2004/09/05 1.3 listings configuration
))
Package: listings 2004/10/17 1.3b (Carsten Heinz)

(/usr/share/texmf-texlive/tex/latex/amsmath/amsmath.sty
Package: amsmath 2000/07/18 v2.13 AMS math features
\@mathmargin=\skip43

For additional information on amsmath, use the `?' option.
(/usr/share/texmf-texlive/tex/latex/amsmath/amstext.sty
Package: amstext 2000/06/29 v2.01

(/usr/share/texmf-texlive/tex/latex/amsmath/amsgen.sty
File: amsgen.sty 1999/11/30 v2.0
\@emptytoks=\toks16
\ex@=\dimen107
))
(/usr/share/texmf-texlive/tex/latex/amsmath/amsbsy.sty
Package: amsbsy 1999/11/29 v1.2d
\pmbraise@=\dimen108
)
(/usr/share/texmf-texlive/tex/latex/amsmath/amsopn.sty
Package: amsopn 1999/12/14 v2.01 operator names
)
\inf@bad=\count96
LaTeX Info: Redefining \frac on input line 211.
\uproot@=\count97
\leftroot@=\count98
LaTeX Info: Redefining \overline on input line 307.
\classnum@=\count99
\DOTSCASE@=\count100
LaTeX Info: Redefining \ldots on input line 379.
LaTeX Info: Redefining \dots on input line 382.
LaTeX Info: Redefining \cdots on input line 467.
\Mathstrutbox@=\box28
\strutbox@=\box29
\big@size=\dimen109
LaTeX Font Info:    Redeclaring font encoding OML on input line 567.
LaTeX Font Info:    Redeclaring font encoding OMS on input line 568.
\macc@depth=\count101
\c@MaxMatrixCols=\count102
\dotsspace@=\muskip10
\c@parentequation=\count103
\dspbrk@lvl=\count104
\tag@help=\toks17
\row@=\count105
\column@=\count106
\maxfields@=\count107
\andhelp@=\toks18
\eqnshift@=\dimen110
\alignsep@=\dimen111
\tagshift@=\dimen112
\tagwidth@=\dimen113
\totwidth@=\dimen114
\lineht@=\dimen115
\@envbody=\toks19
\multlinegap=\skip44
\multlinetaggap=\skip45
\mathdisplay@stack=\toks20
LaTeX Info: Redefining \[ on input line 2666.
LaTeX Info: Redefining \] on input line 2667.
)
(/usr/share/texmf-texlive/tex/latex/graphics/graphicx.sty
Package: graphicx 1999/02/16 v1.0f Enhanced LaTeX Graphics (DPC,SPQR)

(/usr/share/texmf-texlive/tex/latex/graphics/graphics.sty
Package: graphics 2006/02/20 v1.0o Standard LaTeX Graphics (DPC,SPQR)

(/usr/share/texmf-texlive/tex/latex/graphics/trig.sty
Package: trig 1999/03/16 v1.09 sin cos tan (DPC)
)
(/etc/texmf/tex/latex/config/graphics.cfg
File: graphics.cfg 2007/01/18 v1.5 graphics configuration of teTeX/TeXLive
)
Package graphics Info: Driver file: pdftex.def on input line 90.

(/usr/share/texmf-texlive/tex/latex/pdftex-def/pdftex.def
File: pdftex.def 2007/01/08 v0.04d Graphics/color for pdfTeX
\Gread@gobject=\count108
))
\Gin@req@height=\dimen116
\Gin@req@width=\dimen117
)
(/usr/share/texmf-texlive/tex/latex/fancyvrb/fancyvrb.sty
Package: fancyvrb 1998/07/17

Style option: `fancyvrb' v2.6, with DG/SPQR fixes <1998/07/17> (tvz)
\FV@CodeLineNo=\count109
\FV@InFile=\read1
\FV@TabBox=\box30
\c@FancyVerbLine=\count110
\FV@StepNumber=\count111
\FV@OutFile=\write3

No file fancyvrb.cfg.
) (/usr/share/texmf-texlive/tex/latex/cite/chapterbib.sty
\c@inputfile=\count112
Package: chapterbib 2004/02/29  v 1.11
)
(/usr/share/texmf-texlive/tex/latex/graphics/color.sty
Package: color 2005/11/14 v1.0j Standard LaTeX Color (DPC)

(/etc/texmf/tex/latex/config/color.cfg
File: color.cfg 2007/01/18 v1.5 color configuration of teTeX/TeXLive
)
Package color Info: Driver file: pdftex.def on input line 130.
) (./uintah.aux (./overview.aux)
(./installation.aux) (./ucf.aux) (./arches.aux) (./ice.aux) (./mpm.aux)
(./mpmarches.aux) (./mpmice.aux))
\openout1 = `uintah.aux'.

LaTeX Font Info:    Checking defaults for OML/cmm/m/it on input line 62.
LaTeX Font Info:    ... okay on input line 62.
LaTeX Font Info:    Checking defaults for T1/cmr/m/n on input line 62.
LaTeX Font Info:    ... okay on input line 62.
LaTeX Font Info:    Checking defaults for OT1/cmr/m/n on input line 62.
LaTeX Font Info:    ... okay on input line 62.
LaTeX Font Info:    Checking defaults for OMS/cmsy/m/n on input line 62.
LaTeX Font Info:    ... okay on input line 62.
LaTeX Font Info:    Checking defaults for OMX/cmex/m/n on input line 62.
LaTeX Font Info:    ... okay on input line 62.
LaTeX Font Info:    Checking defaults for U/cmr/m/n on input line 62.
LaTeX Font Info:    ... okay on input line 62.
 (./uintah.toc [1

{/var/lib/texmf/fonts/map/pdftex/updmap/pdftex.map}] [2] [3])
\tf@toc=\write4
\openout4 = `uintah.toc'.

 [4]
\openout2 = `overview.aux'.

 (./overview.tex [5


] [6]
Overfull \hbox (29.9002pt too wide) in paragraph at lines 97--97
[]\OT1/cmtt/m/n/12 task->requires(Task::OldDW, variable1_label, Ghost::AroundNo
des, 1);[] 
 []


Overfull \hbox (48.42522pt too wide) in paragraph at lines 97--97
[]\OT1/cmtt/m/n/12 sched->addTask(task, level->eachPatch(), sharedState_->allMa
terials());[] 
 []


Overfull \hbox (1.75844pt too wide) in paragraph at lines 99--104
[]\OT1/cmr/m/n/12 For more com-plex prob-lems in-volv-ing mul-ti-ple ma-te-ri-a
ls and multi-physics
 []


Overfull \hbox (9.28383pt too wide) in paragraph at lines 105--105
[]\OT1/cmr/bx/n/17.28 Tasks and Sched-uler De-scrip-tion -- Pro-gram-
 []


Overfull \hbox (11.66368pt too wide) in paragraph at lines 109--116
\OT1/cmtt/m/n/12 problemSetup\OT1/cmr/m/n/12 , \OT1/cmtt/m/n/12 scheduleInitial
ize\OT1/cmr/m/n/12 , \OT1/cmtt/m/n/12 scheduleComputeStableTimestep\OT1/cmr/m/n
/12 , and
 []


Overfull \hbox (79.30023pt too wide) in paragraph at lines 161--161
[]\OT1/cmtt/m/n/12 class Example : public UintahParallelComponent, public Simul
ationInterface {[] 
 []


Overfull \hbox (29.9002pt too wide) in paragraph at lines 161--161
[]                              \OT1/cmtt/m/n/12 const ProblemSpecP& restart_pr
ob_spec,[] 
 []


Overfull \hbox (73.12523pt too wide) in paragraph at lines 161--161
[]    \OT1/cmtt/m/n/12 virtual void scheduleInitialize(const LevelP& level,Sche
dulerP& sched);[] 
 []


Overfull \hbox (23.7252pt too wide) in paragraph at lines 161--161
[]    \OT1/cmtt/m/n/12 virtual void scheduleComputeStableTimestep(const LevelP&
 level,[] 
 []


Overfull \hbox (48.42522pt too wide) in paragraph at lines 161--161
[]    \OT1/cmtt/m/n/12 virtual void scheduleTimeAdvance(const LevelP& level, Sc
hedulerP&);[] 
 []

[7]
Overfull \hbox (30.27888pt too wide) in paragraph at lines 171--175
\OT1/cmr/m/n/12 schedul-ing method, i.e. \OT1/cmtt/m/n/12 scheduleInitialize\OT
1/cmr/m/n/12 , \OT1/cmtt/m/n/12 scheduleComputeStableTimestep\OT1/cmr/m/n/12 ,
 []

[8]
Overfull \hbox (37.20262pt too wide) in paragraph at lines 198--201
\OT1/cmr/m/n/12 A task is de-fined which ref-er-ences a func-tion pointer calle
d \OT1/cmtt/m/n/12 computeStableTimestep\OT1/cmr/m/n/12 . 
 []

) [9] [10]
\openout2 = `installation.aux'.

 (./installation.tex
Overfull \hbox (6.8806pt too wide) in paragraph at lines 5--6
[]\OT1/cmr/m/n/12 Uintah can be ob-tained ei-ther from a tar-ball (http://www.u
intah.utah.edu)
 []


Overfull \hbox (11.3752pt too wide) in paragraph at lines 17--17
[]\OT1/cmtt/m/n/12 svn co https://code.sci.utah.edu/svn/Thirdparty/1.25.4 Third
party[] 
 []

[11



]
Overfull \hbox (48.42522pt too wide) in paragraph at lines 70--70
[]\OT1/cmtt/m/n/12 --with-thirdparty=/usr/local/Thirdparty/1.25.5/Linux/gcc-4.3
.1-2-32bit/[] 
 []


Overfull \hbox (11.3752pt too wide) in paragraph at lines 82--82
[]\OT1/cmtt/m/n/12 -mfpmath=sse -03' --disable-sci-malloc --enable-assertion-le
vel=0[] 
 []


Overfull \hbox (48.42522pt too wide) in paragraph at lines 82--82
[]\OT1/cmtt/m/n/12 --with-thirdparty=/usr/local/Thirdparty/1.25.4/Linux/gcc-4.3
.1-2-32bit/[] 
 []

) [12]
\openout2 = `ucf.aux'.

 (./ucf.tex
Underfull \hbox (badness 10000) in paragraph at lines 5--8

 []


Underfull \hbox (badness 10000) in paragraph at lines 39--44

 []


Underfull \hbox (badness 10000) in paragraph at lines 45--49

 []

[13



] [14]
Underfull \hbox (badness 10000) in paragraph at lines 91--92

 []

[15]) [16]
\openout2 = `arches.aux'.

 (./arches.tex [17



]) [18]
\openout2 = `ice.aux'.

 (./ice.tex

LaTeX Warning: Citation `benson95' in file `ice' on page 19 undefined on input 
line 49.


LaTeX Warning: Citation `benson98' in file `ice' on page 19 undefined on input 
line 49.

[19



]

LaTeX Warning: Citation `sulskycmame' in file `ice' on page 20 undefined on inp
ut line 55.


LaTeX Warning: Citation `sulskycpc' in file `ice' on page 20 undefined on input
 line 55.


LaTeX Warning: Reference `sec:numerical_results' on page 20 undefined on input 
line 86.


LaTeX Warning: Citation `kashiwa2000' in file `ice' on page 20 undefined on inp
ut line 92.

[20]

Package amsmath Warning: Foreign command \over;
(amsmath)                \frac or \genfrac should be used instead
(amsmath)                 on input line 109.

[21]

LaTeX Warning: Reference `sec:HEReaction' on page 22 undefined on input line 16
1.


LaTeX Warning: Citation `kashiwaICE94' in file `ice' on page 22 undefined on in
put line 188.


LaTeX Warning: Reference `sec:models' on page 22 undefined on input line 206.

[22]

LaTeX Warning: Citation `kashiwa2000' in file `ice' on page 23 undefined on inp
ut line 226.


LaTeX Warning: Reference `sec:coupling' on page 23 undefined on input line 257.



LaTeX Warning: Citation `harlowamsden68' in file `ice' on page 23 undefined on 
input line 264.


LaTeX Warning: Citation `kashiwaCCICE94' in file `ice' on page 23 undefined on 
input line 265.

[23]

LaTeX Warning: Citation `kashiwaCCICE94' in file `ice' on page 24 undefined on 
input line 281.


LaTeX Warning: Reference `vpfig' on page 24 undefined on input line 305.

[24] [25] [26]

LaTeX Warning: Citation `ref:Thomsen' in file `ice' on page 27 undefined on inp
ut line 417.


LaTeX Warning: Citation `ref:bejan' in file `ice' on page 27 undefined on input
 line 417.


LaTeX Warning: Citation `ref:JWL' in file `ice' on page 27 undefined on input l
ine 432.

[27]

LaTeX Warning: Citation `ref:thompson' in file `ice' on page 28 undefined on in
put line 471.


LaTeX Warning: Citation `ref:gathers' in file `ice' on page 28 undefined on inp
ut line 500.

[28] [29]

LaTeX Warning: Citation `ref:Sutherland' in file `ice' on page 30 undefined on 
input line 630.

[30] [31]

LaTeX Warning: Citation `ref:hypre' in file `ice' on page 32 undefined on input
 line 691.

[32]
Overfull \hbox (88.60976pt too wide) in paragraph at lines 751--778
 [] 
 []

[33] [34]

LaTeX Warning: Citation `ref:laney' in file `ice' on page 35 undefined on input
 line 787.


LaTeX Warning: Citation `ref:sod' in file `ice' on page 35 undefined on input l
ine 787.


LaTeX Warning: Citation `ref:toro' in file `ice' on page 35 undefined on input 
line 787.

<figures/shockTube.png, id=128, 505.89pt x 722.7pt>
File: figures/shockTube.png Graphic file (type png)

<use figures/shockTube.png> [35] [36] [37 <./figures/shockTube.png>]
<figures/shockTube_AMR.png, id=139, 505.89pt x 722.7pt>
File: figures/shockTube_AMR.png Graphic file (type png)

<use figures/shockTube_AMR.png>
Overfull \hbox (40.00851pt too wide) in paragraph at lines 859--860
[][] 
 []


LaTeX Warning: Float too large for page by 92.63121pt on input line 862.

[38] [39 <./figures/shockTube_AMR.png>]

LaTeX Warning: Citation `ref:schulz_collins_glaz' in file `ice' on page 40 unde
fined on input line 870.


LaTeX Warning: Citation `ref:Liska_Wendroff' in file `ice' on page 40 undefined
 on input line 870.

<figures/riemann2D.png, id=146, 566.115pt x 897.3525pt>
File: figures/riemann2D.png Graphic file (type png)

<use figures/riemann2D.png>

LaTeX Warning: Float too large for page by 31.24896pt on input line 903.

[40] [41] [42 <./figures/riemann2D.png (PNG copy)>]

LaTeX Warning: Citation `ref:toro' in file `ice' on page 43 undefined on input 
line 919.


Underfull \hbox (badness 10000) in paragraph at lines 931--932

 []

[43]

LaTeX Warning: Reference `fig:pressExplode,fig:rhoExplode' on page 44 undefined
 on input line 951.

[44] [45]
No file ice.bbl.
) [46]
\openout2 = `mpm.aux'.

 (./mpm.tex

LaTeX Warning: Citation `sulskycmame' in file `mpm' on page 47 undefined on inp
ut line 7.


LaTeX Warning: Citation `sulskycpc' in file `mpm' on page 47 undefined on input
 line 7.


LaTeX Warning: Citation `brackbill-ruppel86' in file `mpm' on page 47 undefined
 on input line 9.


LaTeX Warning: Citation `harlow1963' in file `mpm' on page 47 undefined on inpu
t line 11.


LaTeX Warning: Citation `sulsky_axisym_1996' in file `mpm' on page 47 undefined
 on input line 13.


LaTeX Warning: Citation `bard' in file `mpm' on page 47 undefined on input line
 35.


LaTeX Warning: Citation `bardgimp' in file `mpm' on page 47 undefined on input 
line 45.

[47



]

LaTeX Warning: Citation `kashiwa2000' in file `mpm' on page 48 undefined on inp
ut line 53.


LaTeX Warning: Citation `sulskycmame' in file `mpm' on page 48 undefined on inp
ut line 79.


LaTeX Warning: Citation `sulskycpc' in file `mpm' on page 48 undefined on input
 line 79.


LaTeX Warning: Citation `bardgimp' in file `mpm' on page 48 undefined on input 
line 80.

[48]

LaTeX Warning: Citation `WallstedtJCP' in file `mpm' on page 49 undefined on in
put line 115.

[49] [50]

LaTeX Warning: Citation `bard_contact' in file `mpm' on page 51 undefined on in
put line 235.

[51]

LaTeX Warning: Citation `bardgimp' in file `mpm' on page 52 undefined on input 
line 254.

[52] <figures/mpm_basis.pdf, id=188, 503.8825pt x 276.03125pt>
File: figures/mpm_basis.pdf Graphic file (type pdf)

<use figures/mpm_basis.pdf>
Overfull \hbox (38.30215pt too wide) in paragraph at lines 303--304
[][] 
 []

<figures/mpm_grad.pdf, id=189, 514.92375pt x 270.00874pt>
File: figures/mpm_grad.pdf Graphic file (type pdf)

<use figures/mpm_grad.pdf>
Overfull \hbox (47.68724pt too wide) in paragraph at lines 309--310
[][] 
 []

[53] [54 <./figures/mpm_basis.pdf> <./figures/mpm_grad.pdf>]
<figures/gimp_basis.pdf, id=232, 503.8825pt x 276.03125pt>
File: figures/gimp_basis.pdf Graphic file (type pdf)

<use figures/gimp_basis.pdf>
Overfull \hbox (38.30215pt too wide) in paragraph at lines 357--358
[][] 
 []

<figures/gimp_grad.pdf, id=233, 514.92375pt x 270.00874pt>
File: figures/gimp_grad.pdf Graphic file (type pdf)

<use figures/gimp_grad.pdf>
Overfull \hbox (47.68724pt too wide) in paragraph at lines 363--364
[][] 
 []


LaTeX Warning: Citation `jinmaCMES2006' in file `mpm' on page 55 undefined on i
nput line 383.

[55] [56 <./figures/gimp_basis.pdf> <./figures/gimp_grad.pdf>]

LaTeX Warning: Citation `GuoNairn' in file `mpm' on page 57 undefined on input 
line 414.


LaTeX Warning: Citation `Guilkey03' in file `mpm' on page 57 undefined on input
 line 419.


Overfull \hbox (2.22588pt too wide) in paragraph at lines 412--424
[]\OT1/cmtt/m/n/12 AMRMPM.cc \OT1/cmr/m/n/12 is the nascent be-gin-nings of an 
AMR im-ple-men-ta-tion of MPM.
 []


Overfull \hbox (35.0677pt too wide) in paragraph at lines 437--451
[]\OT1/cmr/m/n/12 Each of the Uin-tah com-po-nents con-tains a func-tion called
 \OT1/cmtt/m/n/12 scheduleTimeAdvance
 []

[57] [58] [59]
Overfull \hbox (34.64543pt too wide) in paragraph at lines 540--547
\OT1/cmr/m/n/12 ven-tion is il-lus-trated by an ex-am-ple, \OT1/cmtt/m/n/12 sch
eduleComputeAndIntegrateAcceleration
 []

[60] [61] [62]
Overfull \hbox (10.26659pt too wide) in paragraph at lines 691--694
[]\OT1/cmtt/m/n/12 scheduleComputeAndIntegrateAcceleration  \OT1/cmr/m/n/12 As 
de-scribed pre-vi-ously,
 []

[63] [64] [65] [66]
Overfull \hbox (22.93921pt too wide) in paragraph at lines 895--910
\OT1/cmr/m/n/12 op-tional. The first field is the ma-te-rial \OT1/cmtt/m/n/12 <
density>. \OT1/cmr/m/n/12 The \OT1/cmtt/m/n/12 <constitutive[]model>
 []

[67]

LaTeX Warning: Reference `' on page 68 undefined on input line 913.

[68] [69]

LaTeX Warning: Citation `bard_contact' in file `mpm' on page 70 undefined on in
put line 1011.

[70] [71]
Overfull \hbox (44.55075pt too wide) in paragraph at lines 1113--1114
\OT1/cmr/m/n/12 An ex-am-ple of this us-age can be found in \OT1/cmtt/m/n/12 in
puts/MPM/twoblock-single-rigid.ups. 
 []

[72] [73]
Overfull \hbox (4.02802pt too wide) in paragraph at lines 1200--1203
[]\OT1/cmtt/m/n/12 .../MPM/PhysicalBC/LoadCurve.h\OT1/cmr/m/n/12 . This file is
 es-sen-tially a tem-plated struc-
 []


Overfull \hbox (38.22409pt too wide) in paragraph at lines 1213--1219
\OT1/cmr/m/n/12 spe-cial ge-ome-tries (the im-ple-men-ta-tion is in []\OT1/cmtt
/m/n/12 .../MPM/PhysicalBC/PressureBC.cc\OT1/cmr/m/n/12 ).
 []

[74]
Overfull \hbox (2.47856pt too wide) in paragraph at lines 1270--1274
\OT1/cmr/m/n/12 The com-plete in-put file can be found in []\OT1/cmtt/m/n/12 in
puts/MPM/thickCylinderMPM.ups\OT1/cmr/m/n/12 .
 []

[75]
Overfull \hbox (20.17606pt too wide) in paragraph at lines 1316--1323
[]\OT1/cmr/m/n/12 For all par-ti-cles that are as-signed a color greater than t
he \OT1/cmtt/m/n/12 <colorThreshold>,
 []


Overfull \hbox (58.53685pt too wide) in paragraph at lines 1316--1323
\OT1/cmr/m/n/12 the vari-ables \OT1/cmtt/m/n/12 p.velocity \OT1/cmr/m/n/12 and 
\OT1/cmtt/m/n/12 p.stress \OT1/cmr/m/n/12 are saved ev-ery ev-ery $1\OML/cmm/m/
it/12 =$\OT1/cmtt/m/n/12 <samplingFrequency>
 []

[76]

LaTeX Warning: Citation `sulskycmame' in file `mpm' on page 77 undefined on inp
ut line 1330.


Underfull \hbox (badness 10000) in paragraph at lines 1344--1346

 []


LaTeX Warning: Citation `sulskycmame' in file `mpm' on page 77 undefined on inp
ut line 1367.

[77]

LaTeX Warning: Citation `Gust82' in file `mpm' on page 78 undefined on input li
ne 1380.


Underfull \hbox (badness 10000) in paragraph at lines 1394--1396

 []


LaTeX Warning: Reference `fig:taylorImpact' on page 78 undefined on input line 
1405.

[78]

LaTeX Warning: Citation `bard01' in file `mpm' on page 79 undefined on input li
ne 1424.


Underfull \hbox (badness 10000) in paragraph at lines 1439--1441

 []

[79]

LaTeX Warning: Citation `brydonfoam' in file `mpm' on page 80 undefined on inpu
t line 1475.

[80]
Underfull \hbox (badness 10000) in paragraph at lines 1523--1526

 []


LaTeX Warning: Reference `figfoam' on page 81 undefined on input line 1535.

[81]
No file mpm.bbl.
) [82]
\openout2 = `mpmarches.aux'.

 (./mpmarches.tex) [83



]
\openout2 = `mpmice.aux'.

 (./mpmice.tex) [84



] (./uintah.aux (./overview.aux) (./installation.aux) (./ucf.aux) (./arches.aux
) (./ice.aux) (./mpm.aux)
(./mpmarches.aux) (./mpmice.aux))

LaTeX Warning: There were undefined references.


LaTeX Warning: Label(s) may have changed. Rerun to get cross-references right.

 ) 
Here is how much of TeX's memory you used:
 3110 strings out of 95087
 41570 string characters out of 1183278
 101132 words of memory out of 1500000
 6209 multiletter control sequences out of 10000+50000
 15680 words of font info for 56 fonts, out of 1200000 for 2000
 28 hyphenation exceptions out of 8191
 27i,11n,32p,290b,320s stack positions out of 5000i,500n,6000p,200000b,5000s
</usr/share/texmf-texlive/fonts/type1/bluesky/cm/cmbsy10.pfb></usr/share/texm
f-texlive/fonts/type1/bluesky/cm/cmbx10.pfb></usr/share/texmf-texlive/fonts/typ
e1/bluesky/cm/cmbx12.pfb></usr/share/texmf-texlive/fonts/type1/bluesky/cm/cmex1
0.pfb></usr/share/texmf-texlive/fonts/type1/bluesky/cm/cmmi12.pfb></usr/share/t
exmf-texlive/fonts/type1/bluesky/cm/cmmi6.pfb></usr/share/texmf-texlive/fonts/t
ype1/bluesky/cm/cmmi8.pfb></usr/share/texmf-texlive/fonts/type1/bluesky/cm/cmmi
b10.pfb></usr/share/texmf-texlive/fonts/type1/bluesky/cm/cmr10.pfb></usr/share/
texmf-texlive/fonts/type1/bluesky/cm/cmr12.pfb></usr/share/texmf-texlive/fonts/
type1/bluesky/cm/cmr17.pfb></usr/share/texmf-texlive/fonts/type1/bluesky/cm/cmr
6.pfb></usr/share/texmf-texlive/fonts/type1/bluesky/cm/cmr8.pfb></usr/share/tex
mf-texlive/fonts/type1/bluesky/cm/cmsy10.pfb></usr/share/texmf-texlive/fonts/ty
pe1/bluesky/cm/cmsy8.pfb></usr/share/texmf-texlive/fonts/type1/bluesky/cm/cmti1
2.pfb></usr/share/texmf-texlive/fonts/type1/bluesky/cm/cmtt10.pfb></usr/share/t
exmf-texlive/fonts/type1/bluesky/cm/cmtt12.pfb></usr/share/texmf-texlive/fonts/
type1/public/cmex/fmex8.pfb>
Output written on uintah.pdf (84 pages, 459844 bytes).
PDF statistics:
 427 PDF objects out of 1000 (max. 8388607)
 0 named destinations out of 1000 (max. 131072)
 36 words of extra memory for PDF output out of 10000 (max. 10000000)

