This is TeX, Version 3.14159 (Web2C 7.3.1) (format=latex 2000.11.17)  3 NOV 2001 00:34
**./images.tex
(./images.tex
LaTeX2e <1999/12/01> patch level 1
Babel <v3.6Z> and hyphenation patterns for american, french, german, ngerman, n
ohyphenation, loaded.


(/nfs/facility/sys/os/generic/usr/local/contrib/thompson/teTeX-1.0.5/share/texm
f/tex/latex/base/article.cls
Document Class: article 1999/09/10 v1.4a Standard LaTeX document class

(/nfs/facility/sys/os/generic/usr/local/contrib/thompson/teTeX-1.0.5/share/texm
f/tex/latex/base/size11.clo
File: size11.clo 1999/09/10 v1.4a Standard LaTeX file (size option)
)
\c@part=\count79
\c@section=\count80
\c@subsection=\count81
\c@subsubsection=\count82
\c@paragraph=\count83
\c@subparagraph=\count84
\c@figure=\count85
\c@table=\count86
\abovecaptionskip=\skip41
\belowcaptionskip=\skip42
\bibindent=\dimen102
)
(/nfs/facility/sys/os/generic/usr/local/contrib/thompson/teTeX-1.0.5/share/texm
f/tex/latex/fancyhdr/fancyhdr.sty
\headwidth=\dimen103
) (/home/macleod/scirun/SCIRun/doc/UserGuide/usersguide.sty)
(/nfs/facility/sys/os/generic/usr/local/contrib/thompson/teTeX-1.0.5/share/texm
f/tex/latex/graphics/graphics.sty
Package: graphics 1999/02/16 v1.0l Standard LaTeX Graphics (DPC,SPQR)

(/nfs/facility/sys/os/generic/usr/local/contrib/thompson/teTeX-1.0.5/share/texm
f/tex/latex/graphics/trig.sty
Package: trig 1999/03/16 v1.09 sin cos tan (DPC)
)
(/nfs/facility/sys/os/generic/usr/local/contrib/thompson/teTeX-1.0.5/share/texm
f/tex/latex/config/graphics.cfg)
Package graphics Info: Driver file: dvips.def on input line 80.

(/nfs/facility/sys/os/generic/usr/local/contrib/thompson/teTeX-1.0.5/share/texm
f/tex/latex/graphics/dvips.def
File: dvips.def 1999/02/16 v3.0i Driver-dependant file (DPC,SPQR)
))
(/nfs/facility/sys/os/generic/usr/local/contrib/thompson/teTeX-1.0.5/share/texm
f/tex/latex/graphics/epsfig.sty
Package: epsfig 1999/02/16 v1.7a (e)psfig emulation (SPQR)

(/nfs/facility/sys/os/generic/usr/local/contrib/thompson/teTeX-1.0.5/share/texm
f/tex/latex/graphics/graphicx.sty
Package: graphicx 1999/02/16 v1.0f Enhanced LaTeX Graphics (DPC,SPQR)

(/nfs/facility/sys/os/generic/usr/local/contrib/thompson/teTeX-1.0.5/share/texm
f/tex/latex/graphics/keyval.sty
Package: keyval 1999/03/16 v1.13 key=value parser (DPC)
\KV@toks@=\toks14
)
\Gin@req@height=\dimen104
\Gin@req@width=\dimen105
)
\epsfxsize=\dimen106
\epsfysize=\dimen107
) (/home/macleod/tex/latex/html.sty
Package: html 1999/07/19 v1.38 hypertext commands for latex2html (nd, hws, rrm)

\c@lpart=\count87
\c@lchapter=\count88
\c@chapter=\count89
\c@lsection=\count90
\c@lsubsection=\count91
\c@lsubsubsection=\count92
\c@lparagraph=\count93
\c@lsubparagraph=\count94
\c@lsubsubparagraph=\count95
\ptrfile=\write3
)
(/nfs/facility/sys/os/generic/usr/local/contrib/thompson/teTeX-1.0.5/share/texm
f/tex/latex/base/makeidx.sty
Package: makeidx 1999/09/17 v1.0l Standard LaTeX package
) (/home/macleod/tex/latex/citexp.sty)
\@indexfile=\write4
\openout4 = `images.idx'.

Writing index file images.idx
\@input{usersguide.sty.aux}
\openout2 = `usersguide.sty.aux'.

No file usersguide.sty.tex.

(/nfs/facility/sys/os/generic/usr/local/contrib/thompson/teTeX-1.0.5/share/texm
f/tex/latex/graphics/color.sty
Package: color 1999/02/16 v1.0i Standard LaTeX Color (DPC)

(/nfs/facility/sys/os/generic/usr/local/contrib/thompson/teTeX-1.0.5/share/texm
f/tex/latex/config/color.cfg)
Package color Info: Driver file: dvips.def on input line 125.

(/nfs/facility/sys/os/generic/usr/local/contrib/thompson/teTeX-1.0.5/share/texm
f/tex/latex/graphics/dvipsnam.def
File: dvipsnam.def 1999/02/16 v3.0i Driver-dependant file (DPC,SPQR)
))
\sizebox=\box26
\lthtmlwrite=\write5
(images.aux)
\openout1 = `images.aux'.

LaTeX Font Info:    Checking defaults for OML/cmm/m/it on input line 97.
LaTeX Font Info:    ... okay on input line 97.
LaTeX Font Info:    Checking defaults for T1/cmr/m/n on input line 97.
LaTeX Font Info:    ... okay on input line 97.
LaTeX Font Info:    Checking defaults for OT1/cmr/m/n on input line 97.
LaTeX Font Info:    ... okay on input line 97.
LaTeX Font Info:    Checking defaults for OMS/cmsy/m/n on input line 97.
LaTeX Font Info:    ... okay on input line 97.
LaTeX Font Info:    Checking defaults for OMX/cmex/m/n on input line 97.
LaTeX Font Info:    ... okay on input line 97.
LaTeX Font Info:    Checking defaults for U/cmr/m/n on input line 97.
LaTeX Font Info:    ... okay on input line 97.
latex2htmlLength hsize=349.0pt
latex2htmlLength vsize=694.0437pt
latex2htmlLength hoffset=0.0pt
latex2htmlLength voffset=0.0pt
latex2htmlLength topmargin=0.0pt
latex2htmlLength topskip=0.00003pt
latex2htmlLength headheight=0.0pt
latex2htmlLength headsep=0.0pt
latex2htmlLength parskip=3.0pt plus 1.0pt minus 1.0pt
latex2htmlLength oddsidemargin=-18.06749pt
latex2htmlLength evensidemargin=-18.06749pt
l2hSize :tex2html_wrap1886:10.88248pt::3.4pt::349.0pt.
[1




]
l2hSize :tex2html_wrap1888:10.88248pt::3.4pt::349.0pt.
[2


]
l2hSize :tex2html_wrap1890:11.00415pt::3.4pt::349.0pt.
[3


]
l2hSize :tex2html_wrap1892:10.88248pt::3.4pt::349.0pt.
[4


]
l2hSize :tex2html_wrap1902:11.00415pt::3.4pt::349.0pt.
[5


]
l2hSize :tex2html_wrap1904:11.00415pt::3.4pt::349.0pt.
[6


]
l2hSize :tex2html_wrap1944:11.00415pt::5.52916pt::349.0pt.
[7


]
l2hSize :tex2html_wrap1946:11.00415pt::3.4pt::349.0pt.
[8


] (images.aux) ) 
Here is how much of TeX's memory you used:
 1209 strings out of 10901
 15723 string characters out of 70971
 57387 words of memory out of 263001
 4178 multiletter control sequences out of 10000+0
 3940 words of font info for 15 fonts, out of 400000 for 1000
 14 hyphenation exceptions out of 1000
 30i,6n,40p,185b,222s stack positions out of 300i,100n,500p,50000b,4000s

Output written on images.dvi (8 pages, 2092 bytes).
