This is pdfTeX, Version 3.1415926-1.40.10 (TeX Live 2009) (format=pdflatex 2009.11.7)  17 DEC 2010 03:51
entering extended mode
 \write18 enabled.
 %&-line parsing enabled.
**MMS_and_Convergence_Study.tex
(./MMS_and_Convergence_Study.tex
LaTeX2e <2009/09/24>
Babel <v3.8l> and hyphenation patterns for english, usenglishmax, dumylang, noh
yphenation, german-x-2009-06-19, ngerman-x-2009-06-19, ancientgreek, ibycus, ar
abic, basque, bulgarian, catalan, pinyin, coptic, croatian, czech, danish, dutc
h, esperanto, estonian, farsi, finnish, french, galician, german, ngerman, mono
greek, greek, hungarian, icelandic, indonesian, interlingua, irish, italian, ku
rmanji, latin, latvian, lithuanian, mongolian, mongolian2a, bokmal, nynorsk, po
lish, portuguese, romanian, russian, sanskrit, serbian, slovak, slovenian, span
ish, swedish, turkish, ukenglish, ukrainian, uppersorbian, welsh, loaded.
(/usr/local/texlive/2009/texmf-dist/tex/latex/base/article.cls
Document Class: article 2007/10/19 v1.4h Standard LaTeX document class
(/usr/local/texlive/2009/texmf-dist/tex/latex/base/size10.clo
File: size10.clo 2007/10/19 v1.4h Standard LaTeX file (size option)
)
\c@part=\count79
\c@section=\count80
\c@subsection=\count81
\c@subsubsection=\count82
\c@paragraph=\count83
\c@subparagraph=\count84
\c@figure=\count85
\c@table=\count86
\abovecaptionskip=\skip41
\belowcaptionskip=\skip42
\bibindent=\dimen102
)
(/usr/local/texlive/2009/texmf-dist/tex/latex/cite/cite.sty
LaTeX Info: Redefining \cite on input line 285.
LaTeX Info: Redefining \nocite on input line 356.
Package: cite 2009/08/29  v 5.2
)
(/usr/local/texlive/2009/texmf-dist/tex/latex/graphics/graphicx.sty
Package: graphicx 1999/02/16 v1.0f Enhanced LaTeX Graphics (DPC,SPQR)

(/usr/local/texlive/2009/texmf-dist/tex/latex/graphics/keyval.sty
Package: keyval 1999/03/16 v1.13 key=value parser (DPC)
\KV@toks@=\toks14
)
(/usr/local/texlive/2009/texmf-dist/tex/latex/graphics/graphics.sty
Package: graphics 2009/02/05 v1.0o Standard LaTeX Graphics (DPC,SPQR)

(/usr/local/texlive/2009/texmf-dist/tex/latex/graphics/trig.sty
Package: trig 1999/03/16 v1.09 sin cos tan (DPC)
)
(/usr/local/texlive/2009/texmf-dist/tex/latex/latexconfig/graphics.cfg
File: graphics.cfg 2009/08/28 v1.8 graphics configuration of TeX Live
)
Package graphics Info: Driver file: pdftex.def on input line 91.

(/usr/local/texlive/2009/texmf-dist/tex/latex/pdftex-def/pdftex.def
File: pdftex.def 2009/08/25 v0.04m Graphics/color for pdfTeX
\Gread@gobject=\count87
))
\Gin@req@height=\dimen103
\Gin@req@width=\dimen104
)
(/usr/local/texlive/2009/texmf-dist/tex/latex/subfigure/subfigure.sty
Package: subfigure 2002/03/15 v2.1.5 subfigure package
\subfigtopskip=\skip43
\subfigcapskip=\skip44
\subfigcaptopadj=\dimen105
\subfigbottomskip=\skip45
\subfigcapmargin=\dimen106
\subfiglabelskip=\skip46
\c@subfigure=\count88
\c@lofdepth=\count89
\c@subtable=\count90
\c@lotdepth=\count91

****************************************
* Local config file subfigure.cfg used *
****************************************
(/usr/local/texlive/2009/texmf-dist/tex/latex/subfigure/subfigure.cfg)
\subfig@top=\skip47
\subfig@bottom=\skip48
)
(/usr/local/texlive/2009/texmf-dist/tex/latex/psfrag/psfrag.sty
Package: psfrag 1998/04/11 v3.04 PSfrag (MCG)
\pfg@pcount=\count92
\pfg@scount=\count93
\pfg@temp=\write3
)
(/usr/local/texlive/2009/texmf-dist/tex/latex/amsmath/amsmath.sty
Package: amsmath 2000/07/18 v2.13 AMS math features
\@mathmargin=\skip49

For additional information on amsmath, use the `?' option.
(/usr/local/texlive/2009/texmf-dist/tex/latex/amsmath/amstext.sty
Package: amstext 2000/06/29 v2.01

(/usr/local/texlive/2009/texmf-dist/tex/latex/amsmath/amsgen.sty
File: amsgen.sty 1999/11/30 v2.0
\@emptytoks=\toks15
\ex@=\dimen107
))
(/usr/local/texlive/2009/texmf-dist/tex/latex/amsmath/amsbsy.sty
Package: amsbsy 1999/11/29 v1.2d
\pmbraise@=\dimen108
)
(/usr/local/texlive/2009/texmf-dist/tex/latex/amsmath/amsopn.sty
Package: amsopn 1999/12/14 v2.01 operator names
)
\inf@bad=\count94
LaTeX Info: Redefining \frac on input line 211.
\uproot@=\count95
\leftroot@=\count96
LaTeX Info: Redefining \overline on input line 307.
\classnum@=\count97
\DOTSCASE@=\count98
LaTeX Info: Redefining \ldots on input line 379.
LaTeX Info: Redefining \dots on input line 382.
LaTeX Info: Redefining \cdots on input line 467.
\Mathstrutbox@=\box26
\strutbox@=\box27
\big@size=\dimen109
LaTeX Font Info:    Redeclaring font encoding OML on input line 567.
LaTeX Font Info:    Redeclaring font encoding OMS on input line 568.
\macc@depth=\count99
\c@MaxMatrixCols=\count100
\dotsspace@=\muskip10
\c@parentequation=\count101
\dspbrk@lvl=\count102
\tag@help=\toks16
\row@=\count103
\column@=\count104
\maxfields@=\count105
\andhelp@=\toks17
\eqnshift@=\dimen110
\alignsep@=\dimen111
\tagshift@=\dimen112
\tagwidth@=\dimen113
\totwidth@=\dimen114
\lineht@=\dimen115
\@envbody=\toks18
\multlinegap=\skip50
\multlinetaggap=\skip51
\mathdisplay@stack=\toks19
LaTeX Info: Redefining \[ on input line 2666.
LaTeX Info: Redefining \] on input line 2667.
)
(/usr/local/texlive/2009/texmf-dist/tex/latex/graphics/color.sty
Package: color 2005/11/14 v1.0j Standard LaTeX Color (DPC)

(/usr/local/texlive/2009/texmf-dist/tex/latex/latexconfig/color.cfg
File: color.cfg 2007/01/18 v1.5 color configuration of teTeX/TeXLive
)
Package color Info: Driver file: pdftex.def on input line 130.
)
(./MMS_and_Convergence_Study.aux)
\openout1 = `MMS_and_Convergence_Study.aux'.

LaTeX Font Info:    Checking defaults for OML/cmm/m/it on input line 15.
LaTeX Font Info:    ... okay on input line 15.
LaTeX Font Info:    Checking defaults for T1/cmr/m/n on input line 15.
LaTeX Font Info:    ... okay on input line 15.
LaTeX Font Info:    Checking defaults for OT1/cmr/m/n on input line 15.
LaTeX Font Info:    ... okay on input line 15.
LaTeX Font Info:    Checking defaults for OMS/cmsy/m/n on input line 15.
LaTeX Font Info:    ... okay on input line 15.
LaTeX Font Info:    Checking defaults for OMX/cmex/m/n on input line 15.
LaTeX Font Info:    ... okay on input line 15.
LaTeX Font Info:    Checking defaults for U/cmr/m/n on input line 15.
LaTeX Font Info:    ... okay on input line 15.

(/usr/local/texlive/2009/texmf-dist/tex/context/base/supp-pdf.mkii
[Loading MPS to PDF converter (version 2006.09.02).]
\scratchcounter=\count106
\scratchdimen=\dimen116
\scratchbox=\box28
\nofMPsegments=\count107
\nofMParguments=\count108
\everyMPshowfont=\toks20
\MPscratchCnt=\count109
\MPscratchDim=\dimen117
\MPnumerator=\count110
\everyMPtoPDFconversion=\toks21
) [1
Non-PDF special ignored!

{/usr/local/texlive/2009/texmf-var/fonts/map/pdftex/updmap/pdftex.map}]
LaTeX Font Info:    Try loading font information for OMS+cmr on input line 64.
 (/usr/local/texlive/2009/texmf-dist/tex/latex/base/omscmr.fd
File: omscmr.fd 1999/05/25 v2.5h Standard LaTeX font definitions
)
LaTeX Font Info:    Font shape `OMS/cmr/m/n' in size <10> not available
(Font)              Font shape `OMS/cmsy/m/n' tried instead on input line 64.

Overfull \hbox (19.47298pt too wide) in paragraph at lines 64--66
\OT1/cmr/m/n/10 ``uin-tah/src/CCA/Components/Wasatch/Expressions/MMS/TaylorVort
ex.h"
 []


Overfull \hbox (9.72285pt too wide) in paragraph at lines 64--66
\OT1/cmr/m/n/10 with tem-plate vari-ables and they can be ac-ces-si-ble from ``
Tay-lor-Vor-texMMS"
 []


Overfull \hbox (13.55629pt too wide) in paragraph at lines 66--68
\OT1/cmr/m/n/10 ``uintah/src/CCA/Components/Wasatch/Expressions/BasicExprBuilde
r.cc"
 []

[2]

LaTeX Warning: Command \textunderscore invalid in math mode on input line 68.


LaTeX Warning: Command \textunderscore invalid in math mode on input line 68.


Overfull \hbox (3.4785pt too wide) in paragraph at lines 68--69
\OT1/cmr/m/n/10 ``uintah/src/StandAlone/inputs/UPS$[]$SPEC/wasatch$[]$spec.xml"
 which has
 []


LaTeX Warning: No positions in optional float specifier.
               Default added (so using `tbp') on input line 76.

<t_0.png, id=16, 1027.84pt x 973.6375pt>
File: t_0.png Graphic file (type png)
 <use t_0.png>
<t_1_5.png, id=17, 1027.84pt x 973.6375pt>
File: t_1_5.png Graphic file (type png)
 <use t_1_5.png>
<t_3_2.png, id=18, 1027.84pt x 973.6375pt>
File: t_3_2.png Graphic file (type png)
 <use t_3_2.png>
<t_5.png, id=19, 1027.84pt x 973.6375pt>
File: t_5.png Graphic file (type png)
 <use t_5.png> [3] [4 <./t_0.png (PNG copy)> <./t_1_5.png (PNG copy)> <./t_3_2.
png (PNG copy)> <./t_5.png (PNG copy)>]
Underfull \hbox (badness 10000) in paragraph at lines 138--159

 []


Underfull \hbox (badness 10000) in paragraph at lines 138--159

 []

[5] <grid_conv_velx_dx.pdf, id=30, 515.9275pt x 385.44pt>
File: grid_conv_velx_dx.pdf Graphic file (type pdf)

<use grid_conv_velx_dx.pdf>
<grid_conv_vely_dx.pdf, id=31, 539.01375pt x 398.48875pt>
File: grid_conv_vely_dx.pdf Graphic file (type pdf)

<use grid_conv_vely_dx.pdf>
<grid_conv_velx_dt.pdf, id=32, 538.01pt x 402.50375pt>
File: grid_conv_velx_dt.pdf Graphic file (type pdf)

<use grid_conv_velx_dt.pdf>
<grid_conv_vely_dt.pdf, id=33, 513.92pt x 373.395pt>
File: grid_conv_vely_dt.pdf Graphic file (type pdf)

<use grid_conv_vely_dt.pdf>

LaTeX Warning: `h' float specifier changed to `ht'.

[6] [7 <./grid_conv_velx_dx.pdf> <./grid_conv_vely_dx.pdf> <./grid_conv_velx_dt
.pdf> <./grid_conv_vely_dt.pdf>] (./MMS_and_Convergence_Study.bbl) [8

]
(./MMS_and_Convergence_Study.aux)

LaTeX Warning: Label(s) may have changed. Rerun to get cross-references right.

 ) 
Here is how much of TeX's memory you used:
 1946 strings out of 493848
 24650 string characters out of 3149207
 79666 words of memory out of 3000000
 5221 multiletter control sequences out of 15000+200000
 8754 words of font info for 32 fonts, out of 3000000 for 9000
 714 hyphenation exceptions out of 8191
 27i,7n,24p,675b,249s stack positions out of 5000i,500n,10000p,200000b,50000s
</usr/local/texlive/2009/texmf-dist/fonts/type1/public/amsfonts/cm/cmbx12.pfb
></usr/local/texlive/2009/texmf-dist/fonts/type1/public/amsfonts/cm/cmmi10.pfb>
</usr/local/texlive/2009/texmf-dist/fonts/type1/public/amsfonts/cm/cmmi7.pfb></
usr/local/texlive/2009/texmf-dist/fonts/type1/public/amsfonts/cm/cmr10.pfb></us
r/local/texlive/2009/texmf-dist/fonts/type1/public/amsfonts/cm/cmr12.pfb></usr/
local/texlive/2009/texmf-dist/fonts/type1/public/amsfonts/cm/cmr17.pfb></usr/lo
cal/texlive/2009/texmf-dist/fonts/type1/public/amsfonts/cm/cmr7.pfb></usr/local
/texlive/2009/texmf-dist/fonts/type1/public/amsfonts/cm/cmr8.pfb></usr/local/te
xlive/2009/texmf-dist/fonts/type1/public/amsfonts/cm/cmsy10.pfb></usr/local/tex
live/2009/texmf-dist/fonts/type1/public/amsfonts/cm/cmti10.pfb>
Output written on MMS_and_Convergence_Study.pdf (8 pages, 404826 bytes).
PDF statistics:
 213 PDF objects out of 1000 (max. 8388607)
 0 named destinations out of 1000 (max. 500000)
 41 words of extra memory for PDF output out of 10000 (max. 10000000)

