This is TeX, Version 3.14159 (C version 6.1) (format=latex 98.11.18)  4 APR 2000 17:55
**describeResults.tex
(describeResults.tex
LaTeX2e <1996/12/01> patch level 1
Babel <v3.6h> and hyphenation patterns for american, german, loaded.
(/usr/freeware/teTeX/texmf/tex/latex/base/article.cls
Document Class: article 1996/10/31 v1.3u Standard LaTeX document class
(/usr/freeware/teTeX/texmf/tex/latex/base/fleqn.clo
File: fleqn.clo 1996/07/26 v1.1b Standard LaTeX option (flush left equations)
\mathindent=\dimen102
)
(/usr/freeware/teTeX/texmf/tex/latex/base/size10.clo
File: size10.clo 1996/10/31 v1.3u Standard LaTeX file (size option)
)
\c@part=\count79
\c@section=\count80
\c@subsection=\count81
\c@subsubsection=\count82
\c@paragraph=\count83
\c@subparagraph=\count84
\c@figure=\count85
\c@table=\count86
\abovecaptionskip=\skip41
\belowcaptionskip=\skip42
\bibindent=\dimen103
)
(/usr/freeware/teTeX/texmf/tex/latex/amslatex/amsmath.sty
Package: amsmath 1996/11/01 v1.2c AMS math features
\@mathmargin=\skip43

(/usr/freeware/teTeX/texmf/tex/latex/amslatex/amstext.sty
Package: amstext 1996/10/28 v1.2b

(/usr/freeware/teTeX/texmf/tex/latex/amslatex/amsgen.sty
File: amsgen 1996/10/29 v1.2b
\@emptytoks=\toks14
\ex@=\dimen104
))
(/usr/freeware/teTeX/texmf/tex/latex/amslatex/amsbsy.sty
Package: amsbsy 1996/10/28 v1.2b
\pmbraise@=\dimen105
)
(/usr/freeware/teTeX/texmf/tex/latex/amslatex/amsopn.sty
Package: amsopn 1996/10/28 v1.2b operator names
)
LaTeX Info: Redefining \frac on input line 188.
\uproot@=\count87
\leftroot@=\count88
\classnum@=\count89
\DOTSCASE@=\count90
LaTeX Info: Redefining \dots on input line 335.
LaTeX Info: Redefining \ldots on input line 418.
LaTeX Info: Redefining \cdots on input line 422.
\Mathstrutbox@=\box26
\strutbox@=\box27
\big@size=\dimen106
LaTeX Font Info:    Redeclaring font encoding OML on input line 500.
LaTeX Font Info:    Redeclaring font encoding OMS on input line 501.
\skewcharcount@=\count91
\familycount@=\count92
\pointcount@=\count93
\accentdimen@=\dimen107
\accentmu@=\count94
\minaw@=\dimen108
\c@MaxMatrixCols=\count95
\dotsspace@=\muskip10
\c@parentequation=\count96
\dspbrk@lvl=\count97
\tag@help=\toks15
\row@=\count98
\column@=\count99
\maxfields@=\count100
\andhelp@=\toks16
\eqnshift@=\dimen109
\alignsep@=\dimen110
\tagshift@=\dimen111
\tagwidth@=\dimen112
\totwidth@=\dimen113
\lineht@=\dimen114
\@envbody=\toks17
\multlinegap=\skip44
\multlinetaggap=\skip45
)
(/usr/freeware/teTeX/texmf/tex/latex/graphics/graphicx.sty
Package: graphicx 1999/02/16 v1.0f Enhanced LaTeX Graphics (DPC,SPQR)

(/usr/freeware/teTeX/texmf/tex/latex/graphics/keyval.sty
Package: keyval 1999/03/16 v1.13 key=value parser (DPC)
\KV@toks@=\toks18
)
(/usr/freeware/teTeX/texmf/tex/latex/graphics/graphics.sty
Package: graphics 1999/02/16 v1.0l Standard LaTeX Graphics (DPC,SPQR)

(/usr/freeware/teTeX/texmf/tex/latex/graphics/trig.sty
Package: trig 1999/03/16 v1.09 sin cos tan (DPC)
)
(/usr/freeware/teTeX/texmf/tex/latex/config/graphics.cfg)
Package graphics Info: Driver file: dvips.def on input line 80.

(/usr/freeware/teTeX/texmf/tex/latex/graphics/dvips.def
File: dvips.def 1999/02/16 v3.0i Driver-dependant file (DPC,SPQR)
))
\Gin@req@height=\dimen115
\Gin@req@width=\dimen116
)
(/usr/freeware/teTeX/texmf/tex/latex/misc/vmargin.sty
(/usr/freeware/teTeX/texmf/tex/latex/misc/Vmargin.sty
Style `Vmargin', V2.1, 20 Sep 1994
\PaperWidth=\dimen117
\PaperHeight=\dimen118
)) (/usr/freeware/teTeX/texmf/tex/latex/misc/pslatex.sty
Package: pslatex 1996/07/24 v1.2 pslatex emulation (DPC)
LaTeX Font Info:    Redeclaring symbol font `operators' on input line 61.
LaTeX Font Info:    Overwriting symbol font `operators' in version `normal'
(Font)                  OT1/cmr/m/n --> OT1/ptmcm/m/n on input line 61.
LaTeX Font Info:    Overwriting symbol font `operators' in version `bold'
(Font)                  OT1/cmr/bx/n --> OT1/ptmcm/m/n on input line 61.
LaTeX Font Info:    Redeclaring symbol font `letters' on input line 62.
LaTeX Font Info:    Overwriting symbol font `letters' in version `normal'
(Font)                  OML/cmm/m/it --> OML/ptmcm/m/it on input line 62.
LaTeX Font Info:    Overwriting symbol font `letters' in version `bold'
(Font)                  OML/cmm/b/it --> OML/ptmcm/m/it on input line 62.
LaTeX Font Info:    Redeclaring symbol font `symbols' on input line 63.
LaTeX Font Info:    Overwriting symbol font `symbols' in version `normal'
(Font)                  OMS/cmsy/m/n --> OMS/pzccm/m/n on input line 63.
LaTeX Font Info:    Overwriting symbol font `symbols' in version `bold'
(Font)                  OMS/cmsy/b/n --> OMS/pzccm/m/n on input line 63.
LaTeX Font Info:    Redeclaring symbol font `largesymbols' on input line 64.
LaTeX Font Info:    Overwriting symbol font `largesymbols' in version `normal'
(Font)                  OMX/cmex/m/n --> OMX/psycm/m/n on input line 64.
LaTeX Font Info:    Overwriting symbol font `largesymbols' in version `bold'
(Font)                  OMX/cmex/m/n --> OMX/psycm/m/n on input line 64.
\symbold=\mathgroup4
\symitalic=\mathgroup5
LaTeX Font Info:    Redeclaring math alphabet \mathbf on input line 70.
LaTeX Font Info:    Overwriting math alphabet `\mathbf' in version `normal'
(Font)                  OT1/cmr/bx/n --> OT1/ptm/bx/n on input line 70.
LaTeX Font Info:    Overwriting math alphabet `\mathbf' in version `bold'
(Font)                  OT1/cmr/bx/n --> OT1/ptm/bx/n on input line 70.
LaTeX Font Info:    Redeclaring math alphabet \mathit on input line 71.
LaTeX Font Info:    Overwriting math alphabet `\mathit' in version `normal'
(Font)                  OT1/cmr/m/it --> OT1/ptm/m/it on input line 71.
LaTeX Font Info:    Overwriting math alphabet `\mathit' in version `bold'
(Font)                  OT1/cmr/bx/it --> OT1/ptm/m/it on input line 71.
) (describeResults.aux

LaTeX Warning: Label `fig:p_eq' multiply defined.


LaTeX Warning: Label `fig:p_eq' multiply defined.

)
LaTeX Font Info:    Checking defaults for OML/cmm/m/it on input line 15.
LaTeX Font Info:    ... okay on input line 15.
LaTeX Font Info:    Checking defaults for T1/cmr/m/n on input line 15.
LaTeX Font Info:    ... okay on input line 15.
LaTeX Font Info:    Checking defaults for OT1/cmr/m/n on input line 15.
LaTeX Font Info:    ... okay on input line 15.
LaTeX Font Info:    Checking defaults for OMS/pzccm/m/n on input line 15.
LaTeX Font Info:    Try loading font information for OMS+pzccm on input line 15
.
 (/usr/freeware/teTeX/texmf/tex/latex/psnfss/omspzccm.fd
File: OMSpzccm.fd 1995/12/21 Fontinst v1.500 font definitions for OMS/pzccm.
)
LaTeX Font Info:    ... okay on input line 15.
LaTeX Font Info:    Checking defaults for OMX/cmex/m/n on input line 15.
LaTeX Font Info:    ... okay on input line 15.
LaTeX Font Info:    Checking defaults for U/cmr/m/n on input line 15.
LaTeX Font Info:    ... okay on input line 15.
LaTeX Font Info:    Font shape `OT1/ptm/bx/n' in size <14.4> not available
(Font)              Font shape `OT1/ptm/b/n' tried instead on input line 19.
LaTeX Font Info:    Try loading font information for OT1+ptmcm on input line 21
.

(/usr/freeware/teTeX/texmf/tex/latex/psnfss/ot1ptmcm.fd
File: OT1ptmcm.fd 1995/12/21 Fontinst v1.500 font definitions for OT1/ptmcm.
)
LaTeX Font Info:    Try loading font information for OML+ptmcm on input line 21
.

(/usr/freeware/teTeX/texmf/tex/latex/psnfss/omlptmcm.fd
File: OMLptmcm.fd 1995/12/21 Fontinst v1.500 font definitions for OML/ptmcm.
)
LaTeX Font Info:    Try loading font information for OMX+psycm on input line 21
.

(/usr/freeware/teTeX/texmf/tex/latex/psnfss/omxpsycm.fd
File: OMXpsycm.fd 1995/12/21 Fontinst v1.500 font definitions for OMX/psycm.
)
LaTeX Font Info:    Font shape `OT1/ptm/bx/n' in size <10> not available
(Font)              Font shape `OT1/ptm/b/n' tried instead on input line 21.
LaTeX Font Info:    Font shape `OT1/ptm/bx/n' in size <6> not available
(Font)              Font shape `OT1/ptm/b/n' tried instead on input line 21.
LaTeX Font Info:    Font shape `OT1/ptm/bx/n' in size <5> not available
(Font)              Font shape `OT1/ptm/b/n' tried instead on input line 21.
File: Rieman_2.ps Graphic file (type eps)
 <Rieman_2.ps>
Overfull \hbox (54.38757pt too wide) in paragraph at lines 30--31
[][] 
 []

File: Rieman_3.ps Graphic file (type eps)
<Rieman_3.ps>
Overfull \hbox (54.38757pt too wide) in paragraph at lines 36--37
[][] 
 []


LaTeX Warning: `h' float specifier changed to `ht'.

File: Rieman_1.ps Graphic file (type eps)
<Rieman_1.ps>
Overfull \hbox (54.38757pt too wide) in paragraph at lines 42--43
[][] 
 []


LaTeX Warning: `h' float specifier changed to `ht'.

[1

] [2] [3] (describeResults.aux)

LaTeX Warning: There were multiply-defined labels.

 ) 
Here is how much of TeX's memory you used:
 1413 strings out of 10906
 15492 string characters out of 70968
 61599 words of memory out of 262141
 4255 multiletter control sequences out of 9500
 13195 words of font info for 35 fonts, out of 150000 for 255
 14 hyphenation exceptions out of 607
 28i,5n,25p,260b,318s stack positions out of 300i,40n,60p,3000b,4000s

Output written on describeResults.dvi (3 pages, 2712 bytes).
