100.   100.   100.   100.   100.   100.   100.   100.   100.   100.   100.   100.   100.   100.   100.   100.   100.   100.   100.   100.   100.   100.   100.   100.   100.   100.   100.   100.   100.   100.   100.   100.   100.   100.   
100.   99.984   99.970   99.955   99.941   99.927   99.914   99.902   99.891   99.880   99.871   99.863   99.856   99.850   99.846   99.843   99.842   99.842   99.843   99.846   99.850   99.856   99.863   99.871   99.880   99.891   99.902   99.914   99.927   99.941   99.955   99.970   99.984   100.   
100.   99.970   99.940   99.911   99.883   99.855   99.830   99.805   99.783   99.762   99.743   99.727   99.713   99.702   99.694   99.688   99.685   99.685   99.688   99.694   99.702   99.713   99.727   99.743   99.762   99.783   99.805   99.830   99.855   99.883   99.911   99.940   99.970   100.   
100.   99.955   99.911   99.868   99.826   99.785   99.746   99.710   99.677   99.646   99.618   99.594   99.574   99.557   99.545   99.536   99.532   99.532   99.536   99.545   99.557   99.574   99.594   99.618   99.646   99.677   99.710   99.746   99.785   99.826   99.868   99.911   99.955   100.   
100.   99.941   99.883   99.826   99.770   99.717   99.666   99.618   99.574   99.533   99.497   99.465   99.438   99.416   99.400   99.389   99.383   99.383   99.389   99.400   99.416   99.438   99.465   99.497   99.533   99.574   99.618   99.666   99.717   99.770   99.826   99.883   99.941   100.   
100.   99.927   99.856   99.785   99.717   99.651   99.588   99.529   99.475   99.425   99.380   99.341   99.307   99.281   99.260   99.246   99.240   99.240   99.246   99.260   99.281   99.307   99.341   99.380   99.425   99.475   99.529   99.588   99.651   99.717   99.785   99.856   99.927   100.   
100.   99.914   99.830   99.747   99.666   99.588   99.514   99.445   99.380   99.321   99.269   99.222   99.183   99.152   99.128   99.111   99.103   99.103   99.111   99.128   99.152   99.183   99.222   99.269   99.321   99.380   99.445   99.514   99.588   99.666   99.747   99.830   99.914   100.   
100.   99.902   99.805   99.711   99.618   99.530   99.445   99.366   99.292   99.225   99.164   99.111   99.067   99.030   99.003   98.984   98.975   98.975   98.984   99.003   99.030   99.067   99.111   99.164   99.225   99.292   99.366   99.445   99.530   99.618   99.711   99.805   99.902   100.   
100.   99.891   99.783   99.677   99.574   99.475   99.381   99.292   99.210   99.135   99.067   99.009   98.959   98.918   98.888   98.867   98.857   98.857   98.867   98.888   98.918   98.959   99.009   99.067   99.135   99.210   99.292   99.381   99.475   99.574   99.677   99.783   99.891   100.   
100.   99.880   99.762   99.647   99.534   99.426   99.322   99.225   99.135   99.053   98.979   98.915   98.860   98.816   98.782   98.760   98.749   98.749   98.760   98.782   98.816   98.860   98.915   98.979   99.053   99.135   99.225   99.322   99.426   99.534   99.647   99.762   99.880   100.   
100.   99.871   99.744   99.619   99.498   99.381   99.270   99.166   99.069   98.980   98.901   98.831   98.772   98.725   98.689   98.664   98.652   98.652   98.664   98.689   98.725   98.772   98.831   98.901   98.980   99.069   99.166   99.270   99.381   99.498   99.619   99.744   99.871   100.   
100.   99.863   99.728   99.596   99.467   99.343   99.225   99.114   99.011   98.916   98.832   98.758   98.696   98.645   98.607   98.581   98.568   98.568   98.581   98.607   98.645   98.696   98.758   98.832   98.916   99.011   99.114   99.225   99.343   99.467   99.596   99.728   99.863   100.   
100.   99.857   99.715   99.576   99.441   99.310   99.186   99.070   98.962   98.863   98.774   98.697   98.631   98.578   98.538   98.511   98.497   98.497   98.511   98.538   98.578   98.631   98.697   98.774   98.863   98.962   99.070   99.186   99.310   99.441   99.576   99.715   99.857   100.   
100.   99.851   99.704   99.560   99.419   99.284   99.156   99.035   98.922   98.820   98.728   98.648   98.580   98.524   98.482   98.454   98.440   98.440   98.454   98.482   98.524   98.580   98.648   98.728   98.820   98.922   99.035   99.156   99.284   99.419   99.560   99.704   99.851   100.   
100.   99.847   99.696   99.548   99.403   99.265   99.133   99.008   98.893   98.788   98.693   98.611   98.541   98.484   98.441   98.412   98.398   98.398   98.412   98.441   98.484   98.541   98.611   98.693   98.788   98.893   99.008   99.133   99.265   99.403   99.548   99.696   99.847   100.   
100.   99.844   99.691   99.540   99.393   99.252   99.118   98.991   98.874   98.767   98.671   98.587   98.516   98.458   98.414   98.385   98.370   98.370   98.385   98.414   98.458   98.516   98.587   98.671   98.767   98.874   98.991   99.118   99.252   99.393   99.540   99.691   99.844   100.   
100.   99.843   99.688   99.536   99.388   99.246   99.110   98.983   98.864   98.756   98.660   98.575   98.503   98.445   98.401   98.371   98.357   98.357   98.371   98.401   98.445   98.503   98.575   98.660   98.756   98.864   98.983   99.110   99.246   99.388   99.536   99.688   99.843   100.   
100.   99.843   99.688   99.536   99.388   99.245   99.109   98.982   98.863   98.755   98.658   98.574   98.502   98.444   98.400   98.370   98.355   98.355   98.370   98.400   98.444   98.502   98.574   98.658   98.755   98.863   98.982   99.109   99.245   99.388   99.536   99.688   99.843   100.   
100.   99.844   99.690   99.539   99.392   99.251   99.116   98.989   98.872   98.765   98.669   98.584   98.513   98.455   98.412   98.382   98.367   98.367   98.382   98.412   98.455   98.513   98.584   98.669   98.765   98.872   98.989   99.116   99.251   99.392   99.539   99.690   99.844   100.   
100.   99.847   99.696   99.547   99.403   99.264   99.131   99.007   98.891   98.786   98.691   98.609   98.539   98.482   98.439   98.410   98.395   98.395   98.410   98.439   98.482   98.539   98.609   98.691   98.786   98.891   99.007   99.131   99.264   99.403   99.547   99.696   99.847   100.   
100.   99.851   99.704   99.559   99.418   99.283   99.154   99.033   98.921   98.818   98.726   98.646   98.577   98.522   98.480   98.452   98.438   98.438   98.452   98.480   98.522   98.577   98.646   98.726   98.818   98.921   99.033   99.154   99.283   99.418   99.559   99.704   99.851   100.   
100.   99.856   99.714   99.575   99.440   99.309   99.185   99.068   98.960   98.861   98.772   98.695   98.629   98.576   98.536   98.508   98.495   98.495   98.508   98.536   98.576   98.629   98.695   98.772   98.861   98.960   99.068   99.185   99.309   99.440   99.575   99.714   99.856   100.   
100.   99.863   99.728   99.595   99.466   99.342   99.223   99.112   99.009   98.915   98.830   98.756   98.694   98.643   98.605   98.579   98.566   98.566   98.579   98.605   98.643   98.694   98.756   98.830   98.915   99.009   99.112   99.223   99.342   99.466   99.595   99.728   99.863   100.   
100.   99.871   99.744   99.619   99.497   99.380   99.269   99.164   99.067   98.978   98.899   98.829   98.771   98.723   98.686   98.662   98.650   98.650   98.662   98.686   98.723   98.771   98.829   98.899   98.978   99.067   99.164   99.269   99.380   99.497   99.619   99.744   99.871   100.   
100.   99.880   99.762   99.646   99.533   99.425   99.321   99.224   99.134   99.052   98.978   98.913   98.858   98.814   98.780   98.758   98.747   98.747   98.758   98.780   98.814   98.858   98.913   98.978   99.052   99.134   99.224   99.321   99.425   99.533   99.646   99.762   99.880   100.   
100.   99.891   99.783   99.677   99.574   99.474   99.380   99.291   99.209   99.133   99.066   99.007   98.957   98.916   98.886   98.865   98.855   98.855   98.865   98.886   98.916   98.957   99.007   99.066   99.133   99.209   99.291   99.380   99.474   99.574   99.677   99.783   99.891   100.   
100.   99.902   99.805   99.710   99.618   99.529   99.444   99.365   99.291   99.223   99.163   99.110   99.065   99.029   99.001   98.983   98.974   98.974   98.983   99.001   99.029   99.065   99.110   99.163   99.223   99.291   99.365   99.444   99.529   99.618   99.710   99.805   99.902   100.   
100.   99.914   99.829   99.746   99.665   99.588   99.514   99.444   99.379   99.320   99.267   99.221   99.182   99.150   99.126   99.110   99.102   99.102   99.110   99.126   99.150   99.182   99.221   99.267   99.320   99.379   99.444   99.514   99.588   99.665   99.746   99.829   99.914   100.   
100.   99.927   99.855   99.785   99.716   99.650   99.588   99.528   99.474   99.424   99.379   99.340   99.306   99.279   99.259   99.245   99.238   99.238   99.245   99.259   99.279   99.306   99.340   99.379   99.424   99.474   99.528   99.588   99.650   99.716   99.785   99.855   99.927   100.   
100.   99.941   99.882   99.825   99.770   99.716   99.665   99.617   99.573   99.532   99.496   99.464   99.437   99.415   99.399   99.388   99.382   99.382   99.388   99.399   99.415   99.437   99.464   99.496   99.532   99.573   99.617   99.665   99.716   99.770   99.825   99.882   99.941   100.   
100.   99.955   99.911   99.867   99.825   99.785   99.746   99.710   99.676   99.645   99.618   99.594   99.573   99.556   99.544   99.535   99.531   99.531   99.535   99.544   99.556   99.573   99.594   99.618   99.645   99.676   99.710   99.746   99.785   99.825   99.867   99.911   99.955   100.   
100.   99.970   99.940   99.911   99.882   99.855   99.829   99.805   99.782   99.761   99.743   99.727   99.713   99.702   99.693   99.688   99.685   99.685   99.688   99.693   99.702   99.713   99.727   99.743   99.761   99.782   99.805   99.829   99.855   99.882   99.911   99.940   99.970   100.   
100.   99.984   99.970   99.955   99.941   99.927   99.914   99.902   99.890   99.880   99.871   99.862   99.856   99.850   99.846   99.843   99.841   99.841   99.843   99.846   99.850   99.856   99.862   99.871   99.880   99.890   99.902   99.914   99.927   99.941   99.955   99.970   99.984   100.   
100.   100.   100.   100.   100.   100.   100.   100.   100.   100.   100.   100.   100.   100.   100.   100.   100.   100.   100.   100.   100.   100.   100.   100.   100.   100.   100.   100.   100.   100.   100.   100.   100.   100.   
